2026-04-02 00:34:06,100 | INFO | Model built: 26.52M parameters
2026-04-02 00:34:07,244 | INFO | Model initialized successfully
2026-04-02 00:34:07,244 | INFO | ==================================================
2026-04-02 00:34:07,244 | INFO | Configuration:
2026-04-02 00:34:07,244 | INFO | ==================================================
2026-04-02 00:34:07,244 | INFO | 
[data]
2026-04-02 00:34:07,244 | INFO |   path: /mnt/LeGrosDisque/Julien/sianogramme/JUJU
2026-04-02 00:34:07,244 | INFO |   split_json: /mnt/LeGrosDisque/Julien/sianogramme/JUJU/split_manifest.json
2026-04-02 00:34:07,244 | INFO |   ratio: 0.9
2026-04-02 00:34:07,244 | INFO |   random_seed: 44
2026-04-02 00:34:07,244 | INFO |   batch_size: 6
2026-04-02 00:34:07,244 | INFO |   num_workers: 4
2026-04-02 00:34:07,244 | INFO |   L: None
2026-04-02 00:34:07,244 | INFO |   W_in: 64
2026-04-02 00:34:07,244 | INFO |   W: 64
2026-04-02 00:34:07,244 | INFO |   augment: True
2026-04-02 00:34:07,244 | INFO |   cp_unit: 12
2026-04-02 00:34:07,244 | INFO |   cp_height: 12
2026-04-02 00:34:07,245 | INFO |   cp_height_px: 12
2026-04-02 00:34:07,245 | INFO |   split_in_two: False
2026-04-02 00:34:07,245 | INFO |   patch_cp: 512
2026-04-02 00:34:07,245 | INFO |   patch_in_cp: 512
2026-04-02 00:34:07,245 | INFO |   patch_out_cp: 384
2026-04-02 00:34:07,245 | INFO |   halo_cp: 64
2026-04-02 00:34:07,245 | INFO |   jitter_cp: 32
2026-04-02 00:34:07,245 | INFO | 
[model]
2026-04-02 00:34:07,245 | INFO |   model_name: g1transunet_aniso_leafwise_v1
2026-04-02 00:34:07,245 | INFO |   in_ch_drr: 16
2026-04-02 00:34:07,245 | INFO |   out_ch: 1
2026-04-02 00:34:07,245 | INFO |   base_ch: 128
2026-04-02 00:34:07,245 | INFO |   depth: 4
2026-04-02 00:34:07,245 | INFO |   num_groups: 8
2026-04-02 00:34:07,245 | INFO |   film_extra_dim: 7
2026-04-02 00:34:07,245 | INFO |   use_sincos_angles: True
2026-04-02 00:34:07,245 | INFO |   film_hidden: 512
2026-04-02 00:34:07,245 | INFO |   film_embed_dim: 32
2026-04-02 00:34:07,245 | INFO |   film_embed_hidden: 64
2026-04-02 00:34:07,245 | INFO |   use_film_all_levels: True
2026-04-02 00:34:07,245 | INFO |   film_on_decoder: False
2026-04-02 00:34:07,245 | INFO |   stem_pre_k: 3
2026-04-02 00:34:07,245 | INFO |   shoulder_gate: True
2026-04-02 00:34:07,245 | INFO |   shoulder_oar_index_in_oars: 9
2026-04-02 00:34:07,245 | INFO |   anisotropic_leafwise: True
2026-04-02 00:34:07,245 | INFO |   film_light_mode: True
2026-04-02 00:34:07,245 | INFO |   early_width_mode: nearest
2026-04-02 00:34:07,245 | INFO |   use_resblocks: True
2026-04-02 00:34:07,245 | INFO |   res_dropout: 0.05
2026-04-02 00:34:07,245 | INFO |   bneck_dilated_blocks: 1
2026-04-02 00:34:07,245 | INFO |   bneck_dropout: 0.1
2026-04-02 00:34:07,246 | INFO |   bneck_horiz_blocks: 0
2026-04-02 00:34:07,246 | INFO |   bneck_horiz_k: 11
2026-04-02 00:34:07,246 | INFO |   bneck_horiz_dropout: 0.1
2026-04-02 00:34:07,246 | INFO |   use_transformer: False
2026-04-02 00:34:07,246 | INFO |   d_model: 256
2026-04-02 00:34:07,246 | INFO |   nhead: 8
2026-04-02 00:34:07,246 | INFO |   mlp_ratio: 4.0
2026-04-02 00:34:07,246 | INFO |   transformer_layers: 0
2026-04-02 00:34:07,246 | INFO |   use_ckpt: False
2026-04-02 00:34:07,246 | INFO |   pool_w_levels: 0
2026-04-02 00:34:07,246 | INFO |   pool_w_factor: 2
2026-04-02 00:34:07,246 | INFO |   shape_debug: False
2026-04-02 00:34:07,246 | INFO |   use_global_refiner: False
2026-04-02 00:34:07,246 | INFO |   refiner_hidden: 128
2026-04-02 00:34:07,246 | INFO |   refiner_layers: 4
2026-04-02 00:34:07,246 | INFO |   refiner_kernel_size: 5
2026-04-02 00:34:07,246 | INFO |   refiner_dilations: [1, 2, 4, 8]
2026-04-02 00:34:07,246 | INFO |   refiner_dropout: 0.05
2026-04-02 00:34:07,246 | INFO |   refiner_cond_dim: 32
2026-04-02 00:34:07,246 | INFO |   refiner_alpha_init: 0.0
2026-04-02 00:34:07,246 | INFO |   use_patch_cp_head: True
2026-04-02 00:34:07,246 | INFO |   patch_cp_head_hidden: 128
2026-04-02 00:34:07,246 | INFO |   patch_cp_head_layers: 3
2026-04-02 00:34:07,246 | INFO |   patch_cp_head_kernel_size: 5
2026-04-02 00:34:07,246 | INFO |   patch_cp_head_dilations: [1, 2, 4]
2026-04-02 00:34:07,246 | INFO |   patch_cp_head_dropout: 0.05
2026-04-02 00:34:07,246 | INFO |   patch_cp_head_alpha_init: 0.0
2026-04-02 00:34:07,246 | INFO | 
[training]
2026-04-02 00:34:07,246 | INFO |   n_epochs: 70
2026-04-02 00:34:07,246 | INFO |   learning_rate: 8e-05
2026-04-02 00:34:07,247 | INFO |   weight_decay: 1e-05
2026-04-02 00:34:07,247 | INFO |   accum_steps: 2
2026-04-02 00:34:07,247 | INFO |   use_amp: True
2026-04-02 00:34:07,247 | INFO |   amp_dtype: bf16
2026-04-02 00:34:07,247 | INFO |   clip_grad_norm: 0.5
2026-04-02 00:34:07,247 | INFO |   scheduler_patience: 5
2026-04-02 00:34:07,247 | INFO |   scheduler_factor: 0.5
2026-04-02 00:34:07,247 | INFO |   scheduler_min_lr: 1e-07
2026-04-02 00:34:07,247 | INFO |   scheduler_threshold: 0.0001
2026-04-02 00:34:07,247 | INFO |   scheduler_cooldown: 2
2026-04-02 00:34:07,247 | INFO |   use_ema: True
2026-04-02 00:34:07,247 | INFO |   ema_decay: 0.9995
2026-04-02 00:34:07,247 | INFO |   save_epoch_freq: 5
2026-04-02 00:34:07,247 | INFO |   validation_freq: 1
2026-04-02 00:34:07,247 | INFO |   save_best: True
2026-04-02 00:34:07,247 | INFO |   best_metric: val_loss
2026-04-02 00:34:07,247 | INFO |   visual_epoch_train: 10
2026-04-02 00:34:07,247 | INFO |   visual_epoch_val: 5
2026-04-02 00:34:07,247 | INFO |   visual_batch_train: 999
2026-04-02 00:34:07,247 | INFO |   visual_batch_val: 999
2026-04-02 00:34:07,247 | INFO |   dose_min_gy: 49.0
2026-04-02 00:34:07,247 | INFO |   dose_max_gy: 70.0
2026-04-02 00:34:07,247 | INFO |   cp_dur_min_sec: 0.285
2026-04-02 00:34:07,247 | INFO |   cp_dur_max_sec: 0.43
2026-04-02 00:34:07,247 | INFO |   film_with_presence: True
2026-04-02 00:34:07,247 | INFO |   log_extra_metrics: True
2026-04-02 00:34:07,247 | INFO |   wmae_alpha: 0.5
2026-04-02 00:34:07,247 | INFO |   training_mode: single_stage
2026-04-02 00:34:07,247 | INFO |   stage1_epochs: 160
2026-04-02 00:34:07,247 | INFO |   stage2_epochs: 40
2026-04-02 00:34:07,247 | INFO |   stage2_learning_rate: 0.0001
2026-04-02 00:34:07,248 | INFO |   freeze_backbone_stage2: True
2026-04-02 00:34:07,248 | INFO |   lambda_refiner_delta: 0.001
2026-04-02 00:34:07,248 | INFO |   train_full_batch_size: 1
2026-04-02 00:34:07,248 | INFO | device: cuda
2026-04-02 00:34:07,248 | INFO | expr_dir: /home/oussama/PycharmProjects/sianogram/runs/20260402_003356__camp_H1_P1_screen_s44__loss=GranularSinoLoss__seed=44__sha=c76225f5
2026-04-02 00:34:07,248 | INFO | resume: False
2026-04-02 00:34:07,248 | INFO | checkpoint_path: None
2026-04-02 00:34:07,248 | INFO | ==================================================
2026-04-02 00:44:26,277 | INFO | [Epoch 0] Train - loss=0.2275 | BackgroundLeakMean=0.0228 | BackgroundLeakP99=0.4881 | NullXLeakMax=0.0000 | F1_open=0.4948 | MAE_open=0.2505 | MAE_EnergyCP=2.8154 | LR=8.0e-05
2026-04-02 00:44:57,103 | INFO | [Epoch 0] Val - loss=0.5003 | BackgroundLeakMean=0.0908 | BackgroundLeakP99=0.6118 | NullXLeakMax=0.0000 | F1_open=0.2002 | MAE_open=0.3907 | MAE_EnergyCP=2.9934 | DenomMin=0.0000 | SeamScore=0.9309 | LR=8.0e-05
2026-04-02 00:44:57,968 | INFO | Checkpoints saved: latest=latest.pth, best=best.pth
2026-04-02 00:44:57,968 | INFO | New best model! Val loss: 0.500291
2026-04-02 00:44:59,826 | INFO | Checkpoint saved: latest=latest.pth
2026-04-02 00:55:18,014 | INFO | [Epoch 1] Train - loss=0.1609 | BackgroundLeakMean=0.0131 | BackgroundLeakP99=0.4975 | NullXLeakMax=0.0000 | F1_open=0.5234 | MAE_open=0.2148 | MAE_EnergyCP=2.1337 | LR=8.0e-05
2026-04-02 00:55:48,144 | INFO | [Epoch 1] Val - loss=0.3761 | BackgroundLeakMean=0.0718 | BackgroundLeakP99=0.5100 | NullXLeakMax=0.0000 | F1_open=0.2556 | MAE_open=0.3684 | MAE_EnergyCP=2.8201 | DenomMin=0.0000 | SeamScore=0.7388 | LR=8.0e-05
2026-04-02 00:55:58,666 | INFO | Checkpoints saved: latest=latest.pth, best=best.pth
2026-04-02 00:55:58,667 | INFO | New best model! Val loss: 0.376080
2026-04-02 00:56:00,714 | INFO | Checkpoint saved: latest=latest.pth
2026-04-02 01:06:12,777 | INFO | [Epoch 2] Train - loss=0.1519 | BackgroundLeakMean=0.0116 | BackgroundLeakP99=0.5195 | NullXLeakMax=0.0000 | F1_open=0.5411 | MAE_open=0.2047 | MAE_EnergyCP=1.9616 | LR=8.0e-05
2026-04-02 01:06:42,768 | INFO | [Epoch 2] Val - loss=0.3163 | BackgroundLeakMean=0.0640 | BackgroundLeakP99=0.4556 | NullXLeakMax=0.0000 | F1_open=0.2929 | MAE_open=0.3434 | MAE_EnergyCP=2.6566 | DenomMin=0.0000 | SeamScore=0.5790 | LR=8.0e-05
2026-04-02 01:06:53,903 | INFO | Checkpoints saved: latest=latest.pth, best=best.pth
2026-04-02 01:06:53,904 | INFO | New best model! Val loss: 0.316344
2026-04-02 01:06:55,519 | INFO | Checkpoint saved: latest=latest.pth
2026-04-02 01:17:11,121 | INFO | [Epoch 3] Train - loss=0.1445 | BackgroundLeakMean=0.0105 | BackgroundLeakP99=0.5373 | NullXLeakMax=0.0000 | F1_open=0.5389 | MAE_open=0.1957 | MAE_EnergyCP=1.8174 | LR=8.0e-05
2026-04-02 01:17:41,507 | INFO | [Epoch 3] Val - loss=0.2798 | BackgroundLeakMean=0.0574 | BackgroundLeakP99=0.4081 | NullXLeakMax=0.0000 | F1_open=0.3128 | MAE_open=0.3233 | MAE_EnergyCP=2.5284 | DenomMin=0.0000 | SeamScore=0.4554 | LR=8.0e-05
2026-04-02 01:17:47,665 | INFO | Checkpoints saved: latest=latest.pth, best=best.pth
2026-04-02 01:17:47,666 | INFO | New best model! Val loss: 0.279816
2026-04-02 01:17:49,390 | INFO | Checkpoint saved: latest=latest.pth
2026-04-02 01:28:06,504 | INFO | [Epoch 4] Train - loss=0.1390 | BackgroundLeakMean=0.0099 | BackgroundLeakP99=0.5540 | NullXLeakMax=0.0000 | F1_open=0.5360 | MAE_open=0.1891 | MAE_EnergyCP=1.6895 | LR=8.0e-05
2026-04-02 01:28:36,877 | INFO | [Epoch 4] Val - loss=0.2539 | BackgroundLeakMean=0.0519 | BackgroundLeakP99=0.3798 | NullXLeakMax=0.0000 | F1_open=0.3250 | MAE_open=0.3056 | MAE_EnergyCP=2.4142 | DenomMin=0.0000 | SeamScore=0.3677 | LR=8.0e-05
2026-04-02 01:28:48,441 | INFO | Checkpoints saved: latest=latest.pth, best=best.pth
2026-04-02 01:28:48,442 | INFO | New best model! Val loss: 0.253927
2026-04-02 01:28:50,944 | INFO | Checkpoint saved: latest=latest.pth
2026-04-02 01:39:07,119 | INFO | [Epoch 5] Train - loss=0.1361 | BackgroundLeakMean=0.0092 | BackgroundLeakP99=0.5501 | NullXLeakMax=0.0000 | F1_open=0.5425 | MAE_open=0.1864 | MAE_EnergyCP=1.6656 | LR=8.0e-05
2026-04-02 01:39:36,410 | INFO | [Epoch 5] Val - loss=0.2346 | BackgroundLeakMean=0.0466 | BackgroundLeakP99=0.3674 | NullXLeakMax=0.0000 | F1_open=0.3323 | MAE_open=0.2911 | MAE_EnergyCP=2.3210 | DenomMin=0.0000 | SeamScore=0.3105 | LR=8.0e-05
2026-04-02 01:39:45,135 | INFO | Checkpoints saved: latest=latest.pth, best=best.pth
2026-04-02 01:39:45,136 | INFO | New best model! Val loss: 0.234624
2026-04-02 01:39:46,999 | INFO | Checkpoint saved: latest=latest.pth
2026-04-02 01:49:59,966 | INFO | [Epoch 6] Train - loss=0.1320 | BackgroundLeakMean=0.0089 | BackgroundLeakP99=0.5516 | NullXLeakMax=0.0000 | F1_open=0.5408 | MAE_open=0.1813 | MAE_EnergyCP=1.5634 | LR=8.0e-05
2026-04-02 01:50:29,529 | INFO | [Epoch 6] Val - loss=0.2198 | BackgroundLeakMean=0.0420 | BackgroundLeakP99=0.3681 | NullXLeakMax=0.0000 | F1_open=0.3363 | MAE_open=0.2787 | MAE_EnergyCP=2.2407 | DenomMin=0.0000 | SeamScore=0.2752 | LR=8.0e-05
2026-04-02 01:50:37,904 | INFO | Checkpoints saved: latest=latest.pth, best=best.pth
2026-04-02 01:50:37,905 | INFO | New best model! Val loss: 0.219768
2026-04-02 01:50:39,868 | INFO | Checkpoint saved: latest=latest.pth
2026-04-02 02:01:16,492 | INFO | [Epoch 7] Train - loss=0.1291 | BackgroundLeakMean=0.0085 | BackgroundLeakP99=0.5537 | NullXLeakMax=0.0000 | F1_open=0.5459 | MAE_open=0.1774 | MAE_EnergyCP=1.5091 | LR=8.0e-05
2026-04-02 02:01:45,773 | INFO | [Epoch 7] Val - loss=0.2086 | BackgroundLeakMean=0.0381 | BackgroundLeakP99=0.3716 | NullXLeakMax=0.0000 | F1_open=0.3384 | MAE_open=0.2694 | MAE_EnergyCP=2.1814 | DenomMin=0.0000 | SeamScore=0.2580 | LR=8.0e-05
2026-04-02 02:01:52,007 | INFO | Checkpoints saved: latest=latest.pth, best=best.pth
2026-04-02 02:01:52,008 | INFO | New best model! Val loss: 0.208610
2026-04-02 02:01:53,722 | INFO | Checkpoint saved: latest=latest.pth
2026-04-02 02:12:49,249 | INFO | [Epoch 8] Train - loss=0.1274 | BackgroundLeakMean=0.0084 | BackgroundLeakP99=0.5512 | NullXLeakMax=0.0000 | F1_open=0.5420 | MAE_open=0.1757 | MAE_EnergyCP=1.4894 | LR=8.0e-05
2026-04-02 02:13:18,867 | INFO | [Epoch 8] Val - loss=0.1991 | BackgroundLeakMean=0.0346 | BackgroundLeakP99=0.3778 | NullXLeakMax=0.0000 | F1_open=0.3400 | MAE_open=0.2610 | MAE_EnergyCP=2.1302 | DenomMin=0.0000 | SeamScore=0.2514 | LR=8.0e-05
2026-04-02 02:13:27,499 | INFO | Checkpoints saved: latest=latest.pth, best=best.pth
2026-04-02 02:13:27,500 | INFO | New best model! Val loss: 0.199115
2026-04-02 02:13:30,562 | INFO | Checkpoint saved: latest=latest.pth
2026-04-02 02:23:49,226 | INFO | [Epoch 9] Train - loss=0.1253 | BackgroundLeakMean=0.0081 | BackgroundLeakP99=0.5541 | NullXLeakMax=0.0000 | F1_open=0.5385 | MAE_open=0.1722 | MAE_EnergyCP=1.4411 | LR=8.0e-05
2026-04-02 02:24:18,813 | INFO | [Epoch 9] Val - loss=0.1917 | BackgroundLeakMean=0.0314 | BackgroundLeakP99=0.3838 | NullXLeakMax=0.0000 | F1_open=0.3408 | MAE_open=0.2547 | MAE_EnergyCP=2.0988 | DenomMin=0.0000 | SeamScore=0.2529 | LR=8.0e-05
2026-04-02 02:24:26,074 | INFO | Checkpoints saved: latest=latest.pth, best=best.pth
2026-04-02 02:24:26,075 | INFO | New best model! Val loss: 0.191656
2026-04-02 02:24:28,368 | INFO | Checkpoint saved: latest=latest.pth
2026-04-02 02:34:45,051 | INFO | [Epoch 10] Train - loss=0.1238 | BackgroundLeakMean=0.0079 | BackgroundLeakP99=0.5494 | NullXLeakMax=0.0000 | F1_open=0.5375 | MAE_open=0.1706 | MAE_EnergyCP=1.4188 | LR=8.0e-05
2026-04-02 02:35:14,032 | INFO | [Epoch 10] Val - loss=0.1847 | BackgroundLeakMean=0.0284 | BackgroundLeakP99=0.3934 | NullXLeakMax=0.0000 | F1_open=0.3415 | MAE_open=0.2485 | MAE_EnergyCP=2.0699 | DenomMin=0.0000 | SeamScore=0.2611 | LR=8.0e-05
2026-04-02 02:35:21,324 | INFO | Checkpoints saved: latest=latest.pth, best=best.pth
2026-04-02 02:35:21,325 | INFO | New best model! Val loss: 0.184737
2026-04-02 02:35:23,337 | INFO | Checkpoint saved: latest=latest.pth
2026-04-02 02:45:59,319 | INFO | [Epoch 11] Train - loss=0.1225 | BackgroundLeakMean=0.0077 | BackgroundLeakP99=0.5490 | NullXLeakMax=0.0000 | F1_open=0.5386 | MAE_open=0.1696 | MAE_EnergyCP=1.3972 | LR=8.0e-05
2026-04-02 02:46:28,948 | INFO | [Epoch 11] Val - loss=0.1786 | BackgroundLeakMean=0.0265 | BackgroundLeakP99=0.4084 | NullXLeakMax=0.0000 | F1_open=0.3423 | MAE_open=0.2410 | MAE_EnergyCP=2.0006 | DenomMin=0.0000 | SeamScore=0.2748 | LR=8.0e-05
2026-04-02 02:46:36,219 | INFO | Checkpoints saved: latest=latest.pth, best=best.pth
2026-04-02 02:46:36,220 | INFO | New best model! Val loss: 0.178649
2026-04-02 02:46:38,740 | INFO | Checkpoint saved: latest=latest.pth
2026-04-02 02:56:53,330 | INFO | [Epoch 12] Train - loss=0.1207 | BackgroundLeakMean=0.0075 | BackgroundLeakP99=0.5437 | NullXLeakMax=0.0000 | F1_open=0.5379 | MAE_open=0.1671 | MAE_EnergyCP=1.3759 | LR=8.0e-05
2026-04-02 02:57:23,450 | INFO | [Epoch 12] Val - loss=0.1732 | BackgroundLeakMean=0.0247 | BackgroundLeakP99=0.4268 | NullXLeakMax=0.0000 | F1_open=0.3428 | MAE_open=0.2333 | MAE_EnergyCP=1.9209 | DenomMin=0.0000 | SeamScore=0.2924 | LR=8.0e-05
2026-04-02 02:57:34,648 | INFO | Checkpoints saved: latest=latest.pth, best=best.pth
2026-04-02 02:57:34,649 | INFO | New best model! Val loss: 0.173215
2026-04-02 02:57:37,477 | INFO | Checkpoint saved: latest=latest.pth
2026-04-02 03:08:24,925 | INFO | [Epoch 13] Train - loss=0.1196 | BackgroundLeakMean=0.0074 | BackgroundLeakP99=0.5419 | NullXLeakMax=0.0000 | F1_open=0.5557 | MAE_open=0.1658 | MAE_EnergyCP=1.3738 | LR=8.0e-05
2026-04-02 03:08:55,423 | INFO | [Epoch 13] Val - loss=0.1684 | BackgroundLeakMean=0.0232 | BackgroundLeakP99=0.4444 | NullXLeakMax=0.0000 | F1_open=0.3431 | MAE_open=0.2272 | MAE_EnergyCP=1.8538 | DenomMin=0.0000 | SeamScore=0.3136 | LR=8.0e-05
2026-04-02 03:09:05,232 | INFO | Checkpoints saved: latest=latest.pth, best=best.pth
2026-04-02 03:09:05,233 | INFO | New best model! Val loss: 0.168426
2026-04-02 03:09:07,587 | INFO | Checkpoint saved: latest=latest.pth
2026-04-02 03:19:23,288 | INFO | [Epoch 14] Train - loss=0.1195 | BackgroundLeakMean=0.0074 | BackgroundLeakP99=0.5428 | NullXLeakMax=0.0000 | F1_open=0.5301 | MAE_open=0.1661 | MAE_EnergyCP=1.3718 | LR=8.0e-05
2026-04-02 03:19:52,729 | INFO | [Epoch 14] Val - loss=0.1638 | BackgroundLeakMean=0.0211 | BackgroundLeakP99=0.4581 | NullXLeakMax=0.0000 | F1_open=0.3433 | MAE_open=0.2228 | MAE_EnergyCP=1.8267 | DenomMin=0.0000 | SeamScore=0.3350 | LR=8.0e-05
2026-04-02 03:20:02,319 | INFO | Checkpoints saved: latest=latest.pth, best=best.pth
2026-04-02 03:20:02,320 | INFO | New best model! Val loss: 0.163761
2026-04-02 03:20:04,973 | INFO | Checkpoint saved: latest=latest.pth
2026-04-02 03:30:36,075 | INFO | [Epoch 15] Train - loss=0.1173 | BackgroundLeakMean=0.0071 | BackgroundLeakP99=0.5357 | NullXLeakMax=0.0000 | F1_open=0.5419 | MAE_open=0.1631 | MAE_EnergyCP=1.3197 | LR=8.0e-05
2026-04-02 03:31:03,109 | INFO | [Epoch 15] Val - loss=0.1597 | BackgroundLeakMean=0.0196 | BackgroundLeakP99=0.4743 | NullXLeakMax=0.0000 | F1_open=0.3434 | MAE_open=0.2182 | MAE_EnergyCP=1.7816 | DenomMin=0.0000 | SeamScore=0.3598 | LR=8.0e-05
2026-04-02 03:31:11,368 | INFO | Checkpoints saved: latest=latest.pth, best=best.pth
2026-04-02 03:31:11,369 | INFO | New best model! Val loss: 0.159730
2026-04-02 03:31:13,288 | INFO | Checkpoint saved: latest=latest.pth
2026-04-02 03:41:30,578 | INFO | [Epoch 16] Train - loss=0.1165 | BackgroundLeakMean=0.0072 | BackgroundLeakP99=0.5338 | NullXLeakMax=0.0000 | F1_open=0.5569 | MAE_open=0.1618 | MAE_EnergyCP=1.3078 | LR=8.0e-05
2026-04-02 03:42:00,261 | INFO | [Epoch 16] Val - loss=0.1562 | BackgroundLeakMean=0.0184 | BackgroundLeakP99=0.4915 | NullXLeakMax=0.0000 | F1_open=0.3433 | MAE_open=0.2138 | MAE_EnergyCP=1.7355 | DenomMin=0.0000 | SeamScore=0.3843 | LR=8.0e-05
2026-04-02 03:42:07,482 | INFO | Checkpoints saved: latest=latest.pth, best=best.pth
2026-04-02 03:42:07,482 | INFO | New best model! Val loss: 0.156208
2026-04-02 03:42:09,319 | INFO | Checkpoint saved: latest=latest.pth
2026-04-02 03:52:29,081 | INFO | [Epoch 17] Train - loss=0.1162 | BackgroundLeakMean=0.0071 | BackgroundLeakP99=0.5363 | NullXLeakMax=0.0000 | F1_open=0.5350 | MAE_open=0.1618 | MAE_EnergyCP=1.2997 | LR=8.0e-05
2026-04-02 03:52:56,119 | INFO | [Epoch 17] Val - loss=0.1526 | BackgroundLeakMean=0.0176 | BackgroundLeakP99=0.5080 | NullXLeakMax=0.0000 | F1_open=0.3433 | MAE_open=0.2089 | MAE_EnergyCP=1.6681 | DenomMin=0.0000 | SeamScore=0.4085 | LR=8.0e-05
2026-04-02 03:53:11,447 | INFO | Checkpoints saved: latest=latest.pth, best=best.pth
2026-04-02 03:53:11,448 | INFO | New best model! Val loss: 0.152624
2026-04-02 03:53:13,955 | INFO | Checkpoint saved: latest=latest.pth
2026-04-02 04:03:31,276 | INFO | [Epoch 18] Train - loss=0.1145 | BackgroundLeakMean=0.0068 | BackgroundLeakP99=0.5259 | NullXLeakMax=0.0000 | F1_open=0.5420 | MAE_open=0.1595 | MAE_EnergyCP=1.2877 | LR=8.0e-05
2026-04-02 04:03:58,505 | INFO | [Epoch 18] Val - loss=0.1499 | BackgroundLeakMean=0.0168 | BackgroundLeakP99=0.5194 | NullXLeakMax=0.0000 | F1_open=0.3432 | MAE_open=0.2053 | MAE_EnergyCP=1.6252 | DenomMin=0.0000 | SeamScore=0.4314 | LR=8.0e-05
2026-04-02 04:04:07,286 | INFO | Checkpoints saved: latest=latest.pth, best=best.pth
2026-04-02 04:04:07,287 | INFO | New best model! Val loss: 0.149913
2026-04-02 04:04:09,217 | INFO | Checkpoint saved: latest=latest.pth
2026-04-02 04:14:25,620 | INFO | [Epoch 19] Train - loss=0.1143 | BackgroundLeakMean=0.0068 | BackgroundLeakP99=0.5303 | NullXLeakMax=0.0000 | F1_open=0.5426 | MAE_open=0.1594 | MAE_EnergyCP=1.2711 | LR=8.0e-05
2026-04-02 04:14:54,829 | INFO | [Epoch 19] Val - loss=0.1471 | BackgroundLeakMean=0.0159 | BackgroundLeakP99=0.5290 | NullXLeakMax=0.0000 | F1_open=0.3433 | MAE_open=0.2022 | MAE_EnergyCP=1.5947 | DenomMin=0.0000 | SeamScore=0.4534 | LR=8.0e-05
2026-04-02 04:15:04,011 | INFO | Checkpoints saved: latest=latest.pth, best=best.pth
2026-04-02 04:15:04,011 | INFO | New best model! Val loss: 0.147118
2026-04-02 04:15:05,938 | INFO | Checkpoint saved: latest=latest.pth
2026-04-02 04:25:27,209 | INFO | [Epoch 20] Train - loss=0.1124 | BackgroundLeakMean=0.0066 | BackgroundLeakP99=0.5227 | NullXLeakMax=0.0000 | F1_open=0.5389 | MAE_open=0.1574 | MAE_EnergyCP=1.2501 | LR=8.0e-05
2026-04-02 04:25:56,544 | INFO | [Epoch 20] Val - loss=0.1440 | BackgroundLeakMean=0.0148 | BackgroundLeakP99=0.5390 | NullXLeakMax=0.0000 | F1_open=0.3435 | MAE_open=0.1981 | MAE_EnergyCP=1.5482 | DenomMin=0.0000 | SeamScore=0.4733 | LR=8.0e-05
2026-04-02 04:26:11,200 | INFO | Checkpoints saved: latest=latest.pth, best=best.pth
2026-04-02 04:26:11,203 | INFO | New best model! Val loss: 0.144022
2026-04-02 04:26:13,660 | INFO | Checkpoint saved: latest=latest.pth
2026-04-02 04:36:32,188 | INFO | [Epoch 21] Train - loss=0.1124 | BackgroundLeakMean=0.0066 | BackgroundLeakP99=0.5201 | NullXLeakMax=0.0000 | F1_open=0.5457 | MAE_open=0.1574 | MAE_EnergyCP=1.2575 | LR=8.0e-05
2026-04-02 04:37:01,657 | INFO | [Epoch 21] Val - loss=0.1418 | BackgroundLeakMean=0.0143 | BackgroundLeakP99=0.5470 | NullXLeakMax=0.0000 | F1_open=0.3434 | MAE_open=0.1950 | MAE_EnergyCP=1.5092 | DenomMin=0.0000 | SeamScore=0.4898 | LR=8.0e-05
2026-04-02 04:37:15,573 | INFO | Checkpoints saved: latest=latest.pth, best=best.pth
2026-04-02 04:37:15,574 | INFO | New best model! Val loss: 0.141820
2026-04-02 04:37:18,063 | INFO | Checkpoint saved: latest=latest.pth
2026-04-02 04:47:35,122 | INFO | [Epoch 22] Train - loss=0.1117 | BackgroundLeakMean=0.0064 | BackgroundLeakP99=0.5144 | NullXLeakMax=0.0000 | F1_open=0.5453 | MAE_open=0.1569 | MAE_EnergyCP=1.2643 | LR=8.0e-05
2026-04-02 04:48:05,237 | INFO | [Epoch 22] Val - loss=0.1397 | BackgroundLeakMean=0.0136 | BackgroundLeakP99=0.5516 | NullXLeakMax=0.0000 | F1_open=0.3435 | MAE_open=0.1928 | MAE_EnergyCP=1.4918 | DenomMin=0.0000 | SeamScore=0.5055 | LR=8.0e-05
2026-04-02 04:48:19,690 | INFO | Checkpoints saved: latest=latest.pth, best=best.pth
2026-04-02 04:48:19,692 | INFO | New best model! Val loss: 0.139690
2026-04-02 04:48:22,016 | INFO | Checkpoint saved: latest=latest.pth
2026-04-02 04:58:40,129 | INFO | [Epoch 23] Train - loss=0.1104 | BackgroundLeakMean=0.0063 | BackgroundLeakP99=0.5073 | NullXLeakMax=0.0000 | F1_open=0.5500 | MAE_open=0.1550 | MAE_EnergyCP=1.2386 | LR=8.0e-05
2026-04-02 04:59:07,822 | INFO | [Epoch 23] Val - loss=0.1378 | BackgroundLeakMean=0.0132 | BackgroundLeakP99=0.5582 | NullXLeakMax=0.0000 | F1_open=0.3433 | MAE_open=0.1904 | MAE_EnergyCP=1.4636 | DenomMin=0.0000 | SeamScore=0.5191 | LR=8.0e-05
2026-04-02 04:59:18,587 | INFO | Checkpoints saved: latest=latest.pth, best=best.pth
2026-04-02 04:59:18,587 | INFO | New best model! Val loss: 0.137768
2026-04-02 04:59:21,131 | INFO | Checkpoint saved: latest=latest.pth
2026-04-02 05:09:38,880 | INFO | [Epoch 24] Train - loss=0.1098 | BackgroundLeakMean=0.0062 | BackgroundLeakP99=0.4985 | NullXLeakMax=0.0000 | F1_open=0.5458 | MAE_open=0.1543 | MAE_EnergyCP=1.2453 | LR=8.0e-05
2026-04-02 05:10:07,263 | INFO | [Epoch 24] Val - loss=0.1359 | BackgroundLeakMean=0.0128 | BackgroundLeakP99=0.5655 | NullXLeakMax=0.0000 | F1_open=0.3434 | MAE_open=0.1874 | MAE_EnergyCP=1.4207 | DenomMin=0.0000 | SeamScore=0.5341 | LR=8.0e-05
2026-04-02 05:10:17,421 | INFO | Checkpoints saved: latest=latest.pth, best=best.pth
2026-04-02 05:10:17,422 | INFO | New best model! Val loss: 0.135888
2026-04-02 05:10:19,415 | INFO | Checkpoint saved: latest=latest.pth
2026-04-02 05:20:35,767 | INFO | [Epoch 25] Train - loss=0.1085 | BackgroundLeakMean=0.0062 | BackgroundLeakP99=0.4977 | NullXLeakMax=0.0000 | F1_open=0.5456 | MAE_open=0.1520 | MAE_EnergyCP=1.2008 | LR=8.0e-05
2026-04-02 05:21:05,726 | INFO | [Epoch 25] Val - loss=0.1339 | BackgroundLeakMean=0.0119 | BackgroundLeakP99=0.5701 | NullXLeakMax=0.0000 | F1_open=0.3437 | MAE_open=0.1853 | MAE_EnergyCP=1.4025 | DenomMin=0.0000 | SeamScore=0.5476 | LR=8.0e-05
2026-04-02 05:21:11,709 | INFO | Checkpoints saved: latest=latest.pth, best=best.pth
2026-04-02 05:21:11,710 | INFO | New best model! Val loss: 0.133903
2026-04-02 05:21:13,942 | INFO | Checkpoint saved: latest=latest.pth
2026-04-02 05:31:29,495 | INFO | [Epoch 26] Train - loss=0.1086 | BackgroundLeakMean=0.0061 | BackgroundLeakP99=0.4997 | NullXLeakMax=0.0000 | F1_open=0.5494 | MAE_open=0.1528 | MAE_EnergyCP=1.2110 | LR=8.0e-05
2026-04-02 05:31:59,648 | INFO | [Epoch 26] Val - loss=0.1326 | BackgroundLeakMean=0.0117 | BackgroundLeakP99=0.5734 | NullXLeakMax=0.0000 | F1_open=0.3434 | MAE_open=0.1833 | MAE_EnergyCP=1.3782 | DenomMin=0.0000 | SeamScore=0.5595 | LR=8.0e-05
2026-04-02 05:32:06,428 | INFO | Checkpoints saved: latest=latest.pth, best=best.pth
2026-04-02 05:32:06,429 | INFO | New best model! Val loss: 0.132594
2026-04-02 05:32:08,757 | INFO | Checkpoint saved: latest=latest.pth
2026-04-02 05:42:25,161 | INFO | [Epoch 27] Train - loss=0.1072 | BackgroundLeakMean=0.0060 | BackgroundLeakP99=0.4946 | NullXLeakMax=0.0000 | F1_open=0.5458 | MAE_open=0.1510 | MAE_EnergyCP=1.1783 | LR=8.0e-05
2026-04-02 05:42:54,937 | INFO | [Epoch 27] Val - loss=0.1311 | BackgroundLeakMean=0.0114 | BackgroundLeakP99=0.5765 | NullXLeakMax=0.0000 | F1_open=0.3434 | MAE_open=0.1815 | MAE_EnergyCP=1.3578 | DenomMin=0.0000 | SeamScore=0.5715 | LR=8.0e-05
2026-04-02 05:43:03,502 | INFO | Checkpoints saved: latest=latest.pth, best=best.pth
2026-04-02 05:43:03,503 | INFO | New best model! Val loss: 0.131140
2026-04-02 05:43:05,894 | INFO | Checkpoint saved: latest=latest.pth
2026-04-02 05:53:46,945 | INFO | [Epoch 28] Train - loss=0.1070 | BackgroundLeakMean=0.0061 | BackgroundLeakP99=0.4949 | NullXLeakMax=0.0000 | F1_open=0.5408 | MAE_open=0.1506 | MAE_EnergyCP=1.1729 | LR=8.0e-05
2026-04-02 05:54:17,165 | INFO | [Epoch 28] Val - loss=0.1299 | BackgroundLeakMean=0.0110 | BackgroundLeakP99=0.5775 | NullXLeakMax=0.0000 | F1_open=0.3434 | MAE_open=0.1802 | MAE_EnergyCP=1.3450 | DenomMin=0.0000 | SeamScore=0.5829 | LR=8.0e-05
2026-04-02 05:54:29,928 | INFO | Checkpoints saved: latest=latest.pth, best=best.pth
2026-04-02 05:54:29,929 | INFO | New best model! Val loss: 0.129904
2026-04-02 05:54:31,960 | INFO | Checkpoint saved: latest=latest.pth
2026-04-02 06:04:48,817 | INFO | [Epoch 29] Train - loss=0.1055 | BackgroundLeakMean=0.0059 | BackgroundLeakP99=0.4852 | NullXLeakMax=0.0000 | F1_open=0.5404 | MAE_open=0.1491 | MAE_EnergyCP=1.1458 | LR=8.0e-05
2026-04-02 06:05:17,688 | INFO | [Epoch 29] Val - loss=0.1289 | BackgroundLeakMean=0.0111 | BackgroundLeakP99=0.5817 | NullXLeakMax=0.0000 | F1_open=0.3431 | MAE_open=0.1781 | MAE_EnergyCP=1.3097 | DenomMin=0.0000 | SeamScore=0.5931 | LR=8.0e-05
2026-04-02 06:05:26,527 | INFO | Checkpoints saved: latest=latest.pth, best=best.pth
2026-04-02 06:05:26,528 | INFO | New best model! Val loss: 0.128865
2026-04-02 06:05:28,958 | INFO | Checkpoint saved: latest=latest.pth
2026-04-02 06:15:44,209 | INFO | [Epoch 30] Train - loss=0.1050 | BackgroundLeakMean=0.0058 | BackgroundLeakP99=0.4818 | NullXLeakMax=0.0000 | F1_open=0.5425 | MAE_open=0.1477 | MAE_EnergyCP=1.1413 | LR=8.0e-05
2026-04-02 06:16:14,978 | INFO | [Epoch 30] Val - loss=0.1280 | BackgroundLeakMean=0.0109 | BackgroundLeakP99=0.5819 | NullXLeakMax=0.0000 | F1_open=0.3427 | MAE_open=0.1770 | MAE_EnergyCP=1.3002 | DenomMin=0.0000 | SeamScore=0.6025 | LR=8.0e-05
2026-04-02 06:16:23,284 | INFO | Checkpoints saved: latest=latest.pth, best=best.pth
2026-04-02 06:16:23,284 | INFO | New best model! Val loss: 0.127971
2026-04-02 06:16:25,508 | INFO | Checkpoint saved: latest=latest.pth
2026-04-02 06:26:43,937 | INFO | [Epoch 31] Train - loss=0.1046 | BackgroundLeakMean=0.0058 | BackgroundLeakP99=0.4792 | NullXLeakMax=0.0000 | F1_open=0.5567 | MAE_open=0.1470 | MAE_EnergyCP=1.1332 | LR=8.0e-05
2026-04-02 06:27:14,657 | INFO | [Epoch 31] Val - loss=0.1269 | BackgroundLeakMean=0.0107 | BackgroundLeakP99=0.5839 | NullXLeakMax=0.0000 | F1_open=0.3427 | MAE_open=0.1756 | MAE_EnergyCP=1.2829 | DenomMin=0.0000 | SeamScore=0.6127 | LR=8.0e-05
2026-04-02 06:27:25,853 | INFO | Checkpoints saved: latest=latest.pth, best=best.pth
2026-04-02 06:27:25,854 | INFO | New best model! Val loss: 0.126901
2026-04-02 06:27:28,163 | INFO | Checkpoint saved: latest=latest.pth
2026-04-02 06:37:46,579 | INFO | [Epoch 32] Train - loss=0.1040 | BackgroundLeakMean=0.0057 | BackgroundLeakP99=0.4794 | NullXLeakMax=0.0000 | F1_open=0.5332 | MAE_open=0.1468 | MAE_EnergyCP=1.1244 | LR=8.0e-05
2026-04-02 06:38:17,407 | INFO | [Epoch 32] Val - loss=0.1259 | BackgroundLeakMean=0.0104 | BackgroundLeakP99=0.5878 | NullXLeakMax=0.0000 | F1_open=0.3428 | MAE_open=0.1742 | MAE_EnergyCP=1.2665 | DenomMin=0.0000 | SeamScore=0.6239 | LR=8.0e-05
2026-04-02 06:38:27,720 | INFO | Checkpoints saved: latest=latest.pth, best=best.pth
2026-04-02 06:38:27,720 | INFO | New best model! Val loss: 0.125883
2026-04-02 06:38:29,341 | INFO | Checkpoint saved: latest=latest.pth
2026-04-02 06:48:44,552 | INFO | [Epoch 33] Train - loss=0.1027 | BackgroundLeakMean=0.0056 | BackgroundLeakP99=0.4695 | NullXLeakMax=0.0000 | F1_open=0.5461 | MAE_open=0.1452 | MAE_EnergyCP=1.1085 | LR=8.0e-05
2026-04-02 06:49:14,459 | INFO | [Epoch 33] Val - loss=0.1247 | BackgroundLeakMean=0.0099 | BackgroundLeakP99=0.5900 | NullXLeakMax=0.0000 | F1_open=0.3436 | MAE_open=0.1733 | MAE_EnergyCP=1.2624 | DenomMin=0.0000 | SeamScore=0.6327 | LR=8.0e-05
2026-04-02 06:49:23,354 | INFO | Checkpoints saved: latest=latest.pth, best=best.pth
2026-04-02 06:49:23,355 | INFO | New best model! Val loss: 0.124709
2026-04-02 06:49:25,350 | INFO | Checkpoint saved: latest=latest.pth
2026-04-02 06:59:46,899 | INFO | [Epoch 34] Train - loss=0.1020 | BackgroundLeakMean=0.0055 | BackgroundLeakP99=0.4710 | NullXLeakMax=0.0000 | F1_open=0.5369 | MAE_open=0.1445 | MAE_EnergyCP=1.1004 | LR=8.0e-05
2026-04-02 07:00:17,182 | INFO | [Epoch 34] Val - loss=0.1242 | BackgroundLeakMean=0.0099 | BackgroundLeakP99=0.5900 | NullXLeakMax=0.0000 | F1_open=0.3432 | MAE_open=0.1722 | MAE_EnergyCP=1.2487 | DenomMin=0.0000 | SeamScore=0.6391 | LR=8.0e-05
2026-04-02 07:00:28,006 | INFO | Checkpoints saved: latest=latest.pth, best=best.pth
2026-04-02 07:00:28,008 | INFO | New best model! Val loss: 0.124158
2026-04-02 07:00:30,444 | INFO | Checkpoint saved: latest=latest.pth
2026-04-02 07:10:44,472 | INFO | [Epoch 35] Train - loss=0.1021 | BackgroundLeakMean=0.0055 | BackgroundLeakP99=0.4658 | NullXLeakMax=0.0000 | F1_open=0.5367 | MAE_open=0.1437 | MAE_EnergyCP=1.0966 | LR=8.0e-05
2026-04-02 07:11:14,810 | INFO | [Epoch 35] Val - loss=0.1235 | BackgroundLeakMean=0.0098 | BackgroundLeakP99=0.5919 | NullXLeakMax=0.0000 | F1_open=0.3429 | MAE_open=0.1711 | MAE_EnergyCP=1.2310 | DenomMin=0.0000 | SeamScore=0.6470 | LR=8.0e-05
2026-04-02 07:11:21,859 | INFO | Checkpoints saved: latest=latest.pth, best=best.pth
2026-04-02 07:11:21,860 | INFO | New best model! Val loss: 0.123525
2026-04-02 07:11:23,721 | INFO | Checkpoint saved: latest=latest.pth
2026-04-02 07:21:37,200 | INFO | [Epoch 36] Train - loss=0.1013 | BackgroundLeakMean=0.0055 | BackgroundLeakP99=0.4649 | NullXLeakMax=0.0000 | F1_open=0.5485 | MAE_open=0.1430 | MAE_EnergyCP=1.0860 | LR=8.0e-05
2026-04-02 07:22:07,985 | INFO | [Epoch 36] Val - loss=0.1229 | BackgroundLeakMean=0.0098 | BackgroundLeakP99=0.5920 | NullXLeakMax=0.0000 | F1_open=0.3428 | MAE_open=0.1704 | MAE_EnergyCP=1.2251 | DenomMin=0.0000 | SeamScore=0.6532 | LR=8.0e-05
2026-04-02 07:22:18,832 | INFO | Checkpoints saved: latest=latest.pth, best=best.pth
2026-04-02 07:22:18,834 | INFO | New best model! Val loss: 0.122943
2026-04-02 07:22:21,014 | INFO | Checkpoint saved: latest=latest.pth
2026-04-02 07:32:55,625 | INFO | [Epoch 37] Train - loss=0.1001 | BackgroundLeakMean=0.0054 | BackgroundLeakP99=0.4541 | NullXLeakMax=0.0000 | F1_open=0.5492 | MAE_open=0.1406 | MAE_EnergyCP=1.0724 | LR=8.0e-05
2026-04-02 07:33:23,623 | INFO | [Epoch 37] Val - loss=0.1223 | BackgroundLeakMean=0.0096 | BackgroundLeakP99=0.5962 | NullXLeakMax=0.0000 | F1_open=0.3428 | MAE_open=0.1696 | MAE_EnergyCP=1.2163 | DenomMin=0.0000 | SeamScore=0.6613 | LR=8.0e-05
2026-04-02 07:33:30,265 | INFO | Checkpoints saved: latest=latest.pth, best=best.pth
2026-04-02 07:33:30,266 | INFO | New best model! Val loss: 0.122278
2026-04-02 07:33:32,384 | INFO | Checkpoint saved: latest=latest.pth
2026-04-02 07:43:48,410 | INFO | [Epoch 38] Train - loss=0.0994 | BackgroundLeakMean=0.0053 | BackgroundLeakP99=0.4515 | NullXLeakMax=0.0000 | F1_open=0.5497 | MAE_open=0.1402 | MAE_EnergyCP=1.0583 | LR=8.0e-05
2026-04-02 07:44:19,135 | INFO | [Epoch 38] Val - loss=0.1218 | BackgroundLeakMean=0.0096 | BackgroundLeakP99=0.5963 | NullXLeakMax=0.0000 | F1_open=0.3426 | MAE_open=0.1690 | MAE_EnergyCP=1.2121 | DenomMin=0.0000 | SeamScore=0.6660 | LR=8.0e-05
2026-04-02 07:44:28,462 | INFO | Checkpoints saved: latest=latest.pth, best=best.pth
2026-04-02 07:44:28,463 | INFO | New best model! Val loss: 0.121779
2026-04-02 07:44:30,584 | INFO | Checkpoint saved: latest=latest.pth
2026-04-02 07:54:42,811 | INFO | [Epoch 39] Train - loss=0.0991 | BackgroundLeakMean=0.0052 | BackgroundLeakP99=0.4506 | NullXLeakMax=0.0000 | F1_open=0.5474 | MAE_open=0.1401 | MAE_EnergyCP=1.0507 | LR=8.0e-05
2026-04-02 07:55:12,979 | INFO | [Epoch 39] Val - loss=0.1215 | BackgroundLeakMean=0.0096 | BackgroundLeakP99=0.5966 | NullXLeakMax=0.0000 | F1_open=0.3425 | MAE_open=0.1685 | MAE_EnergyCP=1.2088 | DenomMin=0.0000 | SeamScore=0.6712 | LR=8.0e-05
2026-04-02 07:55:23,597 | INFO | Checkpoints saved: latest=latest.pth, best=best.pth
2026-04-02 07:55:23,598 | INFO | New best model! Val loss: 0.121489
2026-04-02 07:55:25,853 | INFO | Checkpoint saved: latest=latest.pth
2026-04-02 08:05:58,155 | INFO | [Epoch 40] Train - loss=0.0988 | BackgroundLeakMean=0.0051 | BackgroundLeakP99=0.4454 | NullXLeakMax=0.0000 | F1_open=0.5420 | MAE_open=0.1398 | MAE_EnergyCP=1.0531 | LR=8.0e-05
2026-04-02 08:06:28,950 | INFO | [Epoch 40] Val - loss=0.1210 | BackgroundLeakMean=0.0096 | BackgroundLeakP99=0.6010 | NullXLeakMax=0.0000 | F1_open=0.3423 | MAE_open=0.1675 | MAE_EnergyCP=1.1913 | DenomMin=0.0000 | SeamScore=0.6779 | LR=8.0e-05
2026-04-02 08:06:38,294 | INFO | Checkpoints saved: latest=latest.pth, best=best.pth
2026-04-02 08:06:38,295 | INFO | New best model! Val loss: 0.120969
2026-04-02 08:06:39,755 | INFO | Checkpoint saved: latest=latest.pth
2026-04-02 08:16:55,600 | INFO | [Epoch 41] Train - loss=0.0985 | BackgroundLeakMean=0.0052 | BackgroundLeakP99=0.4483 | NullXLeakMax=0.0000 | F1_open=0.5393 | MAE_open=0.1395 | MAE_EnergyCP=1.0425 | LR=8.0e-05
2026-04-02 08:17:24,464 | INFO | [Epoch 41] Val - loss=0.1202 | BackgroundLeakMean=0.0090 | BackgroundLeakP99=0.6021 | NullXLeakMax=0.0000 | F1_open=0.3438 | MAE_open=0.1672 | MAE_EnergyCP=1.1968 | DenomMin=0.0000 | SeamScore=0.6851 | LR=8.0e-05
2026-04-02 08:17:30,712 | INFO | Checkpoints saved: latest=latest.pth, best=best.pth
2026-04-02 08:17:30,713 | INFO | New best model! Val loss: 0.120242
2026-04-02 08:17:32,204 | INFO | Checkpoint saved: latest=latest.pth
2026-04-02 08:28:10,178 | INFO | [Epoch 42] Train - loss=0.0972 | BackgroundLeakMean=0.0050 | BackgroundLeakP99=0.4376 | NullXLeakMax=0.0000 | F1_open=0.5461 | MAE_open=0.1377 | MAE_EnergyCP=1.0224 | LR=8.0e-05
2026-04-02 08:28:40,823 | INFO | [Epoch 42] Val - loss=0.1198 | BackgroundLeakMean=0.0090 | BackgroundLeakP99=0.6062 | NullXLeakMax=0.0000 | F1_open=0.3435 | MAE_open=0.1664 | MAE_EnergyCP=1.1809 | DenomMin=0.0000 | SeamScore=0.6914 | LR=8.0e-05
2026-04-02 08:28:48,493 | INFO | Checkpoints saved: latest=latest.pth, best=best.pth
2026-04-02 08:28:48,494 | INFO | New best model! Val loss: 0.119847
2026-04-02 08:28:55,133 | INFO | Checkpoint saved: latest=latest.pth
2026-04-02 08:41:03,073 | INFO | [Epoch 43] Train - loss=0.0971 | BackgroundLeakMean=0.0051 | BackgroundLeakP99=0.4388 | NullXLeakMax=0.0000 | F1_open=0.5374 | MAE_open=0.1377 | MAE_EnergyCP=1.0240 | LR=8.0e-05
2026-04-02 08:41:32,585 | INFO | [Epoch 43] Val - loss=0.1196 | BackgroundLeakMean=0.0090 | BackgroundLeakP99=0.6057 | NullXLeakMax=0.0000 | F1_open=0.3433 | MAE_open=0.1662 | MAE_EnergyCP=1.1841 | DenomMin=0.0000 | SeamScore=0.6967 | LR=8.0e-05
2026-04-02 08:41:43,758 | INFO | Checkpoints saved: latest=latest.pth, best=best.pth
2026-04-02 08:41:43,760 | INFO | New best model! Val loss: 0.119567
2026-04-02 08:41:45,946 | INFO | Checkpoint saved: latest=latest.pth
2026-04-02 08:54:00,487 | INFO | [Epoch 44] Train - loss=0.0958 | BackgroundLeakMean=0.0049 | BackgroundLeakP99=0.4373 | NullXLeakMax=0.0000 | F1_open=0.5331 | MAE_open=0.1359 | MAE_EnergyCP=1.0063 | LR=8.0e-05
2026-04-02 08:54:30,397 | INFO | [Epoch 44] Val - loss=0.1193 | BackgroundLeakMean=0.0090 | BackgroundLeakP99=0.6081 | NullXLeakMax=0.0000 | F1_open=0.3430 | MAE_open=0.1658 | MAE_EnergyCP=1.1804 | DenomMin=0.0000 | SeamScore=0.7008 | LR=8.0e-05
2026-04-02 08:54:52,659 | INFO | Checkpoints saved: latest=latest.pth, best=best.pth
2026-04-02 08:54:52,660 | INFO | New best model! Val loss: 0.119276
2026-04-02 08:55:03,671 | INFO | Checkpoint saved: latest=latest.pth
2026-04-02 09:06:36,250 | INFO | [Epoch 45] Train - loss=0.0963 | BackgroundLeakMean=0.0050 | BackgroundLeakP99=0.4326 | NullXLeakMax=0.0000 | F1_open=0.5502 | MAE_open=0.1363 | MAE_EnergyCP=1.0109 | LR=8.0e-05
2026-04-02 09:07:06,584 | INFO | [Epoch 45] Val - loss=0.1190 | BackgroundLeakMean=0.0089 | BackgroundLeakP99=0.6088 | NullXLeakMax=0.0000 | F1_open=0.3430 | MAE_open=0.1654 | MAE_EnergyCP=1.1756 | DenomMin=0.0000 | SeamScore=0.7061 | LR=8.0e-05
2026-04-02 09:07:27,408 | INFO | Checkpoints saved: latest=latest.pth, best=best.pth
2026-04-02 09:07:27,408 | INFO | New best model! Val loss: 0.118995
2026-04-02 09:07:38,703 | INFO | Checkpoint saved: latest=latest.pth
2026-04-02 09:17:57,670 | INFO | [Epoch 46] Train - loss=0.0942 | BackgroundLeakMean=0.0048 | BackgroundLeakP99=0.4187 | NullXLeakMax=0.0000 | F1_open=0.5475 | MAE_open=0.1332 | MAE_EnergyCP=0.9782 | LR=8.0e-05
2026-04-02 09:18:26,118 | INFO | [Epoch 46] Val - loss=0.1187 | BackgroundLeakMean=0.0088 | BackgroundLeakP99=0.6113 | NullXLeakMax=0.0000 | F1_open=0.3434 | MAE_open=0.1649 | MAE_EnergyCP=1.1714 | DenomMin=0.0000 | SeamScore=0.7118 | LR=8.0e-05
2026-04-02 09:18:38,615 | INFO | Checkpoints saved: latest=latest.pth, best=best.pth
2026-04-02 09:18:38,617 | INFO | New best model! Val loss: 0.118746
2026-04-02 09:18:42,205 | INFO | Checkpoint saved: latest=latest.pth
2026-04-02 09:29:00,543 | INFO | [Epoch 47] Train - loss=0.0940 | BackgroundLeakMean=0.0048 | BackgroundLeakP99=0.4223 | NullXLeakMax=0.0000 | F1_open=0.5358 | MAE_open=0.1336 | MAE_EnergyCP=0.9844 | LR=8.0e-05
2026-04-02 09:29:27,706 | INFO | [Epoch 47] Val - loss=0.1185 | BackgroundLeakMean=0.0088 | BackgroundLeakP99=0.6132 | NullXLeakMax=0.0000 | F1_open=0.3438 | MAE_open=0.1646 | MAE_EnergyCP=1.1673 | DenomMin=0.0000 | SeamScore=0.7171 | LR=8.0e-05
2026-04-02 09:29:37,554 | INFO | Checkpoints saved: latest=latest.pth, best=best.pth
2026-04-02 09:29:37,555 | INFO | New best model! Val loss: 0.118497
2026-04-02 09:29:42,139 | INFO | Checkpoint saved: latest=latest.pth
2026-04-02 09:39:59,506 | INFO | [Epoch 48] Train - loss=0.0926 | BackgroundLeakMean=0.0047 | BackgroundLeakP99=0.4127 | NullXLeakMax=0.0000 | F1_open=0.5634 | MAE_open=0.1308 | MAE_EnergyCP=0.9602 | LR=8.0e-05
2026-04-02 09:40:29,707 | INFO | [Epoch 48] Val - loss=0.1183 | BackgroundLeakMean=0.0088 | BackgroundLeakP99=0.6138 | NullXLeakMax=0.0000 | F1_open=0.3431 | MAE_open=0.1642 | MAE_EnergyCP=1.1632 | DenomMin=0.0000 | SeamScore=0.7201 | LR=8.0e-05
2026-04-02 09:40:37,260 | INFO | Checkpoints saved: latest=latest.pth, best=best.pth
2026-04-02 09:40:37,261 | INFO | New best model! Val loss: 0.118341
2026-04-02 09:40:39,613 | INFO | Checkpoint saved: latest=latest.pth
2026-04-02 09:51:27,479 | INFO | [Epoch 49] Train - loss=0.0927 | BackgroundLeakMean=0.0047 | BackgroundLeakP99=0.4123 | NullXLeakMax=0.0000 | F1_open=0.5594 | MAE_open=0.1310 | MAE_EnergyCP=0.9602 | LR=8.0e-05
2026-04-02 09:51:57,421 | INFO | [Epoch 49] Val - loss=0.1181 | BackgroundLeakMean=0.0088 | BackgroundLeakP99=0.6179 | NullXLeakMax=0.0000 | F1_open=0.3435 | MAE_open=0.1638 | MAE_EnergyCP=1.1563 | DenomMin=0.0000 | SeamScore=0.7258 | LR=8.0e-05
2026-04-02 09:52:07,566 | INFO | Checkpoints saved: latest=latest.pth, best=best.pth
2026-04-02 09:52:07,567 | INFO | New best model! Val loss: 0.118123
2026-04-02 09:52:09,537 | INFO | Checkpoint saved: latest=latest.pth
2026-04-02 10:03:20,533 | INFO | [Epoch 50] Train - loss=0.0929 | BackgroundLeakMean=0.0048 | BackgroundLeakP99=0.4176 | NullXLeakMax=0.0000 | F1_open=0.5727 | MAE_open=0.1317 | MAE_EnergyCP=0.9553 | LR=8.0e-05
2026-04-02 10:03:50,385 | INFO | [Epoch 50] Val - loss=0.1180 | BackgroundLeakMean=0.0088 | BackgroundLeakP99=0.6179 | NullXLeakMax=0.0000 | F1_open=0.3434 | MAE_open=0.1635 | MAE_EnergyCP=1.1542 | DenomMin=0.0000 | SeamScore=0.7300 | LR=8.0e-05
2026-04-02 10:03:55,615 | INFO | Checkpoints saved: latest=latest.pth, best=best.pth
2026-04-02 10:03:55,616 | INFO | New best model! Val loss: 0.117998
2026-04-02 10:03:57,631 | INFO | Checkpoint saved: latest=latest.pth
2026-04-02 10:16:14,007 | INFO | [Epoch 51] Train - loss=0.0923 | BackgroundLeakMean=0.0046 | BackgroundLeakP99=0.4069 | NullXLeakMax=0.0000 | F1_open=0.5361 | MAE_open=0.1315 | MAE_EnergyCP=0.9717 | LR=8.0e-05
2026-04-02 10:16:43,748 | INFO | [Epoch 51] Val - loss=0.1179 | BackgroundLeakMean=0.0089 | BackgroundLeakP99=0.6197 | NullXLeakMax=0.0000 | F1_open=0.3429 | MAE_open=0.1633 | MAE_EnergyCP=1.1507 | DenomMin=0.0000 | SeamScore=0.7337 | LR=8.0e-05
2026-04-02 10:16:49,219 | INFO | Checkpoints saved: latest=latest.pth, best=best.pth
2026-04-02 10:16:49,220 | INFO | New best model! Val loss: 0.117915
2026-04-02 10:16:54,013 | INFO | Checkpoint saved: latest=latest.pth
2026-04-02 10:28:41,418 | INFO | [Epoch 52] Train - loss=0.0915 | BackgroundLeakMean=0.0046 | BackgroundLeakP99=0.4065 | NullXLeakMax=0.0000 | F1_open=0.5532 | MAE_open=0.1300 | MAE_EnergyCP=0.9478 | LR=8.0e-05
2026-04-02 10:29:11,711 | INFO | [Epoch 52] Val - loss=0.1174 | BackgroundLeakMean=0.0083 | BackgroundLeakP99=0.6195 | NullXLeakMax=0.0000 | F1_open=0.3480 | MAE_open=0.1633 | MAE_EnergyCP=1.1575 | DenomMin=0.0000 | SeamScore=0.7372 | LR=8.0e-05
2026-04-02 10:29:32,021 | INFO | Checkpoints saved: latest=latest.pth, best=best.pth
2026-04-02 10:29:32,022 | INFO | New best model! Val loss: 0.117416
2026-04-02 10:29:43,136 | INFO | Checkpoint saved: latest=latest.pth
2026-04-02 10:42:20,583 | INFO | [Epoch 53] Train - loss=0.0913 | BackgroundLeakMean=0.0045 | BackgroundLeakP99=0.4046 | NullXLeakMax=0.0000 | F1_open=0.5404 | MAE_open=0.1294 | MAE_EnergyCP=0.9464 | LR=8.0e-05
2026-04-02 10:42:51,169 | INFO | [Epoch 53] Val - loss=0.1174 | BackgroundLeakMean=0.0083 | BackgroundLeakP99=0.6206 | NullXLeakMax=0.0000 | F1_open=0.3467 | MAE_open=0.1632 | MAE_EnergyCP=1.1578 | DenomMin=0.0000 | SeamScore=0.7403 | LR=8.0e-05
2026-04-02 10:43:14,096 | INFO | Checkpoints saved: latest=latest.pth, best=best.pth
2026-04-02 10:43:14,097 | INFO | New best model! Val loss: 0.117364
2026-04-02 10:43:27,872 | INFO | Checkpoint saved: latest=latest.pth
2026-04-02 10:56:05,310 | INFO | [Epoch 54] Train - loss=0.0911 | BackgroundLeakMean=0.0045 | BackgroundLeakP99=0.4048 | NullXLeakMax=0.0000 | F1_open=0.5460 | MAE_open=0.1292 | MAE_EnergyCP=0.9358 | LR=8.0e-05
2026-04-02 10:56:35,584 | INFO | [Epoch 54] Val - loss=0.1173 | BackgroundLeakMean=0.0084 | BackgroundLeakP99=0.6236 | NullXLeakMax=0.0000 | F1_open=0.3447 | MAE_open=0.1629 | MAE_EnergyCP=1.1543 | DenomMin=0.0000 | SeamScore=0.7440 | LR=8.0e-05
2026-04-02 10:57:01,230 | INFO | Checkpoints saved: latest=latest.pth, best=best.pth
2026-04-02 10:57:01,230 | INFO | New best model! Val loss: 0.117312
2026-04-02 10:57:14,788 | INFO | Checkpoint saved: latest=latest.pth
2026-04-02 11:09:32,969 | INFO | [Epoch 55] Train - loss=0.0900 | BackgroundLeakMean=0.0044 | BackgroundLeakP99=0.3981 | NullXLeakMax=0.0000 | F1_open=0.5402 | MAE_open=0.1276 | MAE_EnergyCP=0.9350 | LR=8.0e-05
2026-04-02 11:10:02,966 | INFO | [Epoch 55] Val - loss=0.1172 | BackgroundLeakMean=0.0084 | BackgroundLeakP99=0.6236 | NullXLeakMax=0.0000 | F1_open=0.3446 | MAE_open=0.1627 | MAE_EnergyCP=1.1529 | DenomMin=0.0000 | SeamScore=0.7479 | LR=8.0e-05
2026-04-02 11:10:25,454 | INFO | Checkpoints saved: latest=latest.pth, best=best.pth
2026-04-02 11:10:25,458 | INFO | New best model! Val loss: 0.117219
2026-04-02 11:10:39,776 | INFO | Checkpoint saved: latest=latest.pth
2026-04-02 11:22:50,551 | INFO | [Epoch 56] Train - loss=0.0905 | BackgroundLeakMean=0.0045 | BackgroundLeakP99=0.4053 | NullXLeakMax=0.0000 | F1_open=0.5490 | MAE_open=0.1283 | MAE_EnergyCP=0.9338 | LR=8.0e-05
2026-04-02 11:23:20,666 | INFO | [Epoch 56] Val - loss=0.1172 | BackgroundLeakMean=0.0084 | BackgroundLeakP99=0.6245 | NullXLeakMax=0.0000 | F1_open=0.3445 | MAE_open=0.1625 | MAE_EnergyCP=1.1481 | DenomMin=0.0000 | SeamScore=0.7508 | LR=8.0e-05
2026-04-02 11:23:30,721 | INFO | Checkpoint saved: latest=latest.pth
2026-04-02 11:34:50,040 | INFO | [Epoch 57] Train - loss=0.0895 | BackgroundLeakMean=0.0044 | BackgroundLeakP99=0.4050 | NullXLeakMax=0.0000 | F1_open=0.5411 | MAE_open=0.1269 | MAE_EnergyCP=0.9187 | LR=8.0e-05
2026-04-02 11:35:20,504 | INFO | [Epoch 57] Val - loss=0.1172 | BackgroundLeakMean=0.0084 | BackgroundLeakP99=0.6249 | NullXLeakMax=0.0000 | F1_open=0.3445 | MAE_open=0.1623 | MAE_EnergyCP=1.1449 | DenomMin=0.0000 | SeamScore=0.7548 | LR=8.0e-05
2026-04-02 11:35:40,603 | INFO | Checkpoints saved: latest=latest.pth, best=best.pth
2026-04-02 11:35:40,604 | INFO | New best model! Val loss: 0.117208
2026-04-02 11:35:51,793 | INFO | Checkpoint saved: latest=latest.pth
2026-04-02 11:47:43,931 | INFO | [Epoch 58] Train - loss=0.0884 | BackgroundLeakMean=0.0044 | BackgroundLeakP99=0.3911 | NullXLeakMax=0.0000 | F1_open=0.5589 | MAE_open=0.1256 | MAE_EnergyCP=0.8990 | LR=8.0e-05
2026-04-02 11:48:13,573 | INFO | [Epoch 58] Val - loss=0.1172 | BackgroundLeakMean=0.0084 | BackgroundLeakP99=0.6254 | NullXLeakMax=0.0000 | F1_open=0.3443 | MAE_open=0.1623 | MAE_EnergyCP=1.1450 | DenomMin=0.0000 | SeamScore=0.7568 | LR=8.0e-05
2026-04-02 11:48:36,934 | INFO | Checkpoints saved: latest=latest.pth, best=best.pth
2026-04-02 11:48:36,935 | INFO | New best model! Val loss: 0.117156
2026-04-02 11:48:50,035 | INFO | Checkpoint saved: latest=latest.pth
2026-04-02 12:00:20,822 | INFO | [Epoch 59] Train - loss=0.0890 | BackgroundLeakMean=0.0043 | BackgroundLeakP99=0.3925 | NullXLeakMax=0.0000 | F1_open=0.5468 | MAE_open=0.1261 | MAE_EnergyCP=0.9112 | LR=8.0e-05
2026-04-02 12:00:50,621 | INFO | [Epoch 59] Val - loss=0.1170 | BackgroundLeakMean=0.0084 | BackgroundLeakP99=0.6272 | NullXLeakMax=0.0000 | F1_open=0.3445 | MAE_open=0.1622 | MAE_EnergyCP=1.1457 | DenomMin=0.0000 | SeamScore=0.7598 | LR=8.0e-05
2026-04-02 12:01:16,990 | INFO | Checkpoints saved: latest=latest.pth, best=best.pth
2026-04-02 12:01:16,991 | INFO | New best model! Val loss: 0.117042
2026-04-02 12:01:30,801 | INFO | Checkpoint saved: latest=latest.pth
2026-04-02 12:14:02,730 | INFO | [Epoch 60] Train - loss=0.0874 | BackgroundLeakMean=0.0043 | BackgroundLeakP99=0.3839 | NullXLeakMax=0.0000 | F1_open=0.5561 | MAE_open=0.1240 | MAE_EnergyCP=0.8839 | LR=8.0e-05
2026-04-02 12:14:32,316 | INFO | [Epoch 60] Val - loss=0.1171 | BackgroundLeakMean=0.0084 | BackgroundLeakP99=0.6279 | NullXLeakMax=0.0000 | F1_open=0.3449 | MAE_open=0.1621 | MAE_EnergyCP=1.1458 | DenomMin=0.0000 | SeamScore=0.7627 | LR=8.0e-05
2026-04-02 12:14:46,767 | INFO | Checkpoint saved: latest=latest.pth
2026-04-02 12:26:16,135 | INFO | [Epoch 61] Train - loss=0.0868 | BackgroundLeakMean=0.0042 | BackgroundLeakP99=0.3815 | NullXLeakMax=0.0000 | F1_open=0.5414 | MAE_open=0.1231 | MAE_EnergyCP=0.8747 | LR=8.0e-05
2026-04-02 12:26:46,640 | INFO | [Epoch 61] Val - loss=0.1170 | BackgroundLeakMean=0.0084 | BackgroundLeakP99=0.6309 | NullXLeakMax=0.0000 | F1_open=0.3451 | MAE_open=0.1619 | MAE_EnergyCP=1.1424 | DenomMin=0.0000 | SeamScore=0.7657 | LR=8.0e-05
2026-04-02 12:27:13,923 | INFO | Checkpoints saved: latest=latest.pth, best=best.pth
2026-04-02 12:27:13,924 | INFO | New best model! Val loss: 0.116959
2026-04-02 12:27:27,884 | INFO | Checkpoint saved: latest=latest.pth
2026-04-02 12:38:41,376 | INFO | [Epoch 62] Train - loss=0.0871 | BackgroundLeakMean=0.0042 | BackgroundLeakP99=0.3865 | NullXLeakMax=0.0000 | F1_open=0.5541 | MAE_open=0.1237 | MAE_EnergyCP=0.8846 | LR=8.0e-05
2026-04-02 12:39:11,683 | INFO | [Epoch 62] Val - loss=0.1169 | BackgroundLeakMean=0.0083 | BackgroundLeakP99=0.6310 | NullXLeakMax=0.0000 | F1_open=0.3450 | MAE_open=0.1619 | MAE_EnergyCP=1.1449 | DenomMin=0.0000 | SeamScore=0.7687 | LR=8.0e-05
2026-04-02 12:39:34,078 | INFO | Checkpoints saved: latest=latest.pth, best=best.pth
2026-04-02 12:39:34,079 | INFO | New best model! Val loss: 0.116938
2026-04-02 12:39:47,811 | INFO | Checkpoint saved: latest=latest.pth
2026-04-02 12:50:30,668 | INFO | [Epoch 63] Train - loss=0.0866 | BackgroundLeakMean=0.0041 | BackgroundLeakP99=0.3811 | NullXLeakMax=0.0000 | F1_open=0.5513 | MAE_open=0.1231 | MAE_EnergyCP=0.8823 | LR=8.0e-05
2026-04-02 12:51:01,736 | INFO | [Epoch 63] Val - loss=0.1170 | BackgroundLeakMean=0.0083 | BackgroundLeakP99=0.6337 | NullXLeakMax=0.0000 | F1_open=0.3452 | MAE_open=0.1617 | MAE_EnergyCP=1.1405 | DenomMin=0.0000 | SeamScore=0.7712 | LR=8.0e-05
2026-04-02 12:51:11,134 | INFO | Checkpoint saved: latest=latest.pth
2026-04-02 13:01:57,311 | INFO | [Epoch 64] Train - loss=0.0855 | BackgroundLeakMean=0.0041 | BackgroundLeakP99=0.3762 | NullXLeakMax=0.0000 | F1_open=0.5550 | MAE_open=0.1213 | MAE_EnergyCP=0.8497 | LR=8.0e-05
2026-04-02 13:02:28,490 | INFO | [Epoch 64] Val - loss=0.1171 | BackgroundLeakMean=0.0084 | BackgroundLeakP99=0.6342 | NullXLeakMax=0.0000 | F1_open=0.3449 | MAE_open=0.1618 | MAE_EnergyCP=1.1403 | DenomMin=0.0000 | SeamScore=0.7747 | LR=8.0e-05
2026-04-02 13:02:37,676 | INFO | Checkpoint saved: latest=latest.pth
2026-04-02 13:15:05,610 | INFO | [Epoch 65] Train - loss=0.0858 | BackgroundLeakMean=0.0041 | BackgroundLeakP99=0.3776 | NullXLeakMax=0.0000 | F1_open=0.5465 | MAE_open=0.1218 | MAE_EnergyCP=0.8594 | LR=8.0e-05
2026-04-02 13:15:35,926 | INFO | [Epoch 65] Val - loss=0.1170 | BackgroundLeakMean=0.0083 | BackgroundLeakP99=0.6349 | NullXLeakMax=0.0000 | F1_open=0.3450 | MAE_open=0.1617 | MAE_EnergyCP=1.1411 | DenomMin=0.0000 | SeamScore=0.7774 | LR=8.0e-05
2026-04-02 13:15:44,861 | INFO | Checkpoint saved: latest=latest.pth
2026-04-02 13:28:10,796 | INFO | [Epoch 66] Train - loss=0.0853 | BackgroundLeakMean=0.0040 | BackgroundLeakP99=0.3794 | NullXLeakMax=0.0000 | F1_open=0.5468 | MAE_open=0.1208 | MAE_EnergyCP=0.8604 | LR=8.0e-05
2026-04-02 13:28:43,588 | INFO | [Epoch 66] Val - loss=0.1171 | BackgroundLeakMean=0.0084 | BackgroundLeakP99=0.6338 | NullXLeakMax=0.0000 | F1_open=0.3438 | MAE_open=0.1618 | MAE_EnergyCP=1.1447 | DenomMin=0.0000 | SeamScore=0.7784 | LR=8.0e-05
2026-04-02 13:28:56,354 | INFO | Checkpoint saved: latest=latest.pth
2026-04-02 13:42:51,152 | INFO | [Epoch 67] Train - loss=0.0845 | BackgroundLeakMean=0.0040 | BackgroundLeakP99=0.3697 | NullXLeakMax=0.0000 | F1_open=0.5475 | MAE_open=0.1198 | MAE_EnergyCP=0.8445 | LR=8.0e-05
2026-04-02 13:43:22,892 | INFO | [Epoch 67] Val - loss=0.1168 | BackgroundLeakMean=0.0079 | BackgroundLeakP99=0.6351 | NullXLeakMax=0.0000 | F1_open=0.3621 | MAE_open=0.1619 | MAE_EnergyCP=1.1486 | DenomMin=0.0000 | SeamScore=0.7825 | LR=8.0e-05
2026-04-02 13:43:57,396 | INFO | Checkpoints saved: latest=latest.pth, best=best.pth
2026-04-02 13:43:57,398 | INFO | New best model! Val loss: 0.116793
2026-04-02 13:44:11,516 | INFO | Checkpoint saved: latest=latest.pth
2026-04-02 13:57:09,846 | INFO | [Epoch 68] Train - loss=0.0840 | BackgroundLeakMean=0.0040 | BackgroundLeakP99=0.3686 | NullXLeakMax=0.0000 | F1_open=0.5488 | MAE_open=0.1193 | MAE_EnergyCP=0.8405 | LR=8.0e-05
2026-04-02 13:57:41,681 | INFO | [Epoch 68] Val - loss=0.1167 | BackgroundLeakMean=0.0079 | BackgroundLeakP99=0.6360 | NullXLeakMax=0.0000 | F1_open=0.3597 | MAE_open=0.1619 | MAE_EnergyCP=1.1476 | DenomMin=0.0000 | SeamScore=0.7847 | LR=8.0e-05
2026-04-02 13:58:01,205 | INFO | Checkpoints saved: latest=latest.pth, best=best.pth
2026-04-02 13:58:01,205 | INFO | New best model! Val loss: 0.116730
2026-04-02 13:58:14,626 | INFO | Checkpoint saved: latest=latest.pth
2026-04-02 14:11:57,968 | INFO | [Epoch 69] Train - loss=0.0840 | BackgroundLeakMean=0.0040 | BackgroundLeakP99=0.3666 | NullXLeakMax=0.0000 | F1_open=0.5634 | MAE_open=0.1191 | MAE_EnergyCP=0.8327 | LR=8.0e-05
2026-04-02 14:12:52,877 | INFO | [Epoch 69] Val - loss=0.1168 | BackgroundLeakMean=0.0079 | BackgroundLeakP99=0.6367 | NullXLeakMax=0.0000 | F1_open=0.3606 | MAE_open=0.1619 | MAE_EnergyCP=1.1477 | DenomMin=0.0000 | SeamScore=0.7884 | LR=8.0e-05
2026-04-02 14:13:07,251 | INFO | Checkpoint saved: latest=latest.pth
2026-04-02 14:13:07,275 | INFO | Training completed!
