2026-04-01 10:31:44,469 | INFO | Model built: 26.21M parameters
2026-04-01 10:31:45,600 | INFO | Model initialized successfully
2026-04-01 10:31:45,600 | INFO | ==================================================
2026-04-01 10:31:45,600 | INFO | Configuration:
2026-04-01 10:31:45,600 | INFO | ==================================================
2026-04-01 10:31:45,601 | INFO | 
[data]
2026-04-01 10:31:45,601 | INFO |   path: /mnt/LeGrosDisque/Julien/sianogramme/JUJU
2026-04-01 10:31:45,601 | INFO |   split_json: /mnt/LeGrosDisque/Julien/sianogramme/JUJU/split_manifest.json
2026-04-01 10:31:45,601 | INFO |   ratio: 0.9
2026-04-01 10:31:45,601 | INFO |   random_seed: 44
2026-04-01 10:31:45,601 | INFO |   batch_size: 6
2026-04-01 10:31:45,601 | INFO |   num_workers: 4
2026-04-01 10:31:45,601 | INFO |   L: None
2026-04-01 10:31:45,601 | INFO |   W_in: 64
2026-04-01 10:31:45,601 | INFO |   W: 64
2026-04-01 10:31:45,601 | INFO |   augment: True
2026-04-01 10:31:45,601 | INFO |   cp_unit: 12
2026-04-01 10:31:45,601 | INFO |   cp_height: 12
2026-04-01 10:31:45,601 | INFO |   cp_height_px: 12
2026-04-01 10:31:45,601 | INFO |   split_in_two: False
2026-04-01 10:31:45,601 | INFO |   patch_cp: 768
2026-04-01 10:31:45,601 | INFO |   patch_in_cp: 768
2026-04-01 10:31:45,601 | INFO |   patch_out_cp: 512
2026-04-01 10:31:45,601 | INFO |   halo_cp: 128
2026-04-01 10:31:45,601 | INFO |   jitter_cp: 32
2026-04-01 10:31:45,601 | INFO | 
[model]
2026-04-01 10:31:45,601 | INFO |   model_name: g1transunet_aniso_leafwise_v1
2026-04-01 10:31:45,601 | INFO |   in_ch_drr: 16
2026-04-01 10:31:45,601 | INFO |   out_ch: 1
2026-04-01 10:31:45,601 | INFO |   base_ch: 128
2026-04-01 10:31:45,601 | INFO |   depth: 4
2026-04-01 10:31:45,601 | INFO |   num_groups: 8
2026-04-01 10:31:45,601 | INFO |   film_extra_dim: 7
2026-04-01 10:31:45,602 | INFO |   use_sincos_angles: True
2026-04-01 10:31:45,602 | INFO |   film_hidden: 512
2026-04-01 10:31:45,602 | INFO |   film_embed_dim: 32
2026-04-01 10:31:45,602 | INFO |   film_embed_hidden: 64
2026-04-01 10:31:45,602 | INFO |   use_film_all_levels: True
2026-04-01 10:31:45,602 | INFO |   film_on_decoder: False
2026-04-01 10:31:45,602 | INFO |   stem_pre_k: 3
2026-04-01 10:31:45,602 | INFO |   shoulder_gate: True
2026-04-01 10:31:45,602 | INFO |   shoulder_oar_index_in_oars: 9
2026-04-01 10:31:45,602 | INFO |   anisotropic_leafwise: True
2026-04-01 10:31:45,602 | INFO |   film_light_mode: True
2026-04-01 10:31:45,602 | INFO |   early_width_mode: nearest
2026-04-01 10:31:45,602 | INFO |   use_resblocks: True
2026-04-01 10:31:45,602 | INFO |   res_dropout: 0.05
2026-04-01 10:31:45,602 | INFO |   bneck_dilated_blocks: 1
2026-04-01 10:31:45,602 | INFO |   bneck_dropout: 0.1
2026-04-01 10:31:45,602 | INFO |   bneck_horiz_blocks: 0
2026-04-01 10:31:45,602 | INFO |   bneck_horiz_k: 11
2026-04-01 10:31:45,602 | INFO |   bneck_horiz_dropout: 0.1
2026-04-01 10:31:45,602 | INFO |   use_transformer: False
2026-04-01 10:31:45,602 | INFO |   d_model: 256
2026-04-01 10:31:45,602 | INFO |   nhead: 8
2026-04-01 10:31:45,602 | INFO |   mlp_ratio: 4.0
2026-04-01 10:31:45,602 | INFO |   transformer_layers: 0
2026-04-01 10:31:45,602 | INFO |   use_ckpt: False
2026-04-01 10:31:45,602 | INFO |   pool_w_levels: 0
2026-04-01 10:31:45,602 | INFO |   pool_w_factor: 2
2026-04-01 10:31:45,603 | INFO |   shape_debug: False
2026-04-01 10:31:45,603 | INFO |   use_global_refiner: False
2026-04-01 10:31:45,603 | INFO |   refiner_hidden: 128
2026-04-01 10:31:45,603 | INFO |   refiner_layers: 4
2026-04-01 10:31:45,603 | INFO |   refiner_kernel_size: 5
2026-04-01 10:31:45,603 | INFO |   refiner_dilations: [1, 2, 4, 8]
2026-04-01 10:31:45,603 | INFO |   refiner_dropout: 0.05
2026-04-01 10:31:45,603 | INFO |   refiner_cond_dim: 32
2026-04-01 10:31:45,603 | INFO |   refiner_alpha_init: 0.0
2026-04-01 10:31:45,603 | INFO |   use_patch_cp_head: False
2026-04-01 10:31:45,603 | INFO |   patch_cp_head_hidden: 128
2026-04-01 10:31:45,603 | INFO |   patch_cp_head_layers: 3
2026-04-01 10:31:45,603 | INFO |   patch_cp_head_kernel_size: 5
2026-04-01 10:31:45,603 | INFO |   patch_cp_head_dilations: [1, 2, 4]
2026-04-01 10:31:45,603 | INFO |   patch_cp_head_dropout: 0.05
2026-04-01 10:31:45,603 | INFO |   patch_cp_head_alpha_init: 0.0
2026-04-01 10:31:45,603 | INFO | 
[training]
2026-04-01 10:31:45,603 | INFO |   n_epochs: 70
2026-04-01 10:31:45,603 | INFO |   learning_rate: 8e-05
2026-04-01 10:31:45,603 | INFO |   weight_decay: 1e-05
2026-04-01 10:31:45,603 | INFO |   accum_steps: 2
2026-04-01 10:31:45,603 | INFO |   use_amp: True
2026-04-01 10:31:45,603 | INFO |   amp_dtype: bf16
2026-04-01 10:31:45,603 | INFO |   clip_grad_norm: 0.5
2026-04-01 10:31:45,603 | INFO |   scheduler_patience: 5
2026-04-01 10:31:45,603 | INFO |   scheduler_factor: 0.5
2026-04-01 10:31:45,604 | INFO |   scheduler_min_lr: 1e-07
2026-04-01 10:31:45,604 | INFO |   scheduler_threshold: 0.0001
2026-04-01 10:31:45,604 | INFO |   scheduler_cooldown: 2
2026-04-01 10:31:45,604 | INFO |   use_ema: True
2026-04-01 10:31:45,604 | INFO |   ema_decay: 0.9995
2026-04-01 10:31:45,604 | INFO |   save_epoch_freq: 5
2026-04-01 10:31:45,604 | INFO |   validation_freq: 1
2026-04-01 10:31:45,604 | INFO |   save_best: True
2026-04-01 10:31:45,604 | INFO |   best_metric: val_loss
2026-04-01 10:31:45,604 | INFO |   visual_epoch_train: 10
2026-04-01 10:31:45,604 | INFO |   visual_epoch_val: 5
2026-04-01 10:31:45,604 | INFO |   visual_batch_train: 999
2026-04-01 10:31:45,604 | INFO |   visual_batch_val: 999
2026-04-01 10:31:45,604 | INFO |   dose_min_gy: 49.0
2026-04-01 10:31:45,604 | INFO |   dose_max_gy: 70.0
2026-04-01 10:31:45,604 | INFO |   cp_dur_min_sec: 0.285
2026-04-01 10:31:45,604 | INFO |   cp_dur_max_sec: 0.43
2026-04-01 10:31:45,605 | INFO |   film_with_presence: True
2026-04-01 10:31:45,605 | INFO |   log_extra_metrics: True
2026-04-01 10:31:45,605 | INFO |   wmae_alpha: 0.5
2026-04-01 10:31:45,605 | INFO |   training_mode: single_stage
2026-04-01 10:31:45,605 | INFO |   stage1_epochs: 160
2026-04-01 10:31:45,605 | INFO |   stage2_epochs: 40
2026-04-01 10:31:45,605 | INFO |   stage2_learning_rate: 0.0001
2026-04-01 10:31:45,605 | INFO |   freeze_backbone_stage2: True
2026-04-01 10:31:45,605 | INFO |   lambda_refiner_delta: 0.001
2026-04-01 10:31:45,605 | INFO |   train_full_batch_size: 1
2026-04-01 10:31:45,605 | INFO | device: cuda
2026-04-01 10:31:45,605 | INFO | expr_dir: /home/oussama/PycharmProjects/sianogram/runs/20260401_103135__camp_H3_P0_screen_s44__loss=GranularSinoLoss__seed=44__sha=c76225f5
2026-04-01 10:31:45,605 | INFO | resume: False
2026-04-01 10:31:45,606 | INFO | checkpoint_path: None
2026-04-01 10:31:45,606 | INFO | ==================================================
