2026-03-10 14:44:26,766 | INFO | Model built: 2.94M parameters
2026-03-10 14:44:26,828 | INFO | Model initialized successfully
2026-03-10 14:44:26,828 | INFO | ==================================================
2026-03-10 14:44:26,828 | INFO | Configuration:
2026-03-10 14:44:26,828 | INFO | ==================================================
2026-03-10 14:44:26,829 | INFO | 
[data]
2026-03-10 14:44:26,829 | INFO |   path: /mnt/LeGrosDisque/Julien/sianogramme/JUJU
2026-03-10 14:44:26,829 | INFO |   split_json: /mnt/LeGrosDisque/Julien/sianogramme/JUJU/split_manifest.json
2026-03-10 14:44:26,829 | INFO |   ratio: 0.9
2026-03-10 14:44:26,829 | INFO |   random_seed: 44
2026-03-10 14:44:26,829 | INFO |   batch_size: 2
2026-03-10 14:44:26,829 | INFO |   num_workers: 3
2026-03-10 14:44:26,830 | INFO |   L: None
2026-03-10 14:44:26,830 | INFO |   W_in: 64
2026-03-10 14:44:26,830 | INFO |   W: 64
2026-03-10 14:44:26,830 | INFO |   augment: True
2026-03-10 14:44:26,830 | INFO |   cp_unit: 12
2026-03-10 14:44:26,830 | INFO |   cp_height: 12
2026-03-10 14:44:26,830 | INFO |   cp_height_px: 12
2026-03-10 14:44:26,830 | INFO |   split_in_two: False
2026-03-10 14:44:26,830 | INFO |   patch_cp: 512
2026-03-10 14:44:26,830 | INFO |   jitter_cp: 64
2026-03-10 14:44:26,830 | INFO | 
[model]
2026-03-10 14:44:26,830 | INFO |   model_name: unet
2026-03-10 14:44:26,830 | INFO |   in_ch_drr: 16
2026-03-10 14:44:26,830 | INFO |   out_ch: 1
2026-03-10 14:44:26,830 | INFO |   base_ch: 64
2026-03-10 14:44:26,831 | INFO |   depth: 2
2026-03-10 14:44:26,831 | INFO |   num_groups: 8
2026-03-10 14:44:26,831 | INFO |   film_extra_dim: 7
2026-03-10 14:44:26,831 | INFO |   use_sincos_angles: True
2026-03-10 14:44:26,831 | INFO |   film_hidden: 512
2026-03-10 14:44:26,831 | INFO |   film_embed_dim: 32
2026-03-10 14:44:26,831 | INFO |   film_embed_hidden: 64
2026-03-10 14:44:26,831 | INFO |   use_film_all_levels: True
2026-03-10 14:44:26,831 | INFO |   film_on_decoder: False
2026-03-10 14:44:26,831 | INFO |   stem_pre_k: 3
2026-03-10 14:44:26,831 | INFO |   shoulder_gate: True
2026-03-10 14:44:26,831 | INFO |   shoulder_oar_index_in_oars: 9
2026-03-10 14:44:26,831 | INFO |   use_resblocks: True
2026-03-10 14:44:26,831 | INFO |   res_dropout: 0.05
2026-03-10 14:44:26,831 | INFO |   bneck_dilated_blocks: 1
2026-03-10 14:44:26,832 | INFO |   bneck_dropout: 0.1
2026-03-10 14:44:26,832 | INFO |   bneck_horiz_blocks: 1
2026-03-10 14:44:26,832 | INFO |   bneck_horiz_k: 11
2026-03-10 14:44:26,832 | INFO |   bneck_horiz_dropout: 0.1
2026-03-10 14:44:26,832 | INFO |   use_transformer: False
2026-03-10 14:44:26,832 | INFO |   d_model: 256
2026-03-10 14:44:26,832 | INFO |   nhead: 8
2026-03-10 14:44:26,832 | INFO |   mlp_ratio: 4.0
2026-03-10 14:44:26,832 | INFO |   transformer_layers: 4
2026-03-10 14:44:26,832 | INFO |   use_ckpt: False
2026-03-10 14:44:26,832 | INFO |   pool_w_levels: 0
2026-03-10 14:44:26,832 | INFO |   pool_w_factor: 2
2026-03-10 14:44:26,832 | INFO |   shape_debug: False
2026-03-10 14:44:26,832 | INFO | 
[training]
2026-03-10 14:44:26,832 | INFO |   n_epochs: 100
2026-03-10 14:44:26,832 | INFO |   learning_rate: 0.0008
2026-03-10 14:44:26,832 | INFO |   weight_decay: 1e-05
2026-03-10 14:44:26,832 | INFO |   accum_steps: 4
2026-03-10 14:44:26,832 | INFO |   use_amp: True
2026-03-10 14:44:26,832 | INFO |   amp_dtype: bf16
2026-03-10 14:44:26,832 | INFO |   clip_grad_norm: 0.5
2026-03-10 14:44:26,832 | INFO |   scheduler_patience: 5
2026-03-10 14:44:26,832 | INFO |   scheduler_factor: 0.5
2026-03-10 14:44:26,832 | INFO |   scheduler_min_lr: 1e-07
2026-03-10 14:44:26,832 | INFO |   scheduler_threshold: 0.0001
2026-03-10 14:44:26,832 | INFO |   scheduler_cooldown: 2
2026-03-10 14:44:26,832 | INFO |   use_ema: True
2026-03-10 14:44:26,832 | INFO |   ema_decay: 0.9995
2026-03-10 14:44:26,833 | INFO |   save_epoch_freq: 5
2026-03-10 14:44:26,833 | INFO |   validation_freq: 1
2026-03-10 14:44:26,833 | INFO |   save_best: True
2026-03-10 14:44:26,833 | INFO |   best_metric: val_loss
2026-03-10 14:44:26,833 | INFO |   visual_epoch_train: 1
2026-03-10 14:44:26,833 | INFO |   visual_epoch_val: 1
2026-03-10 14:44:26,833 | INFO |   visual_batch_train: 10
2026-03-10 14:44:26,833 | INFO |   visual_batch_val: 5
2026-03-10 14:44:26,833 | INFO |   dose_min_gy: 49.0
2026-03-10 14:44:26,833 | INFO |   dose_max_gy: 70.0
2026-03-10 14:44:26,833 | INFO |   cp_dur_min_sec: 0.285
2026-03-10 14:44:26,833 | INFO |   cp_dur_max_sec: 0.43
2026-03-10 14:44:26,833 | INFO |   film_with_presence: True
2026-03-10 14:44:26,833 | INFO |   log_extra_metrics: True
2026-03-10 14:44:26,833 | INFO |   wmae_alpha: 0.5
2026-03-10 14:44:26,833 | INFO | device: cuda
2026-03-10 14:44:26,833 | INFO | expr_dir: /home/oussama/PycharmProjects/sianogram/runs/20260310_144350__juju__loss=MSELoss__seed=44__sha=c1343257
2026-03-10 14:44:26,833 | INFO | resume: False
2026-03-10 14:44:26,833 | INFO | checkpoint_path: None
2026-03-10 14:44:26,833 | INFO | ==================================================
2026-03-10 14:56:33,371 | INFO | [Epoch 0] Train - loss=0.0474 | psnr=16.8455 | ssim=0.5853 | mae_cp=0.0718 | corr_cp=0.7066 | gradw=0.0467 | gradcp=0.0351 | fluence=2.4857 | LR=8.0e-04
2026-03-10 14:57:09,736 | INFO | [Epoch 0] Val - loss=0.1010 | psnr=12.9851 | ssim=0.5880 | mae_cp=0.0894 | corr_cp=0.2148 | gradw=0.0482 | gradcp=0.0348 | fluence=5.6148 | LR=8.0e-04
2026-03-10 14:57:10,414 | INFO | Checkpoints saved: latest=latest.pth, best=best.pth
2026-03-10 14:57:10,415 | INFO | New best model! Val loss: 0.101020
2026-03-10 14:57:11,555 | INFO | Checkpoint saved: latest=latest.pth
2026-03-10 15:08:50,765 | INFO | [Epoch 1] Train - loss=0.0141 | psnr=18.6478 | ssim=0.7302 | mae_cp=0.0517 | corr_cp=0.7935 | gradw=0.0430 | gradcp=0.0335 | fluence=1.4654 | LR=8.0e-04
2026-03-10 15:09:35,348 | INFO | [Epoch 1] Val - loss=0.0585 | psnr=13.7000 | ssim=0.6022 | mae_cp=0.0818 | corr_cp=0.4713 | gradw=0.0492 | gradcp=0.0359 | fluence=4.8663 | LR=8.0e-04
2026-03-10 15:09:37,483 | INFO | Checkpoints saved: latest=latest.pth, best=best.pth
2026-03-10 15:09:37,484 | INFO | New best model! Val loss: 0.058491
2026-03-10 15:09:38,686 | INFO | Checkpoint saved: latest=latest.pth
2026-03-10 15:21:12,195 | INFO | [Epoch 2] Train - loss=0.0127 | psnr=19.1323 | ssim=0.7643 | mae_cp=0.0482 | corr_cp=0.8097 | gradw=0.0418 | gradcp=0.0329 | fluence=1.3373 | LR=8.0e-04
2026-03-10 15:21:54,347 | INFO | [Epoch 2] Val - loss=0.0431 | psnr=14.4365 | ssim=0.6249 | mae_cp=0.0752 | corr_cp=0.6100 | gradw=0.0493 | gradcp=0.0362 | fluence=4.1489 | LR=8.0e-04
2026-03-10 15:21:56,446 | INFO | Checkpoints saved: latest=latest.pth, best=best.pth
2026-03-10 15:21:56,446 | INFO | New best model! Val loss: 0.043106
2026-03-10 15:21:57,968 | INFO | Checkpoint saved: latest=latest.pth
2026-03-10 15:34:03,345 | INFO | [Epoch 3] Train - loss=0.0119 | psnr=19.3878 | ssim=0.7856 | mae_cp=0.0464 | corr_cp=0.8167 | gradw=0.0413 | gradcp=0.0326 | fluence=1.2716 | LR=8.0e-04
2026-03-10 15:34:46,419 | INFO | [Epoch 3] Val - loss=0.0354 | psnr=15.0031 | ssim=0.6467 | mae_cp=0.0711 | corr_cp=0.6788 | gradw=0.0492 | gradcp=0.0363 | fluence=3.6374 | LR=8.0e-04
2026-03-10 15:34:49,286 | INFO | Checkpoints saved: latest=latest.pth, best=best.pth
2026-03-10 15:34:49,287 | INFO | New best model! Val loss: 0.035428
2026-03-10 15:34:50,878 | INFO | Checkpoint saved: latest=latest.pth
2026-03-10 15:46:37,411 | INFO | [Epoch 4] Train - loss=0.0114 | psnr=19.5880 | ssim=0.7918 | mae_cp=0.0450 | corr_cp=0.8233 | gradw=0.0409 | gradcp=0.0320 | fluence=1.2297 | LR=8.0e-04
2026-03-10 15:47:16,887 | INFO | [Epoch 4] Val - loss=0.0299 | psnr=15.5954 | ssim=0.6604 | mae_cp=0.0676 | corr_cp=0.7195 | gradw=0.0493 | gradcp=0.0365 | fluence=3.0974 | LR=8.0e-04
2026-03-10 15:47:19,762 | INFO | Checkpoints saved: latest=latest.pth, best=best.pth
2026-03-10 15:47:19,762 | INFO | New best model! Val loss: 0.029918
2026-03-10 15:47:21,266 | INFO | Checkpoint saved: latest=latest.pth
2026-03-10 15:59:02,641 | INFO | [Epoch 5] Train - loss=0.0109 | psnr=19.7768 | ssim=0.8068 | mae_cp=0.0436 | corr_cp=0.8244 | gradw=0.0402 | gradcp=0.0316 | fluence=1.1676 | LR=8.0e-04
2026-03-10 15:59:43,109 | INFO | [Epoch 5] Val - loss=0.0258 | psnr=16.1767 | ssim=0.6505 | mae_cp=0.0652 | corr_cp=0.7417 | gradw=0.0496 | gradcp=0.0368 | fluence=2.5688 | LR=8.0e-04
2026-03-10 15:59:45,120 | INFO | Checkpoints saved: latest=latest.pth, best=best.pth
2026-03-10 15:59:45,120 | INFO | New best model! Val loss: 0.025815
2026-03-10 15:59:46,261 | INFO | Checkpoint saved: latest=latest.pth
2026-03-10 16:11:38,600 | INFO | [Epoch 6] Train - loss=0.0106 | psnr=19.8724 | ssim=0.8111 | mae_cp=0.0431 | corr_cp=0.8287 | gradw=0.0400 | gradcp=0.0314 | fluence=1.1472 | LR=8.0e-04
2026-03-10 16:12:16,664 | INFO | [Epoch 6] Val - loss=0.0229 | psnr=16.6738 | ssim=0.6162 | mae_cp=0.0640 | corr_cp=0.7547 | gradw=0.0497 | gradcp=0.0370 | fluence=2.1546 | LR=8.0e-04
2026-03-10 16:12:19,101 | INFO | Checkpoints saved: latest=latest.pth, best=best.pth
2026-03-10 16:12:19,101 | INFO | New best model! Val loss: 0.022877
2026-03-10 16:12:20,503 | INFO | Checkpoint saved: latest=latest.pth
2026-03-10 16:24:21,516 | INFO | [Epoch 7] Train - loss=0.0104 | psnr=19.9810 | ssim=0.8097 | mae_cp=0.0426 | corr_cp=0.8294 | gradw=0.0397 | gradcp=0.0313 | fluence=1.1257 | LR=8.0e-04
2026-03-10 16:25:00,913 | INFO | [Epoch 7] Val - loss=0.0207 | psnr=17.0981 | ssim=0.5823 | mae_cp=0.0632 | corr_cp=0.7650 | gradw=0.0498 | gradcp=0.0372 | fluence=1.8736 | LR=8.0e-04
2026-03-10 16:25:03,853 | INFO | Checkpoints saved: latest=latest.pth, best=best.pth
2026-03-10 16:25:03,854 | INFO | New best model! Val loss: 0.020673
2026-03-10 16:25:05,413 | INFO | Checkpoint saved: latest=latest.pth
2026-03-10 16:37:32,771 | INFO | [Epoch 8] Train - loss=0.0102 | psnr=20.0397 | ssim=0.8165 | mae_cp=0.0422 | corr_cp=0.8327 | gradw=0.0396 | gradcp=0.0312 | fluence=1.1173 | LR=8.0e-04
2026-03-10 16:38:14,191 | INFO | [Epoch 8] Val - loss=0.0189 | psnr=17.4686 | ssim=0.5561 | mae_cp=0.0624 | corr_cp=0.7740 | gradw=0.0498 | gradcp=0.0373 | fluence=1.6939 | LR=8.0e-04
2026-03-10 16:38:19,628 | INFO | Checkpoints saved: latest=latest.pth, best=best.pth
2026-03-10 16:38:19,629 | INFO | New best model! Val loss: 0.018943
2026-03-10 16:38:22,306 | INFO | Checkpoint saved: latest=latest.pth
2026-03-10 16:50:18,648 | INFO | [Epoch 9] Train - loss=0.0102 | psnr=20.0768 | ssim=0.8208 | mae_cp=0.0419 | corr_cp=0.8321 | gradw=0.0396 | gradcp=0.0312 | fluence=1.1076 | LR=8.0e-04
2026-03-10 16:50:59,252 | INFO | [Epoch 9] Val - loss=0.0176 | psnr=17.7907 | ssim=0.5315 | mae_cp=0.0615 | corr_cp=0.7821 | gradw=0.0496 | gradcp=0.0373 | fluence=1.5850 | LR=8.0e-04
2026-03-10 16:51:01,312 | INFO | Checkpoints saved: latest=latest.pth, best=best.pth
2026-03-10 16:51:01,312 | INFO | New best model! Val loss: 0.017562
2026-03-10 16:51:02,494 | INFO | Checkpoint saved: latest=latest.pth
2026-03-10 17:02:51,450 | INFO | [Epoch 10] Train - loss=0.0100 | psnr=20.1620 | ssim=0.8226 | mae_cp=0.0415 | corr_cp=0.8343 | gradw=0.0392 | gradcp=0.0309 | fluence=1.1023 | LR=8.0e-04
2026-03-10 17:03:31,821 | INFO | [Epoch 10] Val - loss=0.0165 | psnr=18.0625 | ssim=0.5162 | mae_cp=0.0604 | corr_cp=0.7893 | gradw=0.0493 | gradcp=0.0372 | fluence=1.5196 | LR=8.0e-04
2026-03-10 17:03:33,754 | INFO | Checkpoints saved: latest=latest.pth, best=best.pth
2026-03-10 17:03:33,755 | INFO | New best model! Val loss: 0.016482
2026-03-10 17:03:34,949 | INFO | Checkpoint saved: latest=latest.pth
2026-03-10 17:15:15,303 | INFO | [Epoch 11] Train - loss=0.0099 | psnr=20.1926 | ssim=0.8245 | mae_cp=0.0412 | corr_cp=0.8362 | gradw=0.0393 | gradcp=0.0309 | fluence=1.0853 | LR=8.0e-04
2026-03-10 17:15:53,179 | INFO | [Epoch 11] Val - loss=0.0155 | psnr=18.3203 | ssim=0.5103 | mae_cp=0.0592 | corr_cp=0.7957 | gradw=0.0490 | gradcp=0.0371 | fluence=1.4673 | LR=8.0e-04
2026-03-10 17:15:55,655 | INFO | Checkpoints saved: latest=latest.pth, best=best.pth
2026-03-10 17:15:55,656 | INFO | New best model! Val loss: 0.015519
2026-03-10 17:15:56,961 | INFO | Checkpoint saved: latest=latest.pth
2026-03-10 17:27:48,769 | INFO | [Epoch 12] Train - loss=0.0099 | psnr=20.1786 | ssim=0.8233 | mae_cp=0.0414 | corr_cp=0.8346 | gradw=0.0392 | gradcp=0.0309 | fluence=1.0939 | LR=8.0e-04
2026-03-10 17:28:29,872 | INFO | [Epoch 12] Val - loss=0.0147 | psnr=18.5408 | ssim=0.5170 | mae_cp=0.0576 | corr_cp=0.8011 | gradw=0.0486 | gradcp=0.0369 | fluence=1.4215 | LR=8.0e-04
2026-03-10 17:28:32,725 | INFO | Checkpoints saved: latest=latest.pth, best=best.pth
2026-03-10 17:28:32,725 | INFO | New best model! Val loss: 0.014748
2026-03-10 17:28:34,277 | INFO | Checkpoint saved: latest=latest.pth
2026-03-10 17:40:12,823 | INFO | [Epoch 13] Train - loss=0.0097 | psnr=20.2596 | ssim=0.8260 | mae_cp=0.0408 | corr_cp=0.8374 | gradw=0.0389 | gradcp=0.0307 | fluence=1.0764 | LR=8.0e-04
2026-03-10 17:40:40,332 | INFO | [Epoch 13] Val - loss=0.0141 | psnr=18.7313 | ssim=0.5261 | mae_cp=0.0561 | corr_cp=0.8057 | gradw=0.0481 | gradcp=0.0367 | fluence=1.3804 | LR=8.0e-04
2026-03-10 17:40:41,381 | INFO | Checkpoints saved: latest=latest.pth, best=best.pth
2026-03-10 17:40:41,382 | INFO | New best model! Val loss: 0.014113
2026-03-10 17:40:42,393 | INFO | Checkpoint saved: latest=latest.pth
2026-03-10 17:52:44,533 | INFO | [Epoch 14] Train - loss=0.0097 | psnr=20.3093 | ssim=0.8258 | mae_cp=0.0407 | corr_cp=0.8368 | gradw=0.0388 | gradcp=0.0306 | fluence=1.0678 | LR=8.0e-04
2026-03-10 17:53:25,020 | INFO | [Epoch 14] Val - loss=0.0136 | psnr=18.8950 | ssim=0.5391 | mae_cp=0.0547 | corr_cp=0.8097 | gradw=0.0477 | gradcp=0.0365 | fluence=1.3418 | LR=8.0e-04
2026-03-10 17:53:27,852 | INFO | Checkpoints saved: latest=latest.pth, best=best.pth
2026-03-10 17:53:27,853 | INFO | New best model! Val loss: 0.013593
2026-03-10 17:53:29,442 | INFO | Checkpoint saved: latest=latest.pth
2026-03-10 18:05:19,749 | INFO | [Epoch 15] Train - loss=0.0095 | psnr=20.3554 | ssim=0.8275 | mae_cp=0.0404 | corr_cp=0.8381 | gradw=0.0386 | gradcp=0.0305 | fluence=1.0595 | LR=8.0e-04
2026-03-10 18:06:00,462 | INFO | [Epoch 15] Val - loss=0.0131 | psnr=19.0433 | ssim=0.5696 | mae_cp=0.0529 | corr_cp=0.8132 | gradw=0.0473 | gradcp=0.0362 | fluence=1.2989 | LR=8.0e-04
2026-03-10 18:06:02,909 | INFO | Checkpoints saved: latest=latest.pth, best=best.pth
2026-03-10 18:06:02,910 | INFO | New best model! Val loss: 0.013141
2026-03-10 18:06:04,200 | INFO | Checkpoint saved: latest=latest.pth
2026-03-10 18:17:57,076 | INFO | [Epoch 16] Train - loss=0.0095 | psnr=20.3573 | ssim=0.8275 | mae_cp=0.0404 | corr_cp=0.8387 | gradw=0.0388 | gradcp=0.0306 | fluence=1.0623 | LR=8.0e-04
2026-03-10 18:18:37,434 | INFO | [Epoch 16] Val - loss=0.0128 | psnr=19.1683 | ssim=0.6057 | mae_cp=0.0511 | corr_cp=0.8163 | gradw=0.0468 | gradcp=0.0360 | fluence=1.2587 | LR=8.0e-04
2026-03-10 18:18:40,357 | INFO | Checkpoints saved: latest=latest.pth, best=best.pth
2026-03-10 18:18:40,357 | INFO | New best model! Val loss: 0.012773
2026-03-10 18:18:42,021 | INFO | Checkpoint saved: latest=latest.pth
2026-03-10 18:30:22,561 | INFO | [Epoch 17] Train - loss=0.0095 | psnr=20.3537 | ssim=0.8275 | mae_cp=0.0404 | corr_cp=0.8410 | gradw=0.0388 | gradcp=0.0307 | fluence=1.0627 | LR=8.0e-04
2026-03-10 18:31:00,561 | INFO | [Epoch 17] Val - loss=0.0125 | psnr=19.2786 | ssim=0.6457 | mae_cp=0.0495 | corr_cp=0.8190 | gradw=0.0464 | gradcp=0.0357 | fluence=1.2227 | LR=8.0e-04
2026-03-10 18:31:02,604 | INFO | Checkpoints saved: latest=latest.pth, best=best.pth
2026-03-10 18:31:02,604 | INFO | New best model! Val loss: 0.012457
2026-03-10 18:31:03,694 | INFO | Checkpoint saved: latest=latest.pth
2026-03-10 18:42:33,945 | INFO | [Epoch 18] Train - loss=0.0094 | psnr=20.3934 | ssim=0.8315 | mae_cp=0.0401 | corr_cp=0.8418 | gradw=0.0385 | gradcp=0.0305 | fluence=1.0589 | LR=8.0e-04
2026-03-10 18:43:00,537 | INFO | [Epoch 18] Val - loss=0.0122 | psnr=19.3739 | ssim=0.6815 | mae_cp=0.0480 | corr_cp=0.8214 | gradw=0.0460 | gradcp=0.0355 | fluence=1.1917 | LR=8.0e-04
2026-03-10 18:43:01,846 | INFO | Checkpoints saved: latest=latest.pth, best=best.pth
2026-03-10 18:43:01,847 | INFO | New best model! Val loss: 0.012194
2026-03-10 18:43:02,695 | INFO | Checkpoint saved: latest=latest.pth
2026-03-10 18:54:39,973 | INFO | [Epoch 19] Train - loss=0.0094 | psnr=20.4318 | ssim=0.8326 | mae_cp=0.0399 | corr_cp=0.8422 | gradw=0.0384 | gradcp=0.0304 | fluence=1.0516 | LR=8.0e-04
2026-03-10 18:55:22,661 | INFO | [Epoch 19] Val - loss=0.0119 | psnr=19.4629 | ssim=0.7158 | mae_cp=0.0466 | corr_cp=0.8237 | gradw=0.0456 | gradcp=0.0352 | fluence=1.1661 | LR=8.0e-04
2026-03-10 18:55:25,245 | INFO | Checkpoints saved: latest=latest.pth, best=best.pth
2026-03-10 18:55:25,245 | INFO | New best model! Val loss: 0.011950
2026-03-10 18:55:26,673 | INFO | Checkpoint saved: latest=latest.pth
2026-03-10 19:06:55,118 | INFO | [Epoch 20] Train - loss=0.0094 | psnr=20.4113 | ssim=0.8315 | mae_cp=0.0400 | corr_cp=0.8414 | gradw=0.0386 | gradcp=0.0305 | fluence=1.0547 | LR=8.0e-04
2026-03-10 19:07:35,394 | INFO | [Epoch 20] Val - loss=0.0117 | psnr=19.5480 | ssim=0.7541 | mae_cp=0.0451 | corr_cp=0.8258 | gradw=0.0452 | gradcp=0.0349 | fluence=1.1447 | LR=8.0e-04
2026-03-10 19:07:37,677 | INFO | Checkpoints saved: latest=latest.pth, best=best.pth
2026-03-10 19:07:37,677 | INFO | New best model! Val loss: 0.011719
2026-03-10 19:07:39,008 | INFO | Checkpoint saved: latest=latest.pth
2026-03-10 19:19:24,482 | INFO | [Epoch 21] Train - loss=0.0094 | psnr=20.4318 | ssim=0.8313 | mae_cp=0.0399 | corr_cp=0.8421 | gradw=0.0386 | gradcp=0.0305 | fluence=1.0484 | LR=8.0e-04
2026-03-10 19:20:03,750 | INFO | [Epoch 21] Val - loss=0.0115 | psnr=19.6287 | ssim=0.7823 | mae_cp=0.0440 | corr_cp=0.8279 | gradw=0.0447 | gradcp=0.0346 | fluence=1.1279 | LR=8.0e-04
2026-03-10 19:20:06,175 | INFO | Checkpoints saved: latest=latest.pth, best=best.pth
2026-03-10 19:20:06,175 | INFO | New best model! Val loss: 0.011503
2026-03-10 19:20:07,433 | INFO | Checkpoint saved: latest=latest.pth
2026-03-10 19:31:34,437 | INFO | [Epoch 22] Train - loss=0.0093 | psnr=20.4714 | ssim=0.8331 | mae_cp=0.0398 | corr_cp=0.8418 | gradw=0.0384 | gradcp=0.0304 | fluence=1.0415 | LR=8.0e-04
2026-03-10 19:32:17,425 | INFO | [Epoch 22] Val - loss=0.0113 | psnr=19.7086 | ssim=0.8028 | mae_cp=0.0430 | corr_cp=0.8299 | gradw=0.0443 | gradcp=0.0343 | fluence=1.1132 | LR=8.0e-04
2026-03-10 19:32:20,311 | INFO | Checkpoints saved: latest=latest.pth, best=best.pth
2026-03-10 19:32:20,311 | INFO | New best model! Val loss: 0.011295
2026-03-10 19:32:21,856 | INFO | Checkpoint saved: latest=latest.pth
2026-03-10 19:44:23,304 | INFO | [Epoch 23] Train - loss=0.0093 | psnr=20.4785 | ssim=0.8341 | mae_cp=0.0397 | corr_cp=0.8414 | gradw=0.0383 | gradcp=0.0304 | fluence=1.0422 | LR=8.0e-04
2026-03-10 19:44:52,869 | INFO | [Epoch 23] Val - loss=0.0111 | psnr=19.7838 | ssim=0.8183 | mae_cp=0.0421 | corr_cp=0.8318 | gradw=0.0439 | gradcp=0.0340 | fluence=1.0982 | LR=8.0e-04
2026-03-10 19:44:55,028 | INFO | Checkpoints saved: latest=latest.pth, best=best.pth
2026-03-10 19:44:55,029 | INFO | New best model! Val loss: 0.011102
2026-03-10 19:44:56,167 | INFO | Checkpoint saved: latest=latest.pth
2026-03-10 19:57:34,085 | INFO | [Epoch 24] Train - loss=0.0094 | psnr=20.4430 | ssim=0.8304 | mae_cp=0.0400 | corr_cp=0.8435 | gradw=0.0385 | gradcp=0.0305 | fluence=1.0622 | LR=8.0e-04
2026-03-10 19:58:15,038 | INFO | [Epoch 24] Val - loss=0.0109 | psnr=19.8471 | ssim=0.8277 | mae_cp=0.0415 | corr_cp=0.8335 | gradw=0.0436 | gradcp=0.0338 | fluence=1.0864 | LR=8.0e-04
2026-03-10 19:58:17,462 | INFO | Checkpoints saved: latest=latest.pth, best=best.pth
2026-03-10 19:58:17,463 | INFO | New best model! Val loss: 0.010947
2026-03-10 19:58:18,737 | INFO | Checkpoint saved: latest=latest.pth
2026-03-10 20:10:21,774 | INFO | [Epoch 25] Train - loss=0.0092 | psnr=20.5164 | ssim=0.8346 | mae_cp=0.0395 | corr_cp=0.8434 | gradw=0.0380 | gradcp=0.0302 | fluence=1.0374 | LR=8.0e-04
2026-03-10 20:11:01,116 | INFO | [Epoch 25] Val - loss=0.0108 | psnr=19.9013 | ssim=0.8335 | mae_cp=0.0410 | corr_cp=0.8349 | gradw=0.0433 | gradcp=0.0336 | fluence=1.0758 | LR=8.0e-04
2026-03-10 20:11:03,484 | INFO | Checkpoints saved: latest=latest.pth, best=best.pth
2026-03-10 20:11:03,485 | INFO | New best model! Val loss: 0.010818
2026-03-10 20:11:04,832 | INFO | Checkpoint saved: latest=latest.pth
2026-03-10 20:22:45,745 | INFO | [Epoch 26] Train - loss=0.0093 | psnr=20.4885 | ssim=0.8336 | mae_cp=0.0397 | corr_cp=0.8424 | gradw=0.0384 | gradcp=0.0304 | fluence=1.0374 | LR=8.0e-04
2026-03-10 20:23:16,298 | INFO | [Epoch 26] Val - loss=0.0107 | psnr=19.9541 | ssim=0.8373 | mae_cp=0.0407 | corr_cp=0.8363 | gradw=0.0431 | gradcp=0.0334 | fluence=1.0625 | LR=8.0e-04
2026-03-10 20:23:19,059 | INFO | Checkpoints saved: latest=latest.pth, best=best.pth
2026-03-10 20:23:19,060 | INFO | New best model! Val loss: 0.010694
2026-03-10 20:23:20,412 | INFO | Checkpoint saved: latest=latest.pth
2026-03-10 20:35:13,999 | INFO | [Epoch 27] Train - loss=0.0092 | psnr=20.5070 | ssim=0.8339 | mae_cp=0.0396 | corr_cp=0.8425 | gradw=0.0384 | gradcp=0.0305 | fluence=1.0351 | LR=8.0e-04
2026-03-10 20:35:48,922 | INFO | [Epoch 27] Val - loss=0.0106 | psnr=19.9974 | ssim=0.8401 | mae_cp=0.0404 | corr_cp=0.8375 | gradw=0.0430 | gradcp=0.0333 | fluence=1.0532 | LR=8.0e-04
2026-03-10 20:35:51,499 | INFO | Checkpoints saved: latest=latest.pth, best=best.pth
2026-03-10 20:35:51,499 | INFO | New best model! Val loss: 0.010602
2026-03-10 20:35:52,846 | INFO | Checkpoint saved: latest=latest.pth
2026-03-10 20:47:36,241 | INFO | [Epoch 28] Train - loss=0.0092 | psnr=20.5239 | ssim=0.8355 | mae_cp=0.0395 | corr_cp=0.8437 | gradw=0.0382 | gradcp=0.0303 | fluence=1.0480 | LR=8.0e-04
2026-03-10 20:48:14,486 | INFO | [Epoch 28] Val - loss=0.0105 | psnr=20.0347 | ssim=0.8419 | mae_cp=0.0401 | corr_cp=0.8384 | gradw=0.0428 | gradcp=0.0332 | fluence=1.0455 | LR=8.0e-04
2026-03-10 20:48:17,421 | INFO | Checkpoints saved: latest=latest.pth, best=best.pth
2026-03-10 20:48:17,421 | INFO | New best model! Val loss: 0.010523
2026-03-10 20:48:18,955 | INFO | Checkpoint saved: latest=latest.pth
2026-03-10 21:00:52,423 | INFO | [Epoch 29] Train - loss=0.0091 | psnr=20.5597 | ssim=0.8365 | mae_cp=0.0392 | corr_cp=0.8429 | gradw=0.0381 | gradcp=0.0302 | fluence=1.0230 | LR=8.0e-04
2026-03-10 21:01:31,843 | INFO | [Epoch 29] Val - loss=0.0105 | psnr=20.0680 | ssim=0.8433 | mae_cp=0.0399 | corr_cp=0.8393 | gradw=0.0427 | gradcp=0.0331 | fluence=1.0389 | LR=8.0e-04
2026-03-10 21:01:34,195 | INFO | Checkpoints saved: latest=latest.pth, best=best.pth
2026-03-10 21:01:34,195 | INFO | New best model! Val loss: 0.010458
2026-03-10 21:01:35,601 | INFO | Checkpoint saved: latest=latest.pth
2026-03-10 21:14:23,827 | INFO | [Epoch 30] Train - loss=0.0091 | psnr=20.5617 | ssim=0.8388 | mae_cp=0.0393 | corr_cp=0.8442 | gradw=0.0381 | gradcp=0.0303 | fluence=1.0318 | LR=8.0e-04
2026-03-10 21:15:05,130 | INFO | [Epoch 30] Val - loss=0.0104 | psnr=20.1014 | ssim=0.8447 | mae_cp=0.0397 | corr_cp=0.8400 | gradw=0.0426 | gradcp=0.0330 | fluence=1.0289 | LR=8.0e-04
2026-03-10 21:15:08,276 | INFO | Checkpoints saved: latest=latest.pth, best=best.pth
2026-03-10 21:15:08,276 | INFO | New best model! Val loss: 0.010388
2026-03-10 21:15:09,929 | INFO | Checkpoint saved: latest=latest.pth
2026-03-10 21:26:43,481 | INFO | [Epoch 31] Train - loss=0.0091 | psnr=20.5762 | ssim=0.8378 | mae_cp=0.0392 | corr_cp=0.8449 | gradw=0.0382 | gradcp=0.0303 | fluence=1.0211 | LR=8.0e-04
2026-03-10 21:27:22,259 | INFO | [Epoch 31] Val - loss=0.0103 | psnr=20.1289 | ssim=0.8457 | mae_cp=0.0396 | corr_cp=0.8407 | gradw=0.0425 | gradcp=0.0329 | fluence=1.0236 | LR=8.0e-04
2026-03-10 21:27:24,718 | INFO | Checkpoints saved: latest=latest.pth, best=best.pth
2026-03-10 21:27:24,719 | INFO | New best model! Val loss: 0.010335
2026-03-10 21:27:26,055 | INFO | Checkpoint saved: latest=latest.pth
2026-03-10 21:39:06,032 | INFO | [Epoch 32] Train - loss=0.0091 | psnr=20.5715 | ssim=0.8339 | mae_cp=0.0393 | corr_cp=0.8446 | gradw=0.0380 | gradcp=0.0301 | fluence=1.0514 | LR=8.0e-04
2026-03-10 21:39:46,623 | INFO | [Epoch 32] Val - loss=0.0103 | psnr=20.1548 | ssim=0.8465 | mae_cp=0.0394 | corr_cp=0.8413 | gradw=0.0424 | gradcp=0.0329 | fluence=1.0174 | LR=8.0e-04
2026-03-10 21:39:48,945 | INFO | Checkpoints saved: latest=latest.pth, best=best.pth
2026-03-10 21:39:48,945 | INFO | New best model! Val loss: 0.010283
2026-03-10 21:39:50,209 | INFO | Checkpoint saved: latest=latest.pth
2026-03-10 21:51:20,049 | INFO | [Epoch 33] Train - loss=0.0090 | psnr=20.5987 | ssim=0.8363 | mae_cp=0.0390 | corr_cp=0.8441 | gradw=0.0379 | gradcp=0.0301 | fluence=1.0225 | LR=8.0e-04
2026-03-10 21:51:59,050 | INFO | [Epoch 33] Val - loss=0.0102 | psnr=20.1766 | ssim=0.8472 | mae_cp=0.0393 | corr_cp=0.8419 | gradw=0.0423 | gradcp=0.0328 | fluence=1.0124 | LR=8.0e-04
2026-03-10 21:52:01,308 | INFO | Checkpoints saved: latest=latest.pth, best=best.pth
2026-03-10 21:52:01,308 | INFO | New best model! Val loss: 0.010240
2026-03-10 21:52:02,513 | INFO | Checkpoint saved: latest=latest.pth
2026-03-10 22:04:49,283 | INFO | [Epoch 34] Train - loss=0.0091 | psnr=20.5747 | ssim=0.8356 | mae_cp=0.0393 | corr_cp=0.8444 | gradw=0.0381 | gradcp=0.0303 | fluence=1.0267 | LR=8.0e-04
2026-03-10 22:05:28,173 | INFO | [Epoch 34] Val - loss=0.0102 | psnr=20.1989 | ssim=0.8477 | mae_cp=0.0392 | corr_cp=0.8424 | gradw=0.0422 | gradcp=0.0328 | fluence=1.0064 | LR=8.0e-04
2026-03-10 22:05:31,049 | INFO | Checkpoints saved: latest=latest.pth, best=best.pth
2026-03-10 22:05:31,049 | INFO | New best model! Val loss: 0.010189
2026-03-10 22:05:32,497 | INFO | Checkpoint saved: latest=latest.pth
2026-03-10 22:17:53,898 | INFO | [Epoch 35] Train - loss=0.0091 | psnr=20.5689 | ssim=0.8354 | mae_cp=0.0392 | corr_cp=0.8433 | gradw=0.0382 | gradcp=0.0303 | fluence=1.0331 | LR=8.0e-04
2026-03-10 22:18:32,311 | INFO | [Epoch 35] Val - loss=0.0102 | psnr=20.2160 | ssim=0.8482 | mae_cp=0.0391 | corr_cp=0.8429 | gradw=0.0422 | gradcp=0.0327 | fluence=1.0036 | LR=8.0e-04
2026-03-10 22:18:35,247 | INFO | Checkpoints saved: latest=latest.pth, best=best.pth
2026-03-10 22:18:35,248 | INFO | New best model! Val loss: 0.010153
2026-03-10 22:18:36,808 | INFO | Checkpoint saved: latest=latest.pth
2026-03-10 22:30:17,934 | INFO | [Epoch 36] Train - loss=0.0090 | psnr=20.6059 | ssim=0.8352 | mae_cp=0.0391 | corr_cp=0.8447 | gradw=0.0380 | gradcp=0.0303 | fluence=1.0164 | LR=8.0e-04
2026-03-10 22:30:56,665 | INFO | [Epoch 36] Val - loss=0.0101 | psnr=20.2343 | ssim=0.8489 | mae_cp=0.0390 | corr_cp=0.8432 | gradw=0.0421 | gradcp=0.0327 | fluence=0.9993 | LR=8.0e-04
2026-03-10 22:30:59,059 | INFO | Checkpoints saved: latest=latest.pth, best=best.pth
2026-03-10 22:30:59,059 | INFO | New best model! Val loss: 0.010113
2026-03-10 22:31:00,533 | INFO | Checkpoint saved: latest=latest.pth
2026-03-10 22:42:38,187 | INFO | [Epoch 37] Train - loss=0.0089 | psnr=20.6375 | ssim=0.8369 | mae_cp=0.0390 | corr_cp=0.8461 | gradw=0.0379 | gradcp=0.0301 | fluence=1.0166 | LR=8.0e-04
2026-03-10 22:43:20,143 | INFO | [Epoch 37] Val - loss=0.0101 | psnr=20.2527 | ssim=0.8496 | mae_cp=0.0389 | corr_cp=0.8437 | gradw=0.0421 | gradcp=0.0327 | fluence=0.9936 | LR=8.0e-04
2026-03-10 22:43:23,194 | INFO | Checkpoints saved: latest=latest.pth, best=best.pth
2026-03-10 22:43:23,195 | INFO | New best model! Val loss: 0.010065
2026-03-10 22:43:24,856 | INFO | Checkpoint saved: latest=latest.pth
2026-03-10 22:55:39,359 | INFO | [Epoch 38] Train - loss=0.0090 | psnr=20.6141 | ssim=0.8354 | mae_cp=0.0392 | corr_cp=0.8461 | gradw=0.0381 | gradcp=0.0303 | fluence=1.0223 | LR=8.0e-04
2026-03-10 22:56:17,538 | INFO | [Epoch 38] Val - loss=0.0100 | psnr=20.2671 | ssim=0.8498 | mae_cp=0.0389 | corr_cp=0.8440 | gradw=0.0420 | gradcp=0.0326 | fluence=0.9907 | LR=8.0e-04
2026-03-10 22:56:20,433 | INFO | Checkpoints saved: latest=latest.pth, best=best.pth
2026-03-10 22:56:20,434 | INFO | New best model! Val loss: 0.010031
2026-03-10 22:56:21,876 | INFO | Checkpoint saved: latest=latest.pth
2026-03-10 23:08:42,418 | INFO | [Epoch 39] Train - loss=0.0089 | psnr=20.6465 | ssim=0.8386 | mae_cp=0.0389 | corr_cp=0.8467 | gradw=0.0378 | gradcp=0.0301 | fluence=1.0154 | LR=8.0e-04
2026-03-10 23:09:22,365 | INFO | [Epoch 39] Val - loss=0.0100 | psnr=20.2837 | ssim=0.8501 | mae_cp=0.0388 | corr_cp=0.8444 | gradw=0.0420 | gradcp=0.0326 | fluence=0.9853 | LR=8.0e-04
2026-03-10 23:09:25,543 | INFO | Checkpoints saved: latest=latest.pth, best=best.pth
2026-03-10 23:09:25,543 | INFO | New best model! Val loss: 0.009988
2026-03-10 23:09:27,222 | INFO | Checkpoint saved: latest=latest.pth
2026-03-10 23:21:04,781 | INFO | [Epoch 40] Train - loss=0.0090 | psnr=20.5983 | ssim=0.8371 | mae_cp=0.0390 | corr_cp=0.8449 | gradw=0.0382 | gradcp=0.0303 | fluence=1.0192 | LR=8.0e-04
2026-03-10 23:21:46,511 | INFO | [Epoch 40] Val - loss=0.0100 | psnr=20.2966 | ssim=0.8506 | mae_cp=0.0388 | corr_cp=0.8447 | gradw=0.0420 | gradcp=0.0326 | fluence=0.9822 | LR=8.0e-04
2026-03-10 23:21:48,883 | INFO | Checkpoints saved: latest=latest.pth, best=best.pth
2026-03-10 23:21:48,883 | INFO | New best model! Val loss: 0.009952
2026-03-10 23:21:50,295 | INFO | Checkpoint saved: latest=latest.pth
2026-03-10 23:34:13,800 | INFO | [Epoch 41] Train - loss=0.0089 | psnr=20.6604 | ssim=0.8368 | mae_cp=0.0389 | corr_cp=0.8468 | gradw=0.0378 | gradcp=0.0300 | fluence=1.0299 | LR=8.0e-04
2026-03-10 23:34:54,101 | INFO | [Epoch 41] Val - loss=0.0099 | psnr=20.3078 | ssim=0.8508 | mae_cp=0.0387 | corr_cp=0.8450 | gradw=0.0419 | gradcp=0.0325 | fluence=0.9792 | LR=8.0e-04
2026-03-10 23:34:56,585 | INFO | Checkpoints saved: latest=latest.pth, best=best.pth
2026-03-10 23:34:56,585 | INFO | New best model! Val loss: 0.009917
2026-03-10 23:34:57,945 | INFO | Checkpoint saved: latest=latest.pth
2026-03-10 23:47:09,375 | INFO | [Epoch 42] Train - loss=0.0089 | psnr=20.6435 | ssim=0.8337 | mae_cp=0.0390 | corr_cp=0.8463 | gradw=0.0379 | gradcp=0.0302 | fluence=1.0142 | LR=8.0e-04
2026-03-10 23:47:47,190 | INFO | [Epoch 42] Val - loss=0.0099 | psnr=20.3181 | ssim=0.8512 | mae_cp=0.0387 | corr_cp=0.8453 | gradw=0.0419 | gradcp=0.0325 | fluence=0.9768 | LR=8.0e-04
2026-03-10 23:47:50,239 | INFO | Checkpoints saved: latest=latest.pth, best=best.pth
2026-03-10 23:47:50,239 | INFO | New best model! Val loss: 0.009896
2026-03-10 23:47:51,849 | INFO | Checkpoint saved: latest=latest.pth
2026-03-10 23:59:23,979 | INFO | [Epoch 43] Train - loss=0.0089 | psnr=20.6826 | ssim=0.8385 | mae_cp=0.0388 | corr_cp=0.8478 | gradw=0.0378 | gradcp=0.0300 | fluence=1.0160 | LR=8.0e-04
2026-03-11 00:00:02,928 | INFO | [Epoch 43] Val - loss=0.0099 | psnr=20.3274 | ssim=0.8513 | mae_cp=0.0387 | corr_cp=0.8455 | gradw=0.0419 | gradcp=0.0325 | fluence=0.9758 | LR=8.0e-04
2026-03-11 00:00:05,207 | INFO | Checkpoints saved: latest=latest.pth, best=best.pth
2026-03-11 00:00:05,207 | INFO | New best model! Val loss: 0.009869
2026-03-11 00:00:06,721 | INFO | Checkpoint saved: latest=latest.pth
2026-03-11 00:12:50,699 | INFO | [Epoch 44] Train - loss=0.0089 | psnr=20.6794 | ssim=0.8364 | mae_cp=0.0388 | corr_cp=0.8475 | gradw=0.0379 | gradcp=0.0300 | fluence=1.0134 | LR=8.0e-04
2026-03-11 00:13:36,341 | INFO | [Epoch 44] Val - loss=0.0098 | psnr=20.3397 | ssim=0.8514 | mae_cp=0.0386 | corr_cp=0.8458 | gradw=0.0419 | gradcp=0.0325 | fluence=0.9713 | LR=8.0e-04
2026-03-11 00:13:39,485 | INFO | Checkpoints saved: latest=latest.pth, best=best.pth
2026-03-11 00:13:39,485 | INFO | New best model! Val loss: 0.009837
2026-03-11 00:13:41,236 | INFO | Checkpoint saved: latest=latest.pth
2026-03-11 00:25:49,046 | INFO | [Epoch 45] Train - loss=0.0089 | psnr=20.6573 | ssim=0.8397 | mae_cp=0.0387 | corr_cp=0.8469 | gradw=0.0380 | gradcp=0.0302 | fluence=1.0087 | LR=8.0e-04
2026-03-11 00:26:28,310 | INFO | [Epoch 45] Val - loss=0.0098 | psnr=20.3473 | ssim=0.8516 | mae_cp=0.0386 | corr_cp=0.8460 | gradw=0.0418 | gradcp=0.0325 | fluence=0.9703 | LR=8.0e-04
2026-03-11 00:26:31,268 | INFO | Checkpoints saved: latest=latest.pth, best=best.pth
2026-03-11 00:26:31,269 | INFO | New best model! Val loss: 0.009816
2026-03-11 00:26:32,695 | INFO | Checkpoint saved: latest=latest.pth
2026-03-11 00:38:09,319 | INFO | [Epoch 46] Train - loss=0.0089 | psnr=20.6376 | ssim=0.8375 | mae_cp=0.0389 | corr_cp=0.8458 | gradw=0.0377 | gradcp=0.0300 | fluence=1.0233 | LR=8.0e-04
2026-03-11 00:38:48,923 | INFO | [Epoch 46] Val - loss=0.0098 | psnr=20.3569 | ssim=0.8519 | mae_cp=0.0386 | corr_cp=0.8462 | gradw=0.0418 | gradcp=0.0325 | fluence=0.9676 | LR=8.0e-04
2026-03-11 00:38:50,810 | INFO | Checkpoints saved: latest=latest.pth, best=best.pth
2026-03-11 00:38:50,810 | INFO | New best model! Val loss: 0.009785
2026-03-11 00:38:51,968 | INFO | Checkpoint saved: latest=latest.pth
2026-03-11 00:50:40,679 | INFO | [Epoch 47] Train - loss=0.0089 | psnr=20.6407 | ssim=0.8362 | mae_cp=0.0389 | corr_cp=0.8462 | gradw=0.0381 | gradcp=0.0302 | fluence=1.0134 | LR=8.0e-04
2026-03-11 00:51:19,943 | INFO | [Epoch 47] Val - loss=0.0098 | psnr=20.3654 | ssim=0.8523 | mae_cp=0.0386 | corr_cp=0.8464 | gradw=0.0418 | gradcp=0.0325 | fluence=0.9650 | LR=8.0e-04
2026-03-11 00:51:21,667 | INFO | Checkpoints saved: latest=latest.pth, best=best.pth
2026-03-11 00:51:21,667 | INFO | New best model! Val loss: 0.009759
2026-03-11 00:51:22,700 | INFO | Checkpoint saved: latest=latest.pth
2026-03-11 01:03:14,645 | INFO | [Epoch 48] Train - loss=0.0089 | psnr=20.6596 | ssim=0.8388 | mae_cp=0.0388 | corr_cp=0.8469 | gradw=0.0379 | gradcp=0.0301 | fluence=1.0133 | LR=8.0e-04
2026-03-11 01:03:51,860 | INFO | [Epoch 48] Val - loss=0.0097 | psnr=20.3713 | ssim=0.8523 | mae_cp=0.0386 | corr_cp=0.8466 | gradw=0.0418 | gradcp=0.0324 | fluence=0.9650 | LR=8.0e-04
2026-03-11 01:03:53,526 | INFO | Checkpoints saved: latest=latest.pth, best=best.pth
2026-03-11 01:03:53,526 | INFO | New best model! Val loss: 0.009747
2026-03-11 01:03:54,508 | INFO | Checkpoint saved: latest=latest.pth
2026-03-11 01:16:20,288 | INFO | [Epoch 49] Train - loss=0.0088 | psnr=20.6940 | ssim=0.8399 | mae_cp=0.0386 | corr_cp=0.8469 | gradw=0.0377 | gradcp=0.0300 | fluence=1.0071 | LR=8.0e-04
2026-03-11 01:16:50,057 | INFO | [Epoch 49] Val - loss=0.0097 | psnr=20.3804 | ssim=0.8525 | mae_cp=0.0385 | corr_cp=0.8468 | gradw=0.0418 | gradcp=0.0324 | fluence=0.9621 | LR=8.0e-04
2026-03-11 01:16:52,432 | INFO | Checkpoints saved: latest=latest.pth, best=best.pth
2026-03-11 01:16:52,433 | INFO | New best model! Val loss: 0.009716
2026-03-11 01:16:53,870 | INFO | Checkpoint saved: latest=latest.pth
2026-03-11 01:28:34,921 | INFO | [Epoch 50] Train - loss=0.0088 | psnr=20.7026 | ssim=0.8380 | mae_cp=0.0386 | corr_cp=0.8476 | gradw=0.0377 | gradcp=0.0300 | fluence=1.0007 | LR=8.0e-04
2026-03-11 01:29:11,479 | INFO | [Epoch 50] Val - loss=0.0097 | psnr=20.3897 | ssim=0.8527 | mae_cp=0.0385 | corr_cp=0.8470 | gradw=0.0418 | gradcp=0.0324 | fluence=0.9596 | LR=8.0e-04
2026-03-11 01:29:12,747 | INFO | Checkpoints saved: latest=latest.pth, best=best.pth
2026-03-11 01:29:12,748 | INFO | New best model! Val loss: 0.009688
2026-03-11 01:29:13,613 | INFO | Checkpoint saved: latest=latest.pth
2026-03-11 01:40:47,534 | INFO | [Epoch 51] Train - loss=0.0088 | psnr=20.6992 | ssim=0.8383 | mae_cp=0.0386 | corr_cp=0.8471 | gradw=0.0379 | gradcp=0.0301 | fluence=1.0007 | LR=8.0e-04
2026-03-11 01:41:24,017 | INFO | [Epoch 51] Val - loss=0.0097 | psnr=20.3966 | ssim=0.8528 | mae_cp=0.0385 | corr_cp=0.8471 | gradw=0.0417 | gradcp=0.0324 | fluence=0.9587 | LR=8.0e-04
2026-03-11 01:41:25,839 | INFO | Checkpoints saved: latest=latest.pth, best=best.pth
2026-03-11 01:41:25,839 | INFO | New best model! Val loss: 0.009666
2026-03-11 01:41:27,187 | INFO | Checkpoint saved: latest=latest.pth
2026-03-11 01:53:17,753 | INFO | [Epoch 52] Train - loss=0.0087 | psnr=20.7481 | ssim=0.8399 | mae_cp=0.0383 | corr_cp=0.8477 | gradw=0.0373 | gradcp=0.0297 | fluence=1.0026 | LR=8.0e-04
2026-03-11 01:53:58,465 | INFO | [Epoch 52] Val - loss=0.0096 | psnr=20.4034 | ssim=0.8531 | mae_cp=0.0385 | corr_cp=0.8473 | gradw=0.0417 | gradcp=0.0324 | fluence=0.9567 | LR=8.0e-04
2026-03-11 01:54:00,730 | INFO | Checkpoints saved: latest=latest.pth, best=best.pth
2026-03-11 01:54:00,730 | INFO | New best model! Val loss: 0.009643
2026-03-11 01:54:02,019 | INFO | Checkpoint saved: latest=latest.pth
2026-03-11 02:06:19,750 | INFO | [Epoch 53] Train - loss=0.0088 | psnr=20.7165 | ssim=0.8368 | mae_cp=0.0387 | corr_cp=0.8464 | gradw=0.0377 | gradcp=0.0301 | fluence=1.0017 | LR=8.0e-04
2026-03-11 02:07:02,317 | INFO | [Epoch 53] Val - loss=0.0096 | psnr=20.4105 | ssim=0.8533 | mae_cp=0.0384 | corr_cp=0.8474 | gradw=0.0417 | gradcp=0.0324 | fluence=0.9554 | LR=8.0e-04
2026-03-11 02:07:05,409 | INFO | Checkpoints saved: latest=latest.pth, best=best.pth
2026-03-11 02:07:05,410 | INFO | New best model! Val loss: 0.009621
2026-03-11 02:07:07,118 | INFO | Checkpoint saved: latest=latest.pth
2026-03-11 02:19:40,629 | INFO | [Epoch 54] Train - loss=0.0088 | psnr=20.7296 | ssim=0.8400 | mae_cp=0.0385 | corr_cp=0.8486 | gradw=0.0378 | gradcp=0.0300 | fluence=1.0012 | LR=8.0e-04
2026-03-11 02:20:18,142 | INFO | [Epoch 54] Val - loss=0.0096 | psnr=20.4172 | ssim=0.8533 | mae_cp=0.0384 | corr_cp=0.8476 | gradw=0.0417 | gradcp=0.0324 | fluence=0.9543 | LR=8.0e-04
2026-03-11 02:20:21,477 | INFO | Checkpoints saved: latest=latest.pth, best=best.pth
2026-03-11 02:20:21,478 | INFO | New best model! Val loss: 0.009600
2026-03-11 02:20:23,235 | INFO | Checkpoint saved: latest=latest.pth
2026-03-11 02:32:06,187 | INFO | [Epoch 55] Train - loss=0.0088 | psnr=20.7188 | ssim=0.8387 | mae_cp=0.0387 | corr_cp=0.8485 | gradw=0.0376 | gradcp=0.0300 | fluence=1.0152 | LR=8.0e-04
2026-03-11 02:32:44,798 | INFO | [Epoch 55] Val - loss=0.0096 | psnr=20.4246 | ssim=0.8535 | mae_cp=0.0384 | corr_cp=0.8477 | gradw=0.0417 | gradcp=0.0324 | fluence=0.9525 | LR=8.0e-04
2026-03-11 02:32:46,116 | INFO | Checkpoints saved: latest=latest.pth, best=best.pth
2026-03-11 02:32:46,117 | INFO | New best model! Val loss: 0.009578
2026-03-11 02:32:46,843 | INFO | Checkpoint saved: latest=latest.pth
2026-03-11 02:44:42,177 | INFO | [Epoch 56] Train - loss=0.0088 | psnr=20.7323 | ssim=0.8396 | mae_cp=0.0385 | corr_cp=0.8486 | gradw=0.0376 | gradcp=0.0300 | fluence=1.0116 | LR=8.0e-04
2026-03-11 02:45:21,191 | INFO | [Epoch 56] Val - loss=0.0096 | psnr=20.4294 | ssim=0.8536 | mae_cp=0.0383 | corr_cp=0.8478 | gradw=0.0417 | gradcp=0.0324 | fluence=0.9520 | LR=8.0e-04
2026-03-11 02:45:23,176 | INFO | Checkpoints saved: latest=latest.pth, best=best.pth
2026-03-11 02:45:23,177 | INFO | New best model! Val loss: 0.009562
2026-03-11 02:45:24,465 | INFO | Checkpoint saved: latest=latest.pth
2026-03-11 02:57:38,911 | INFO | [Epoch 57] Train - loss=0.0087 | psnr=20.7373 | ssim=0.8401 | mae_cp=0.0384 | corr_cp=0.8494 | gradw=0.0377 | gradcp=0.0300 | fluence=0.9974 | LR=8.0e-04
2026-03-11 02:58:19,994 | INFO | [Epoch 57] Val - loss=0.0095 | psnr=20.4366 | ssim=0.8537 | mae_cp=0.0383 | corr_cp=0.8480 | gradw=0.0417 | gradcp=0.0324 | fluence=0.9501 | LR=8.0e-04
2026-03-11 02:58:22,918 | INFO | Checkpoints saved: latest=latest.pth, best=best.pth
2026-03-11 02:58:22,918 | INFO | New best model! Val loss: 0.009539
2026-03-11 02:58:24,321 | INFO | Checkpoint saved: latest=latest.pth
2026-03-11 03:10:04,155 | INFO | [Epoch 58] Train - loss=0.0088 | psnr=20.7398 | ssim=0.8382 | mae_cp=0.0386 | corr_cp=0.8488 | gradw=0.0377 | gradcp=0.0301 | fluence=1.0044 | LR=8.0e-04
2026-03-11 03:10:43,097 | INFO | [Epoch 58] Val - loss=0.0095 | psnr=20.4410 | ssim=0.8537 | mae_cp=0.0383 | corr_cp=0.8481 | gradw=0.0417 | gradcp=0.0324 | fluence=0.9500 | LR=8.0e-04
2026-03-11 03:10:46,283 | INFO | Checkpoints saved: latest=latest.pth, best=best.pth
2026-03-11 03:10:46,283 | INFO | New best model! Val loss: 0.009526
2026-03-11 03:10:47,944 | INFO | Checkpoint saved: latest=latest.pth
2026-03-11 03:23:32,088 | INFO | [Epoch 59] Train - loss=0.0088 | psnr=20.7116 | ssim=0.8379 | mae_cp=0.0386 | corr_cp=0.8472 | gradw=0.0378 | gradcp=0.0300 | fluence=1.0030 | LR=8.0e-04
2026-03-11 03:24:14,171 | INFO | [Epoch 59] Val - loss=0.0095 | psnr=20.4467 | ssim=0.8539 | mae_cp=0.0383 | corr_cp=0.8482 | gradw=0.0417 | gradcp=0.0324 | fluence=0.9487 | LR=8.0e-04
2026-03-11 03:24:16,838 | INFO | Checkpoints saved: latest=latest.pth, best=best.pth
2026-03-11 03:24:16,838 | INFO | New best model! Val loss: 0.009504
2026-03-11 03:24:18,184 | INFO | Checkpoint saved: latest=latest.pth
2026-03-11 03:36:11,675 | INFO | [Epoch 60] Train - loss=0.0087 | psnr=20.7652 | ssim=0.8381 | mae_cp=0.0384 | corr_cp=0.8488 | gradw=0.0375 | gradcp=0.0298 | fluence=0.9982 | LR=8.0e-04
2026-03-11 03:36:51,665 | INFO | [Epoch 60] Val - loss=0.0095 | psnr=20.4513 | ssim=0.8540 | mae_cp=0.0383 | corr_cp=0.8483 | gradw=0.0417 | gradcp=0.0324 | fluence=0.9476 | LR=8.0e-04
2026-03-11 03:36:54,655 | INFO | Checkpoints saved: latest=latest.pth, best=best.pth
2026-03-11 03:36:54,656 | INFO | New best model! Val loss: 0.009491
2026-03-11 03:36:56,187 | INFO | Checkpoint saved: latest=latest.pth
2026-03-11 03:48:51,960 | INFO | [Epoch 61] Train - loss=0.0088 | psnr=20.7221 | ssim=0.8398 | mae_cp=0.0384 | corr_cp=0.8466 | gradw=0.0377 | gradcp=0.0300 | fluence=1.0049 | LR=8.0e-04
2026-03-11 03:49:30,553 | INFO | [Epoch 61] Val - loss=0.0095 | psnr=20.4569 | ssim=0.8539 | mae_cp=0.0383 | corr_cp=0.8484 | gradw=0.0417 | gradcp=0.0324 | fluence=0.9466 | LR=8.0e-04
2026-03-11 03:49:32,877 | INFO | Checkpoints saved: latest=latest.pth, best=best.pth
2026-03-11 03:49:32,878 | INFO | New best model! Val loss: 0.009474
2026-03-11 03:49:34,266 | INFO | Checkpoint saved: latest=latest.pth
2026-03-11 04:01:30,481 | INFO | [Epoch 62] Train - loss=0.0087 | psnr=20.7595 | ssim=0.8364 | mae_cp=0.0384 | corr_cp=0.8469 | gradw=0.0375 | gradcp=0.0298 | fluence=1.0072 | LR=8.0e-04
2026-03-11 04:02:09,042 | INFO | [Epoch 62] Val - loss=0.0095 | psnr=20.4606 | ssim=0.8540 | mae_cp=0.0383 | corr_cp=0.8486 | gradw=0.0416 | gradcp=0.0324 | fluence=0.9461 | LR=8.0e-04
2026-03-11 04:02:12,389 | INFO | Checkpoints saved: latest=latest.pth, best=best.pth
2026-03-11 04:02:12,390 | INFO | New best model! Val loss: 0.009463
2026-03-11 04:02:13,919 | INFO | Checkpoint saved: latest=latest.pth
2026-03-11 04:13:44,500 | INFO | [Epoch 63] Train - loss=0.0087 | psnr=20.7570 | ssim=0.8385 | mae_cp=0.0383 | corr_cp=0.8476 | gradw=0.0376 | gradcp=0.0299 | fluence=0.9944 | LR=8.0e-04
2026-03-11 04:14:24,092 | INFO | [Epoch 63] Val - loss=0.0095 | psnr=20.4655 | ssim=0.8540 | mae_cp=0.0383 | corr_cp=0.8487 | gradw=0.0416 | gradcp=0.0324 | fluence=0.9453 | LR=8.0e-04
2026-03-11 04:14:26,577 | INFO | Checkpoints saved: latest=latest.pth, best=best.pth
2026-03-11 04:14:26,578 | INFO | New best model! Val loss: 0.009452
2026-03-11 04:14:27,939 | INFO | Checkpoint saved: latest=latest.pth
2026-03-11 04:26:51,098 | INFO | [Epoch 64] Train - loss=0.0087 | psnr=20.7684 | ssim=0.8394 | mae_cp=0.0383 | corr_cp=0.8492 | gradw=0.0374 | gradcp=0.0299 | fluence=0.9958 | LR=8.0e-04
2026-03-11 04:27:18,168 | INFO | [Epoch 64] Val - loss=0.0094 | psnr=20.4696 | ssim=0.8539 | mae_cp=0.0382 | corr_cp=0.8488 | gradw=0.0416 | gradcp=0.0324 | fluence=0.9447 | LR=8.0e-04
2026-03-11 04:27:24,471 | INFO | Checkpoints saved: latest=latest.pth, best=best.pth
2026-03-11 04:27:24,472 | INFO | New best model! Val loss: 0.009439
2026-03-11 04:27:27,266 | INFO | Checkpoint saved: latest=latest.pth
2026-03-11 04:38:53,793 | INFO | [Epoch 65] Train - loss=0.0087 | psnr=20.7567 | ssim=0.8390 | mae_cp=0.0383 | corr_cp=0.8491 | gradw=0.0376 | gradcp=0.0299 | fluence=0.9948 | LR=8.0e-04
2026-03-11 04:39:32,760 | INFO | [Epoch 65] Val - loss=0.0094 | psnr=20.4744 | ssim=0.8541 | mae_cp=0.0382 | corr_cp=0.8489 | gradw=0.0416 | gradcp=0.0324 | fluence=0.9437 | LR=8.0e-04
2026-03-11 04:39:35,025 | INFO | Checkpoints saved: latest=latest.pth, best=best.pth
2026-03-11 04:39:35,025 | INFO | New best model! Val loss: 0.009424
2026-03-11 04:39:36,356 | INFO | Checkpoint saved: latest=latest.pth
2026-03-11 04:51:26,325 | INFO | [Epoch 66] Train - loss=0.0087 | psnr=20.7501 | ssim=0.8389 | mae_cp=0.0384 | corr_cp=0.8486 | gradw=0.0377 | gradcp=0.0300 | fluence=1.0006 | LR=8.0e-04
2026-03-11 04:52:14,974 | INFO | [Epoch 66] Val - loss=0.0094 | psnr=20.4780 | ssim=0.8539 | mae_cp=0.0382 | corr_cp=0.8490 | gradw=0.0416 | gradcp=0.0324 | fluence=0.9433 | LR=8.0e-04
2026-03-11 04:52:17,416 | INFO | Checkpoints saved: latest=latest.pth, best=best.pth
2026-03-11 04:52:17,417 | INFO | New best model! Val loss: 0.009416
2026-03-11 04:52:18,865 | INFO | Checkpoint saved: latest=latest.pth
2026-03-11 05:03:57,105 | INFO | [Epoch 67] Train - loss=0.0086 | psnr=20.7929 | ssim=0.8391 | mae_cp=0.0383 | corr_cp=0.8493 | gradw=0.0374 | gradcp=0.0298 | fluence=0.9965 | LR=8.0e-04
2026-03-11 05:04:37,678 | INFO | [Epoch 67] Val - loss=0.0094 | psnr=20.4810 | ssim=0.8538 | mae_cp=0.0382 | corr_cp=0.8490 | gradw=0.0416 | gradcp=0.0324 | fluence=0.9430 | LR=8.0e-04
2026-03-11 05:04:40,812 | INFO | Checkpoints saved: latest=latest.pth, best=best.pth
2026-03-11 05:04:40,812 | INFO | New best model! Val loss: 0.009407
2026-03-11 05:04:42,529 | INFO | Checkpoint saved: latest=latest.pth
2026-03-11 05:16:18,886 | INFO | [Epoch 68] Train - loss=0.0087 | psnr=20.7394 | ssim=0.8396 | mae_cp=0.0385 | corr_cp=0.8486 | gradw=0.0377 | gradcp=0.0301 | fluence=1.0042 | LR=8.0e-04
2026-03-11 05:16:57,479 | INFO | [Epoch 68] Val - loss=0.0094 | psnr=20.4847 | ssim=0.8539 | mae_cp=0.0382 | corr_cp=0.8491 | gradw=0.0416 | gradcp=0.0324 | fluence=0.9427 | LR=8.0e-04
2026-03-11 05:17:00,544 | INFO | Checkpoints saved: latest=latest.pth, best=best.pth
2026-03-11 05:17:00,544 | INFO | New best model! Val loss: 0.009398
2026-03-11 05:17:02,239 | INFO | Checkpoint saved: latest=latest.pth
2026-03-11 05:29:35,735 | INFO | [Epoch 69] Train - loss=0.0087 | psnr=20.7672 | ssim=0.8379 | mae_cp=0.0384 | corr_cp=0.8493 | gradw=0.0376 | gradcp=0.0299 | fluence=0.9987 | LR=8.0e-04
2026-03-11 05:30:50,564 | INFO | [Epoch 69] Val - loss=0.0094 | psnr=20.4882 | ssim=0.8538 | mae_cp=0.0382 | corr_cp=0.8492 | gradw=0.0416 | gradcp=0.0324 | fluence=0.9422 | LR=8.0e-04
2026-03-11 05:30:57,857 | INFO | Checkpoints saved: latest=latest.pth, best=best.pth
2026-03-11 05:30:57,857 | INFO | New best model! Val loss: 0.009388
2026-03-11 05:31:01,333 | INFO | Checkpoint saved: latest=latest.pth
2026-03-11 05:42:57,190 | INFO | [Epoch 70] Train - loss=0.0088 | psnr=20.7308 | ssim=0.8403 | mae_cp=0.0385 | corr_cp=0.8481 | gradw=0.0378 | gradcp=0.0301 | fluence=1.0001 | LR=8.0e-04
2026-03-11 05:43:35,854 | INFO | [Epoch 70] Val - loss=0.0094 | psnr=20.4914 | ssim=0.8538 | mae_cp=0.0382 | corr_cp=0.8493 | gradw=0.0416 | gradcp=0.0324 | fluence=0.9418 | LR=8.0e-04
2026-03-11 05:43:38,489 | INFO | Checkpoints saved: latest=latest.pth, best=best.pth
2026-03-11 05:43:38,489 | INFO | New best model! Val loss: 0.009378
2026-03-11 05:43:40,004 | INFO | Checkpoint saved: latest=latest.pth
2026-03-11 05:55:37,655 | INFO | [Epoch 71] Train - loss=0.0086 | psnr=20.8006 | ssim=0.8384 | mae_cp=0.0382 | corr_cp=0.8488 | gradw=0.0374 | gradcp=0.0297 | fluence=0.9914 | LR=8.0e-04
2026-03-11 05:56:16,263 | INFO | [Epoch 71] Val - loss=0.0094 | psnr=20.4937 | ssim=0.8537 | mae_cp=0.0383 | corr_cp=0.8494 | gradw=0.0416 | gradcp=0.0324 | fluence=0.9415 | LR=8.0e-04
2026-03-11 05:56:19,563 | INFO | Checkpoints saved: latest=latest.pth, best=best.pth
2026-03-11 05:56:19,563 | INFO | New best model! Val loss: 0.009372
2026-03-11 05:56:21,361 | INFO | Checkpoint saved: latest=latest.pth
2026-03-11 06:08:10,056 | INFO | [Epoch 72] Train - loss=0.0086 | psnr=20.7930 | ssim=0.8409 | mae_cp=0.0382 | corr_cp=0.8497 | gradw=0.0374 | gradcp=0.0299 | fluence=0.9902 | LR=8.0e-04
2026-03-11 06:08:49,505 | INFO | [Epoch 72] Val - loss=0.0094 | psnr=20.4972 | ssim=0.8536 | mae_cp=0.0383 | corr_cp=0.8494 | gradw=0.0416 | gradcp=0.0324 | fluence=0.9408 | LR=8.0e-04
2026-03-11 06:08:53,040 | INFO | Checkpoints saved: latest=latest.pth, best=best.pth
2026-03-11 06:08:53,040 | INFO | New best model! Val loss: 0.009364
2026-03-11 06:08:54,879 | INFO | Checkpoint saved: latest=latest.pth
2026-03-11 06:21:00,837 | INFO | [Epoch 73] Train - loss=0.0087 | psnr=20.7777 | ssim=0.8394 | mae_cp=0.0383 | corr_cp=0.8495 | gradw=0.0377 | gradcp=0.0300 | fluence=0.9947 | LR=8.0e-04
2026-03-11 06:21:40,389 | INFO | [Epoch 73] Val - loss=0.0094 | psnr=20.5001 | ssim=0.8537 | mae_cp=0.0382 | corr_cp=0.8495 | gradw=0.0416 | gradcp=0.0324 | fluence=0.9400 | LR=8.0e-04
2026-03-11 06:21:43,804 | INFO | Checkpoints saved: latest=latest.pth, best=best.pth
2026-03-11 06:21:43,804 | INFO | New best model! Val loss: 0.009355
2026-03-11 06:21:45,626 | INFO | Checkpoint saved: latest=latest.pth
2026-03-11 06:33:45,053 | INFO | [Epoch 74] Train - loss=0.0087 | psnr=20.7821 | ssim=0.8404 | mae_cp=0.0383 | corr_cp=0.8504 | gradw=0.0376 | gradcp=0.0300 | fluence=0.9957 | LR=8.0e-04
2026-03-11 06:34:13,454 | INFO | [Epoch 74] Val - loss=0.0093 | psnr=20.5034 | ssim=0.8536 | mae_cp=0.0382 | corr_cp=0.8496 | gradw=0.0416 | gradcp=0.0324 | fluence=0.9394 | LR=8.0e-04
2026-03-11 06:34:19,329 | INFO | Checkpoints saved: latest=latest.pth, best=best.pth
2026-03-11 06:34:19,402 | INFO | New best model! Val loss: 0.009347
2026-03-11 06:34:22,430 | INFO | Checkpoint saved: latest=latest.pth
2026-03-11 06:46:58,732 | INFO | [Epoch 75] Train - loss=0.0086 | psnr=20.7881 | ssim=0.8398 | mae_cp=0.0382 | corr_cp=0.8483 | gradw=0.0376 | gradcp=0.0299 | fluence=0.9946 | LR=8.0e-04
2026-03-11 06:47:55,979 | INFO | [Epoch 75] Val - loss=0.0093 | psnr=20.5064 | ssim=0.8535 | mae_cp=0.0382 | corr_cp=0.8496 | gradw=0.0416 | gradcp=0.0324 | fluence=0.9390 | LR=8.0e-04
2026-03-11 06:47:59,476 | INFO | Checkpoints saved: latest=latest.pth, best=best.pth
2026-03-11 06:47:59,476 | INFO | New best model! Val loss: 0.009339
2026-03-11 06:48:01,345 | INFO | Checkpoint saved: latest=latest.pth
2026-03-11 07:00:49,716 | INFO | [Epoch 76] Train - loss=0.0086 | psnr=20.7851 | ssim=0.8416 | mae_cp=0.0382 | corr_cp=0.8492 | gradw=0.0376 | gradcp=0.0300 | fluence=0.9927 | LR=8.0e-04
2026-03-11 07:01:33,888 | INFO | [Epoch 76] Val - loss=0.0093 | psnr=20.5082 | ssim=0.8532 | mae_cp=0.0382 | corr_cp=0.8497 | gradw=0.0416 | gradcp=0.0324 | fluence=0.9389 | LR=8.0e-04
2026-03-11 07:01:36,506 | INFO | Checkpoints saved: latest=latest.pth, best=best.pth
2026-03-11 07:01:36,506 | INFO | New best model! Val loss: 0.009335
2026-03-11 07:01:38,210 | INFO | Checkpoint saved: latest=latest.pth
2026-03-11 07:13:07,334 | INFO | [Epoch 77] Train - loss=0.0087 | psnr=20.7657 | ssim=0.8382 | mae_cp=0.0384 | corr_cp=0.8496 | gradw=0.0376 | gradcp=0.0300 | fluence=0.9956 | LR=8.0e-04
2026-03-11 07:13:47,201 | INFO | [Epoch 77] Val - loss=0.0093 | psnr=20.5117 | ssim=0.8532 | mae_cp=0.0382 | corr_cp=0.8498 | gradw=0.0416 | gradcp=0.0324 | fluence=0.9386 | LR=8.0e-04
2026-03-11 07:13:49,553 | INFO | Checkpoints saved: latest=latest.pth, best=best.pth
2026-03-11 07:13:49,553 | INFO | New best model! Val loss: 0.009328
2026-03-11 07:13:50,911 | INFO | Checkpoint saved: latest=latest.pth
2026-03-11 07:25:37,160 | INFO | [Epoch 78] Train - loss=0.0086 | psnr=20.7954 | ssim=0.8418 | mae_cp=0.0381 | corr_cp=0.8500 | gradw=0.0376 | gradcp=0.0299 | fluence=0.9880 | LR=8.0e-04
2026-03-11 07:26:13,991 | INFO | [Epoch 78] Val - loss=0.0093 | psnr=20.5134 | ssim=0.8531 | mae_cp=0.0382 | corr_cp=0.8498 | gradw=0.0416 | gradcp=0.0324 | fluence=0.9384 | LR=8.0e-04
2026-03-11 07:26:16,403 | INFO | Checkpoints saved: latest=latest.pth, best=best.pth
2026-03-11 07:26:16,404 | INFO | New best model! Val loss: 0.009324
2026-03-11 07:26:17,717 | INFO | Checkpoint saved: latest=latest.pth
2026-03-11 07:38:00,518 | INFO | [Epoch 79] Train - loss=0.0087 | psnr=20.7801 | ssim=0.8381 | mae_cp=0.0382 | corr_cp=0.8491 | gradw=0.0376 | gradcp=0.0300 | fluence=0.9954 | LR=8.0e-04
2026-03-11 07:38:31,890 | INFO | [Epoch 79] Val - loss=0.0093 | psnr=20.5164 | ssim=0.8531 | mae_cp=0.0382 | corr_cp=0.8499 | gradw=0.0416 | gradcp=0.0324 | fluence=0.9379 | LR=8.0e-04
2026-03-11 07:38:34,778 | INFO | Checkpoints saved: latest=latest.pth, best=best.pth
2026-03-11 07:38:34,778 | INFO | New best model! Val loss: 0.009316
2026-03-11 07:38:36,177 | INFO | Checkpoint saved: latest=latest.pth
2026-03-11 07:51:10,649 | INFO | [Epoch 80] Train - loss=0.0086 | psnr=20.8194 | ssim=0.8425 | mae_cp=0.0380 | corr_cp=0.8505 | gradw=0.0375 | gradcp=0.0298 | fluence=0.9820 | LR=8.0e-04
2026-03-11 07:51:50,402 | INFO | [Epoch 80] Val - loss=0.0093 | psnr=20.5195 | ssim=0.8531 | mae_cp=0.0382 | corr_cp=0.8499 | gradw=0.0416 | gradcp=0.0323 | fluence=0.9374 | LR=8.0e-04
2026-03-11 07:51:53,570 | INFO | Checkpoints saved: latest=latest.pth, best=best.pth
2026-03-11 07:51:53,571 | INFO | New best model! Val loss: 0.009310
2026-03-11 07:51:55,257 | INFO | Checkpoint saved: latest=latest.pth
2026-03-11 08:03:34,830 | INFO | [Epoch 81] Train - loss=0.0086 | psnr=20.8086 | ssim=0.8409 | mae_cp=0.0381 | corr_cp=0.8488 | gradw=0.0375 | gradcp=0.0299 | fluence=0.9879 | LR=8.0e-04
2026-03-11 08:04:13,336 | INFO | [Epoch 81] Val - loss=0.0093 | psnr=20.5218 | ssim=0.8531 | mae_cp=0.0382 | corr_cp=0.8500 | gradw=0.0416 | gradcp=0.0324 | fluence=0.9371 | LR=8.0e-04
2026-03-11 08:04:15,821 | INFO | Checkpoints saved: latest=latest.pth, best=best.pth
2026-03-11 08:04:15,822 | INFO | New best model! Val loss: 0.009304
2026-03-11 08:04:17,252 | INFO | Checkpoint saved: latest=latest.pth
2026-03-11 08:16:30,510 | INFO | [Epoch 82] Train - loss=0.0086 | psnr=20.8065 | ssim=0.8412 | mae_cp=0.0382 | corr_cp=0.8499 | gradw=0.0377 | gradcp=0.0301 | fluence=0.9846 | LR=8.0e-04
2026-03-11 08:17:10,570 | INFO | [Epoch 82] Val - loss=0.0093 | psnr=20.5245 | ssim=0.8533 | mae_cp=0.0382 | corr_cp=0.8500 | gradw=0.0415 | gradcp=0.0323 | fluence=0.9368 | LR=8.0e-04
2026-03-11 08:17:13,154 | INFO | Checkpoints saved: latest=latest.pth, best=best.pth
2026-03-11 08:17:13,155 | INFO | New best model! Val loss: 0.009298
2026-03-11 08:17:14,728 | INFO | Checkpoint saved: latest=latest.pth
2026-03-11 08:28:47,075 | INFO | [Epoch 83] Train - loss=0.0086 | psnr=20.7989 | ssim=0.8277 | mae_cp=0.0384 | corr_cp=0.8480 | gradw=0.0375 | gradcp=0.0299 | fluence=0.9966 | LR=8.0e-04
2026-03-11 08:29:26,221 | INFO | [Epoch 83] Val - loss=0.0093 | psnr=20.5264 | ssim=0.8530 | mae_cp=0.0382 | corr_cp=0.8501 | gradw=0.0416 | gradcp=0.0323 | fluence=0.9369 | LR=8.0e-04
2026-03-11 08:29:28,570 | INFO | Checkpoints saved: latest=latest.pth, best=best.pth
2026-03-11 08:29:28,571 | INFO | New best model! Val loss: 0.009293
2026-03-11 08:29:29,876 | INFO | Checkpoint saved: latest=latest.pth
2026-03-11 08:42:18,404 | INFO | [Epoch 84] Train - loss=0.0086 | psnr=20.8286 | ssim=0.8424 | mae_cp=0.0380 | corr_cp=0.8498 | gradw=0.0372 | gradcp=0.0297 | fluence=0.9885 | LR=8.0e-04
2026-03-11 08:42:46,687 | INFO | [Epoch 84] Val - loss=0.0093 | psnr=20.5283 | ssim=0.8531 | mae_cp=0.0381 | corr_cp=0.8501 | gradw=0.0415 | gradcp=0.0323 | fluence=0.9359 | LR=8.0e-04
2026-03-11 08:42:48,998 | INFO | Checkpoints saved: latest=latest.pth, best=best.pth
2026-03-11 08:42:48,999 | INFO | New best model! Val loss: 0.009289
2026-03-11 08:42:50,283 | INFO | Checkpoint saved: latest=latest.pth
2026-03-11 08:55:19,859 | INFO | [Epoch 85] Train - loss=0.0086 | psnr=20.7998 | ssim=0.8415 | mae_cp=0.0381 | corr_cp=0.8494 | gradw=0.0375 | gradcp=0.0299 | fluence=0.9936 | LR=8.0e-04
2026-03-11 08:55:58,753 | INFO | [Epoch 85] Val - loss=0.0093 | psnr=20.5297 | ssim=0.8534 | mae_cp=0.0381 | corr_cp=0.8502 | gradw=0.0415 | gradcp=0.0323 | fluence=0.9359 | LR=8.0e-04
2026-03-11 08:56:01,892 | INFO | Checkpoints saved: latest=latest.pth, best=best.pth
2026-03-11 08:56:01,892 | INFO | New best model! Val loss: 0.009286
2026-03-11 08:56:03,534 | INFO | Checkpoint saved: latest=latest.pth
2026-03-11 09:07:43,774 | INFO | [Epoch 86] Train - loss=0.0086 | psnr=20.8114 | ssim=0.8409 | mae_cp=0.0381 | corr_cp=0.8495 | gradw=0.0373 | gradcp=0.0298 | fluence=0.9990 | LR=8.0e-04
2026-03-11 09:08:25,897 | INFO | [Epoch 86] Val - loss=0.0093 | psnr=20.5313 | ssim=0.8534 | mae_cp=0.0381 | corr_cp=0.8502 | gradw=0.0415 | gradcp=0.0323 | fluence=0.9357 | LR=8.0e-04
2026-03-11 09:08:28,380 | INFO | Checkpoints saved: latest=latest.pth, best=best.pth
2026-03-11 09:08:28,381 | INFO | New best model! Val loss: 0.009282
2026-03-11 09:08:29,751 | INFO | Checkpoint saved: latest=latest.pth
2026-03-11 09:20:19,751 | INFO | [Epoch 87] Train - loss=0.0085 | psnr=20.8427 | ssim=0.8432 | mae_cp=0.0378 | corr_cp=0.8487 | gradw=0.0373 | gradcp=0.0297 | fluence=0.9819 | LR=8.0e-04
2026-03-11 09:20:54,126 | INFO | [Epoch 87] Val - loss=0.0093 | psnr=20.5329 | ssim=0.8534 | mae_cp=0.0381 | corr_cp=0.8503 | gradw=0.0415 | gradcp=0.0323 | fluence=0.9354 | LR=8.0e-04
2026-03-11 09:20:56,746 | INFO | Checkpoints saved: latest=latest.pth, best=best.pth
2026-03-11 09:20:56,747 | INFO | New best model! Val loss: 0.009278
2026-03-11 09:20:58,230 | INFO | Checkpoint saved: latest=latest.pth
2026-03-11 09:32:39,747 | INFO | [Epoch 88] Train - loss=0.0085 | psnr=20.8414 | ssim=0.8402 | mae_cp=0.0380 | corr_cp=0.8496 | gradw=0.0373 | gradcp=0.0297 | fluence=0.9861 | LR=8.0e-04
2026-03-11 09:33:17,077 | INFO | [Epoch 88] Val - loss=0.0093 | psnr=20.5348 | ssim=0.8535 | mae_cp=0.0381 | corr_cp=0.8503 | gradw=0.0415 | gradcp=0.0323 | fluence=0.9352 | LR=8.0e-04
2026-03-11 09:33:20,093 | INFO | Checkpoints saved: latest=latest.pth, best=best.pth
2026-03-11 09:33:20,094 | INFO | New best model! Val loss: 0.009275
2026-03-11 09:33:21,823 | INFO | Checkpoint saved: latest=latest.pth
2026-03-11 09:45:25,595 | INFO | [Epoch 89] Train - loss=0.0085 | psnr=20.8335 | ssim=0.8438 | mae_cp=0.0378 | corr_cp=0.8497 | gradw=0.0374 | gradcp=0.0297 | fluence=0.9795 | LR=8.0e-04
2026-03-11 09:46:02,093 | INFO | [Epoch 89] Val - loss=0.0093 | psnr=20.5369 | ssim=0.8534 | mae_cp=0.0381 | corr_cp=0.8504 | gradw=0.0415 | gradcp=0.0323 | fluence=0.9346 | LR=8.0e-04
2026-03-11 09:46:05,330 | INFO | Checkpoints saved: latest=latest.pth, best=best.pth
2026-03-11 09:46:05,331 | INFO | New best model! Val loss: 0.009271
2026-03-11 09:46:07,105 | INFO | Checkpoint saved: latest=latest.pth
2026-03-11 10:00:40,185 | INFO | [Epoch 90] Train - loss=0.0087 | psnr=20.7323 | ssim=0.8317 | mae_cp=0.0386 | corr_cp=0.8459 | gradw=0.0378 | gradcp=0.0300 | fluence=1.0032 | LR=8.0e-04
2026-03-11 10:01:23,039 | INFO | [Epoch 90] Val - loss=0.0093 | psnr=20.5370 | ssim=0.8538 | mae_cp=0.0381 | corr_cp=0.8504 | gradw=0.0415 | gradcp=0.0323 | fluence=0.9348 | LR=8.0e-04
2026-03-11 10:01:26,474 | INFO | Checkpoints saved: latest=latest.pth, best=best.pth
2026-03-11 10:01:26,475 | INFO | New best model! Val loss: 0.009270
2026-03-11 10:01:28,277 | INFO | Checkpoint saved: latest=latest.pth
2026-03-11 10:16:26,147 | INFO | [Epoch 91] Train - loss=0.0086 | psnr=20.8301 | ssim=0.8419 | mae_cp=0.0379 | corr_cp=0.8482 | gradw=0.0375 | gradcp=0.0298 | fluence=0.9864 | LR=8.0e-04
2026-03-11 10:17:11,493 | INFO | [Epoch 91] Val - loss=0.0093 | psnr=20.5380 | ssim=0.8539 | mae_cp=0.0381 | corr_cp=0.8504 | gradw=0.0415 | gradcp=0.0323 | fluence=0.9347 | LR=8.0e-04
2026-03-11 10:17:14,439 | INFO | Checkpoints saved: latest=latest.pth, best=best.pth
2026-03-11 10:17:14,439 | INFO | New best model! Val loss: 0.009268
2026-03-11 10:17:15,959 | INFO | Checkpoint saved: latest=latest.pth
2026-03-11 10:30:43,061 | INFO | [Epoch 92] Train - loss=0.0087 | psnr=20.7769 | ssim=0.8398 | mae_cp=0.0382 | corr_cp=0.8476 | gradw=0.0376 | gradcp=0.0300 | fluence=0.9910 | LR=8.0e-04
2026-03-11 10:31:24,205 | INFO | [Epoch 92] Val - loss=0.0093 | psnr=20.5386 | ssim=0.8540 | mae_cp=0.0380 | corr_cp=0.8504 | gradw=0.0415 | gradcp=0.0323 | fluence=0.9342 | LR=8.0e-04
2026-03-11 10:31:26,501 | INFO | Checkpoints saved: latest=latest.pth, best=best.pth
2026-03-11 10:31:26,501 | INFO | New best model! Val loss: 0.009267
2026-03-11 10:31:27,858 | INFO | Checkpoint saved: latest=latest.pth
2026-03-11 10:43:34,448 | INFO | [Epoch 93] Train - loss=0.0086 | psnr=20.7995 | ssim=0.8405 | mae_cp=0.0382 | corr_cp=0.8488 | gradw=0.0376 | gradcp=0.0300 | fluence=0.9947 | LR=8.0e-04
2026-03-11 10:44:25,310 | INFO | [Epoch 93] Val - loss=0.0093 | psnr=20.5401 | ssim=0.8538 | mae_cp=0.0381 | corr_cp=0.8505 | gradw=0.0415 | gradcp=0.0323 | fluence=0.9343 | LR=8.0e-04
2026-03-11 10:44:28,845 | INFO | Checkpoints saved: latest=latest.pth, best=best.pth
2026-03-11 10:44:28,846 | INFO | New best model! Val loss: 0.009263
2026-03-11 10:44:30,698 | INFO | Checkpoint saved: latest=latest.pth
2026-03-11 10:56:32,183 | INFO | [Epoch 94] Train - loss=0.0085 | psnr=20.8485 | ssim=0.8430 | mae_cp=0.0378 | corr_cp=0.8505 | gradw=0.0372 | gradcp=0.0297 | fluence=0.9854 | LR=8.0e-04
2026-03-11 10:56:58,509 | INFO | [Epoch 94] Val - loss=0.0093 | psnr=20.5425 | ssim=0.8539 | mae_cp=0.0380 | corr_cp=0.8505 | gradw=0.0415 | gradcp=0.0323 | fluence=0.9334 | LR=8.0e-04
2026-03-11 10:57:02,013 | INFO | Checkpoints saved: latest=latest.pth, best=best.pth
2026-03-11 10:57:02,013 | INFO | New best model! Val loss: 0.009259
2026-03-11 10:57:03,842 | INFO | Checkpoint saved: latest=latest.pth
2026-03-11 11:09:09,215 | INFO | [Epoch 95] Train - loss=0.0086 | psnr=20.7961 | ssim=0.8421 | mae_cp=0.0380 | corr_cp=0.8495 | gradw=0.0376 | gradcp=0.0299 | fluence=0.9905 | LR=8.0e-04
2026-03-11 11:09:50,378 | INFO | [Epoch 95] Val - loss=0.0093 | psnr=20.5446 | ssim=0.8539 | mae_cp=0.0380 | corr_cp=0.8506 | gradw=0.0415 | gradcp=0.0323 | fluence=0.9334 | LR=8.0e-04
2026-03-11 11:09:53,276 | INFO | Checkpoints saved: latest=latest.pth, best=best.pth
2026-03-11 11:09:53,276 | INFO | New best model! Val loss: 0.009254
2026-03-11 11:09:54,869 | INFO | Checkpoint saved: latest=latest.pth
2026-03-11 11:22:22,435 | INFO | [Epoch 96] Train - loss=0.0086 | psnr=20.7951 | ssim=0.8399 | mae_cp=0.0382 | corr_cp=0.8496 | gradw=0.0375 | gradcp=0.0299 | fluence=0.9922 | LR=8.0e-04
2026-03-11 11:23:00,201 | INFO | [Epoch 96] Val - loss=0.0093 | psnr=20.5462 | ssim=0.8540 | mae_cp=0.0380 | corr_cp=0.8506 | gradw=0.0415 | gradcp=0.0323 | fluence=0.9330 | LR=8.0e-04
2026-03-11 11:23:03,761 | INFO | Checkpoints saved: latest=latest.pth, best=best.pth
2026-03-11 11:23:03,761 | INFO | New best model! Val loss: 0.009250
2026-03-11 11:23:05,553 | INFO | Checkpoint saved: latest=latest.pth
2026-03-11 11:35:32,559 | INFO | [Epoch 97] Train - loss=0.0086 | psnr=20.8168 | ssim=0.8418 | mae_cp=0.0380 | corr_cp=0.8493 | gradw=0.0375 | gradcp=0.0299 | fluence=0.9861 | LR=8.0e-04
2026-03-11 11:36:09,065 | INFO | [Epoch 97] Val - loss=0.0092 | psnr=20.5473 | ssim=0.8538 | mae_cp=0.0380 | corr_cp=0.8506 | gradw=0.0415 | gradcp=0.0323 | fluence=0.9332 | LR=8.0e-04
2026-03-11 11:36:11,309 | INFO | Checkpoints saved: latest=latest.pth, best=best.pth
2026-03-11 11:36:11,309 | INFO | New best model! Val loss: 0.009247
2026-03-11 11:36:12,578 | INFO | Checkpoint saved: latest=latest.pth
2026-03-11 11:47:49,959 | INFO | [Epoch 98] Train - loss=0.0085 | psnr=20.8749 | ssim=0.8423 | mae_cp=0.0378 | corr_cp=0.8506 | gradw=0.0370 | gradcp=0.0296 | fluence=0.9854 | LR=8.0e-04
2026-03-11 11:48:18,402 | INFO | [Epoch 98] Val - loss=0.0092 | psnr=20.5495 | ssim=0.8539 | mae_cp=0.0380 | corr_cp=0.8506 | gradw=0.0415 | gradcp=0.0323 | fluence=0.9326 | LR=8.0e-04
2026-03-11 11:48:21,779 | INFO | Checkpoints saved: latest=latest.pth, best=best.pth
2026-03-11 11:48:21,780 | INFO | New best model! Val loss: 0.009244
2026-03-11 11:48:23,335 | INFO | Checkpoint saved: latest=latest.pth
2026-03-11 12:02:15,199 | INFO | [Epoch 99] Train - loss=0.0086 | psnr=20.8270 | ssim=0.8414 | mae_cp=0.0380 | corr_cp=0.8505 | gradw=0.0375 | gradcp=0.0299 | fluence=0.9820 | LR=8.0e-04
2026-03-11 12:02:57,531 | INFO | [Epoch 99] Val - loss=0.0092 | psnr=20.5509 | ssim=0.8536 | mae_cp=0.0380 | corr_cp=0.8507 | gradw=0.0415 | gradcp=0.0324 | fluence=0.9335 | LR=8.0e-04
2026-03-11 12:03:00,679 | INFO | Checkpoints saved: latest=latest.pth, best=best.pth
2026-03-11 12:03:00,679 | INFO | New best model! Val loss: 0.009240
2026-03-11 12:03:02,295 | INFO | Checkpoint saved: latest=latest.pth
2026-03-11 12:03:02,295 | INFO | Training completed!
