2026-03-18 16:52:44,242 | INFO | Model built: 10.93M parameters
2026-03-18 16:52:44,637 | INFO | Checkpoint loaded from /home/oussama/PycharmProjects/sianogram/runs/20260318_092837__juju__loss=MSELoss__seed=44__sha=c41fe7ce/checkpoints/best.pth (epoch 39)
2026-03-18 16:52:44,637 | INFO | Model initialized successfully
2026-03-18 16:52:44,637 | INFO | ==================================================
2026-03-18 16:52:44,637 | INFO | Configuration:
2026-03-18 16:52:44,637 | INFO | ==================================================
2026-03-18 16:52:44,637 | INFO | 
[data]
2026-03-18 16:52:44,637 | INFO |   path: /mnt/LeGrosDisque/Julien/sianogramme/JUJU
2026-03-18 16:52:44,637 | INFO |   split_json: /mnt/LeGrosDisque/Julien/sianogramme/JUJU/split_manifest.json
2026-03-18 16:52:44,638 | INFO |   ratio: 0.9
2026-03-18 16:52:44,638 | INFO |   random_seed: 44
2026-03-18 16:52:44,638 | INFO |   batch_size: 6
2026-03-18 16:52:44,638 | INFO |   num_workers: 1
2026-03-18 16:52:44,638 | INFO |   L: None
2026-03-18 16:52:44,638 | INFO |   W_in: 64
2026-03-18 16:52:44,638 | INFO |   W: 64
2026-03-18 16:52:44,638 | INFO |   augment: True
2026-03-18 16:52:44,638 | INFO |   cp_unit: 12
2026-03-18 16:52:44,638 | INFO |   cp_height: 12
2026-03-18 16:52:44,638 | INFO |   cp_height_px: 12
2026-03-18 16:52:44,638 | INFO |   split_in_two: False
2026-03-18 16:52:44,638 | INFO |   patch_cp: 512
2026-03-18 16:52:44,638 | INFO |   jitter_cp: 64
2026-03-18 16:52:44,638 | INFO | 
[model]
2026-03-18 16:52:44,638 | INFO |   model_name: unet-simple
2026-03-18 16:52:44,638 | INFO |   in_ch_drr: 16
2026-03-18 16:52:44,639 | INFO |   out_ch: 1
2026-03-18 16:52:44,639 | INFO |   base_ch: 64
2026-03-18 16:52:44,639 | INFO |   depth: 4
2026-03-18 16:52:44,639 | INFO |   num_groups: 8
2026-03-18 16:52:44,639 | INFO |   film_extra_dim: 7
2026-03-18 16:52:44,639 | INFO |   use_sincos_angles: True
2026-03-18 16:52:44,639 | INFO |   film_hidden: 512
2026-03-18 16:52:44,639 | INFO |   film_embed_dim: 32
2026-03-18 16:52:44,639 | INFO |   film_embed_hidden: 64
2026-03-18 16:52:44,639 | INFO |   use_film_all_levels: True
2026-03-18 16:52:44,639 | INFO |   film_on_decoder: False
2026-03-18 16:52:44,639 | INFO |   stem_pre_k: 3
2026-03-18 16:52:44,639 | INFO |   shoulder_gate: True
2026-03-18 16:52:44,639 | INFO |   shoulder_oar_index_in_oars: 9
2026-03-18 16:52:44,639 | INFO |   use_resblocks: True
2026-03-18 16:52:44,639 | INFO |   res_dropout: 0.0
2026-03-18 16:52:44,639 | INFO |   bneck_dilated_blocks: 1
2026-03-18 16:52:44,639 | INFO |   bneck_dropout: 0.05
2026-03-18 16:52:44,640 | INFO |   bneck_horiz_blocks: 1
2026-03-18 16:52:44,640 | INFO |   bneck_horiz_k: 11
2026-03-18 16:52:44,640 | INFO |   bneck_horiz_dropout: 0.05
2026-03-18 16:52:44,640 | INFO |   use_transformer: False
2026-03-18 16:52:44,640 | INFO |   d_model: 256
2026-03-18 16:52:44,640 | INFO |   nhead: 8
2026-03-18 16:52:44,640 | INFO |   mlp_ratio: 4.0
2026-03-18 16:52:44,640 | INFO |   transformer_layers: 4
2026-03-18 16:52:44,640 | INFO |   use_ckpt: False
2026-03-18 16:52:44,640 | INFO |   pool_w_levels: 0
2026-03-18 16:52:44,640 | INFO |   pool_w_factor: 2
2026-03-18 16:52:44,640 | INFO |   shape_debug: False
2026-03-18 16:52:44,640 | INFO | 
[training]
2026-03-18 16:52:44,640 | INFO |   n_epochs: 100
2026-03-18 16:52:44,640 | INFO |   learning_rate: 8e-05
2026-03-18 16:52:44,640 | INFO |   weight_decay: 1e-05
2026-03-18 16:52:44,640 | INFO |   accum_steps: 4
2026-03-18 16:52:44,641 | INFO |   use_amp: True
2026-03-18 16:52:44,641 | INFO |   amp_dtype: bf16
2026-03-18 16:52:44,641 | INFO |   clip_grad_norm: 0.5
2026-03-18 16:52:44,641 | INFO |   scheduler_patience: 5
2026-03-18 16:52:44,641 | INFO |   scheduler_factor: 0.5
2026-03-18 16:52:44,641 | INFO |   scheduler_min_lr: 1e-07
2026-03-18 16:52:44,641 | INFO |   scheduler_threshold: 0.0001
2026-03-18 16:52:44,641 | INFO |   scheduler_cooldown: 2
2026-03-18 16:52:44,641 | INFO |   use_ema: True
2026-03-18 16:52:44,641 | INFO |   ema_decay: 0.9995
2026-03-18 16:52:44,641 | INFO |   save_epoch_freq: 5
2026-03-18 16:52:44,641 | INFO |   validation_freq: 1
2026-03-18 16:52:44,641 | INFO |   save_best: True
2026-03-18 16:52:44,641 | INFO |   best_metric: val_loss
2026-03-18 16:52:44,641 | INFO |   visual_epoch_train: 1
2026-03-18 16:52:44,641 | INFO |   visual_epoch_val: 1
2026-03-18 16:52:44,641 | INFO |   visual_batch_train: 100
2026-03-18 16:52:44,641 | INFO |   visual_batch_val: 10
2026-03-18 16:52:44,641 | INFO |   dose_min_gy: 49.0
2026-03-18 16:52:44,641 | INFO |   dose_max_gy: 70.0
2026-03-18 16:52:44,641 | INFO |   cp_dur_min_sec: 0.285
2026-03-18 16:52:44,641 | INFO |   cp_dur_max_sec: 0.43
2026-03-18 16:52:44,641 | INFO |   film_with_presence: True
2026-03-18 16:52:44,641 | INFO |   log_extra_metrics: True
2026-03-18 16:52:44,641 | INFO |   wmae_alpha: 0.5
2026-03-18 16:52:44,641 | INFO | device: cuda
2026-03-18 16:52:44,642 | INFO | expr_dir: /home/oussama/PycharmProjects/sianogram/runs/20260318_165231__juju__loss=MSELoss__seed=44__sha=c41fe7ce
2026-03-18 16:52:44,642 | INFO | resume: True
2026-03-18 16:52:44,642 | INFO | checkpoint_path: /home/oussama/PycharmProjects/sianogram/runs/20260318_092837__juju__loss=MSELoss__seed=44__sha=c41fe7ce/checkpoints/best.pth
2026-03-18 16:52:44,642 | INFO | ==================================================
2026-03-18 16:58:41,613 | INFO | [Epoch 40] Train - loss=0.0065 | psnr=21.9455 | ssim=0.8588 | mae_cp=0.0332 | corr_cp=0.8638 | gradw=0.0370 | gradcp=0.0299 | fluence=0.7337 | LR=8.0e-05
2026-03-18 16:59:00,446 | INFO | [Epoch 40] Val - loss=0.0146 | psnr=18.5892 | ssim=0.4818 | mae_cp=0.0579 | corr_cp=0.7898 | gradw=0.0509 | gradcp=0.0383 | fluence=1.4512 | LR=8.0e-05
2026-03-18 16:59:03,586 | INFO | Checkpoints saved: latest=latest.pth, best=best.pth
2026-03-18 16:59:03,587 | INFO | New best model! Val loss: 0.014618
2026-03-18 16:59:04,673 | INFO | Checkpoint saved: latest=latest.pth
2026-03-18 17:03:48,015 | INFO | [Epoch 41] Train - loss=0.0065 | psnr=21.9867 | ssim=0.8601 | mae_cp=0.0330 | corr_cp=0.8642 | gradw=0.0368 | gradcp=0.0298 | fluence=0.7345 | LR=8.0e-05
2026-03-18 17:04:01,884 | INFO | [Epoch 41] Val - loss=0.0144 | psnr=18.6410 | ssim=0.4934 | mae_cp=0.0571 | corr_cp=0.7919 | gradw=0.0507 | gradcp=0.0382 | fluence=1.4370 | LR=8.0e-05
2026-03-18 17:04:03,123 | INFO | Checkpoints saved: latest=latest.pth, best=best.pth
2026-03-18 17:04:03,124 | INFO | New best model! Val loss: 0.014436
2026-03-18 17:04:03,675 | INFO | Checkpoint saved: latest=latest.pth
2026-03-18 17:08:19,451 | INFO | [Epoch 42] Train - loss=0.0063 | psnr=22.1018 | ssim=0.8601 | mae_cp=0.0327 | corr_cp=0.8668 | gradw=0.0365 | gradcp=0.0297 | fluence=0.7153 | LR=8.0e-05
2026-03-18 17:08:37,470 | INFO | [Epoch 42] Val - loss=0.0143 | psnr=18.6955 | ssim=0.5108 | mae_cp=0.0562 | corr_cp=0.7939 | gradw=0.0505 | gradcp=0.0380 | fluence=1.4108 | LR=8.0e-05
2026-03-18 17:08:43,220 | INFO | Checkpoints saved: latest=latest.pth, best=best.pth
2026-03-18 17:08:43,221 | INFO | New best model! Val loss: 0.014253
2026-03-18 17:08:44,554 | INFO | Checkpoint saved: latest=latest.pth
2026-03-18 17:12:59,509 | INFO | [Epoch 43] Train - loss=0.0062 | psnr=22.1562 | ssim=0.8636 | mae_cp=0.0323 | corr_cp=0.8673 | gradw=0.0363 | gradcp=0.0295 | fluence=0.7104 | LR=8.0e-05
2026-03-18 17:13:14,190 | INFO | [Epoch 43] Val - loss=0.0141 | psnr=18.7416 | ssim=0.5257 | mae_cp=0.0555 | corr_cp=0.7959 | gradw=0.0503 | gradcp=0.0379 | fluence=1.4000 | LR=8.0e-05
2026-03-18 17:13:19,367 | INFO | Checkpoints saved: latest=latest.pth, best=best.pth
2026-03-18 17:13:19,367 | INFO | New best model! Val loss: 0.014090
2026-03-18 17:13:21,363 | INFO | Checkpoint saved: latest=latest.pth
2026-03-18 17:17:36,528 | INFO | [Epoch 44] Train - loss=0.0062 | psnr=22.1801 | ssim=0.8622 | mae_cp=0.0323 | corr_cp=0.8686 | gradw=0.0364 | gradcp=0.0296 | fluence=0.6985 | LR=8.0e-05
2026-03-18 17:17:51,653 | INFO | [Epoch 44] Val - loss=0.0139 | psnr=18.7910 | ssim=0.5411 | mae_cp=0.0547 | corr_cp=0.7976 | gradw=0.0501 | gradcp=0.0377 | fluence=1.3780 | LR=8.0e-05
2026-03-18 17:17:56,234 | INFO | Checkpoints saved: latest=latest.pth, best=best.pth
2026-03-18 17:17:56,235 | INFO | New best model! Val loss: 0.013926
2026-03-18 17:17:57,708 | INFO | Checkpoint saved: latest=latest.pth
2026-03-18 17:22:13,106 | INFO | [Epoch 45] Train - loss=0.0061 | psnr=22.2355 | ssim=0.8643 | mae_cp=0.0320 | corr_cp=0.8687 | gradw=0.0359 | gradcp=0.0292 | fluence=0.7043 | LR=8.0e-05
2026-03-18 17:22:26,639 | INFO | [Epoch 45] Val - loss=0.0138 | psnr=18.8394 | ssim=0.5631 | mae_cp=0.0537 | corr_cp=0.7995 | gradw=0.0498 | gradcp=0.0375 | fluence=1.3579 | LR=8.0e-05
2026-03-18 17:22:28,733 | INFO | Checkpoints saved: latest=latest.pth, best=best.pth
2026-03-18 17:22:28,734 | INFO | New best model! Val loss: 0.013769
2026-03-18 17:22:29,841 | INFO | Checkpoint saved: latest=latest.pth
2026-03-18 17:26:45,753 | INFO | [Epoch 46] Train - loss=0.0061 | psnr=22.1980 | ssim=0.8638 | mae_cp=0.0322 | corr_cp=0.8680 | gradw=0.0361 | gradcp=0.0294 | fluence=0.7196 | LR=8.0e-05
2026-03-18 17:26:59,454 | INFO | [Epoch 46] Val - loss=0.0136 | psnr=18.8816 | ssim=0.5768 | mae_cp=0.0532 | corr_cp=0.8012 | gradw=0.0497 | gradcp=0.0374 | fluence=1.3480 | LR=8.0e-05
2026-03-18 17:27:01,485 | INFO | Checkpoints saved: latest=latest.pth, best=best.pth
2026-03-18 17:27:01,485 | INFO | New best model! Val loss: 0.013622
2026-03-18 17:27:02,462 | INFO | Checkpoint saved: latest=latest.pth
2026-03-18 17:31:17,955 | INFO | [Epoch 47] Train - loss=0.0061 | psnr=22.2380 | ssim=0.8617 | mae_cp=0.0320 | corr_cp=0.8674 | gradw=0.0360 | gradcp=0.0293 | fluence=0.7095 | LR=8.0e-05
2026-03-18 17:31:36,733 | INFO | [Epoch 47] Val - loss=0.0135 | psnr=18.9243 | ssim=0.5923 | mae_cp=0.0525 | corr_cp=0.8028 | gradw=0.0495 | gradcp=0.0373 | fluence=1.3347 | LR=8.0e-05
2026-03-18 17:31:38,177 | INFO | Checkpoints saved: latest=latest.pth, best=best.pth
2026-03-18 17:31:38,178 | INFO | New best model! Val loss: 0.013480
2026-03-18 17:31:38,902 | INFO | Checkpoint saved: latest=latest.pth
2026-03-18 17:35:54,512 | INFO | [Epoch 48] Train - loss=0.0059 | psnr=22.3943 | ssim=0.8685 | mae_cp=0.0314 | corr_cp=0.8718 | gradw=0.0357 | gradcp=0.0291 | fluence=0.6781 | LR=8.0e-05
2026-03-18 17:36:11,443 | INFO | [Epoch 48] Val - loss=0.0134 | psnr=18.9605 | ssim=0.6028 | mae_cp=0.0520 | corr_cp=0.8043 | gradw=0.0493 | gradcp=0.0372 | fluence=1.3276 | LR=8.0e-05
2026-03-18 17:36:13,342 | INFO | Checkpoints saved: latest=latest.pth, best=best.pth
2026-03-18 17:36:13,342 | INFO | New best model! Val loss: 0.013358
2026-03-18 17:36:14,303 | INFO | Checkpoint saved: latest=latest.pth
2026-03-18 17:40:29,509 | INFO | [Epoch 49] Train - loss=0.0059 | psnr=22.3887 | ssim=0.8707 | mae_cp=0.0313 | corr_cp=0.8705 | gradw=0.0359 | gradcp=0.0292 | fluence=0.6696 | LR=8.0e-05
2026-03-18 17:40:43,275 | INFO | [Epoch 49] Val - loss=0.0132 | psnr=18.9999 | ssim=0.6193 | mae_cp=0.0514 | corr_cp=0.8058 | gradw=0.0491 | gradcp=0.0371 | fluence=1.3135 | LR=8.0e-05
2026-03-18 17:40:46,691 | INFO | Checkpoints saved: latest=latest.pth, best=best.pth
2026-03-18 17:40:46,692 | INFO | New best model! Val loss: 0.013230
2026-03-18 17:40:47,760 | INFO | Checkpoint saved: latest=latest.pth
2026-03-18 17:45:03,268 | INFO | [Epoch 50] Train - loss=0.0059 | psnr=22.4041 | ssim=0.8702 | mae_cp=0.0313 | corr_cp=0.8718 | gradw=0.0357 | gradcp=0.0291 | fluence=0.6799 | LR=8.0e-05
2026-03-18 17:45:17,368 | INFO | [Epoch 50] Val - loss=0.0131 | psnr=19.0338 | ssim=0.6321 | mae_cp=0.0509 | corr_cp=0.8072 | gradw=0.0490 | gradcp=0.0370 | fluence=1.3051 | LR=8.0e-05
2026-03-18 17:45:18,943 | INFO | Checkpoints saved: latest=latest.pth, best=best.pth
2026-03-18 17:45:18,944 | INFO | New best model! Val loss: 0.013120
2026-03-18 17:45:19,741 | INFO | Checkpoint saved: latest=latest.pth
2026-03-18 17:49:35,493 | INFO | [Epoch 51] Train - loss=0.0057 | psnr=22.5070 | ssim=0.8718 | mae_cp=0.0309 | corr_cp=0.8724 | gradw=0.0356 | gradcp=0.0290 | fluence=0.6551 | LR=8.0e-05
2026-03-18 17:49:53,271 | INFO | [Epoch 51] Val - loss=0.0130 | psnr=19.0696 | ssim=0.6454 | mae_cp=0.0503 | corr_cp=0.8086 | gradw=0.0488 | gradcp=0.0369 | fluence=1.2951 | LR=8.0e-05
2026-03-18 17:49:55,110 | INFO | Checkpoints saved: latest=latest.pth, best=best.pth
2026-03-18 17:49:55,110 | INFO | New best model! Val loss: 0.013003
2026-03-18 17:49:55,978 | INFO | Checkpoint saved: latest=latest.pth
2026-03-18 17:54:12,146 | INFO | [Epoch 52] Train - loss=0.0057 | psnr=22.4942 | ssim=0.8711 | mae_cp=0.0310 | corr_cp=0.8728 | gradw=0.0355 | gradcp=0.0290 | fluence=0.6616 | LR=8.0e-05
2026-03-18 17:54:29,102 | INFO | [Epoch 52] Val - loss=0.0129 | psnr=19.1010 | ssim=0.6580 | mae_cp=0.0499 | corr_cp=0.8099 | gradw=0.0486 | gradcp=0.0368 | fluence=1.2871 | LR=8.0e-05
2026-03-18 17:54:30,655 | INFO | Checkpoints saved: latest=latest.pth, best=best.pth
2026-03-18 17:54:30,656 | INFO | New best model! Val loss: 0.012903
2026-03-18 17:54:31,315 | INFO | Checkpoint saved: latest=latest.pth
2026-03-18 17:58:46,986 | INFO | [Epoch 53] Train - loss=0.0057 | psnr=22.5219 | ssim=0.8746 | mae_cp=0.0308 | corr_cp=0.8738 | gradw=0.0356 | gradcp=0.0290 | fluence=0.6645 | LR=8.0e-05
2026-03-18 17:59:00,820 | INFO | [Epoch 53] Val - loss=0.0128 | psnr=19.1356 | ssim=0.6719 | mae_cp=0.0493 | corr_cp=0.8110 | gradw=0.0485 | gradcp=0.0367 | fluence=1.2747 | LR=8.0e-05
2026-03-18 17:59:02,867 | INFO | Checkpoints saved: latest=latest.pth, best=best.pth
2026-03-18 17:59:02,868 | INFO | New best model! Val loss: 0.012799
2026-03-18 17:59:03,884 | INFO | Checkpoint saved: latest=latest.pth
2026-03-18 18:03:19,491 | INFO | [Epoch 54] Train - loss=0.0056 | psnr=22.6043 | ssim=0.8739 | mae_cp=0.0306 | corr_cp=0.8758 | gradw=0.0352 | gradcp=0.0288 | fluence=0.6541 | LR=8.0e-05
2026-03-18 18:03:36,857 | INFO | [Epoch 54] Val - loss=0.0127 | psnr=19.1721 | ssim=0.6828 | mae_cp=0.0489 | corr_cp=0.8122 | gradw=0.0483 | gradcp=0.0365 | fluence=1.2591 | LR=8.0e-05
2026-03-18 18:03:38,247 | INFO | Checkpoints saved: latest=latest.pth, best=best.pth
2026-03-18 18:03:38,248 | INFO | New best model! Val loss: 0.012693
2026-03-18 18:03:38,812 | INFO | Checkpoint saved: latest=latest.pth
2026-03-18 18:08:02,769 | INFO | [Epoch 55] Train - loss=0.0056 | psnr=22.6259 | ssim=0.8755 | mae_cp=0.0304 | corr_cp=0.8759 | gradw=0.0353 | gradcp=0.0288 | fluence=0.6403 | LR=8.0e-05
2026-03-18 18:08:20,168 | INFO | [Epoch 55] Val - loss=0.0126 | psnr=19.2009 | ssim=0.6941 | mae_cp=0.0485 | corr_cp=0.8133 | gradw=0.0481 | gradcp=0.0364 | fluence=1.2525 | LR=8.0e-05
2026-03-18 18:08:21,510 | INFO | Checkpoints saved: latest=latest.pth, best=best.pth
2026-03-18 18:08:21,510 | INFO | New best model! Val loss: 0.012603
2026-03-18 18:08:22,219 | INFO | Checkpoint saved: latest=latest.pth
2026-03-18 18:12:56,705 | INFO | [Epoch 56] Train - loss=0.0056 | psnr=22.6125 | ssim=0.8736 | mae_cp=0.0306 | corr_cp=0.8739 | gradw=0.0353 | gradcp=0.0288 | fluence=0.6458 | LR=8.0e-05
2026-03-18 18:13:11,133 | INFO | [Epoch 56] Val - loss=0.0125 | psnr=19.2286 | ssim=0.7005 | mae_cp=0.0482 | corr_cp=0.8143 | gradw=0.0480 | gradcp=0.0364 | fluence=1.2461 | LR=8.0e-05
2026-03-18 18:13:12,432 | INFO | Checkpoints saved: latest=latest.pth, best=best.pth
2026-03-18 18:13:12,432 | INFO | New best model! Val loss: 0.012518
2026-03-18 18:13:13,077 | INFO | Checkpoint saved: latest=latest.pth
2026-03-18 18:17:33,073 | INFO | [Epoch 57] Train - loss=0.0055 | psnr=22.6573 | ssim=0.8755 | mae_cp=0.0303 | corr_cp=0.8753 | gradw=0.0350 | gradcp=0.0286 | fluence=0.6448 | LR=8.0e-05
2026-03-18 18:17:49,562 | INFO | [Epoch 57] Val - loss=0.0124 | psnr=19.2546 | ssim=0.7087 | mae_cp=0.0478 | corr_cp=0.8153 | gradw=0.0479 | gradcp=0.0363 | fluence=1.2423 | LR=8.0e-05
2026-03-18 18:17:51,559 | INFO | Checkpoints saved: latest=latest.pth, best=best.pth
2026-03-18 18:17:51,559 | INFO | New best model! Val loss: 0.012435
2026-03-18 18:17:52,666 | INFO | Checkpoint saved: latest=latest.pth
2026-03-18 18:22:08,361 | INFO | [Epoch 58] Train - loss=0.0056 | psnr=22.6097 | ssim=0.8728 | mae_cp=0.0306 | corr_cp=0.8756 | gradw=0.0351 | gradcp=0.0287 | fluence=0.6616 | LR=8.0e-05
2026-03-18 18:22:25,048 | INFO | [Epoch 58] Val - loss=0.0124 | psnr=19.2800 | ssim=0.7185 | mae_cp=0.0475 | corr_cp=0.8163 | gradw=0.0477 | gradcp=0.0362 | fluence=1.2355 | LR=8.0e-05
2026-03-18 18:22:27,124 | INFO | Checkpoints saved: latest=latest.pth, best=best.pth
2026-03-18 18:22:27,125 | INFO | New best model! Val loss: 0.012361
2026-03-18 18:22:28,177 | INFO | Checkpoint saved: latest=latest.pth
2026-03-18 18:26:44,648 | INFO | [Epoch 59] Train - loss=0.0056 | psnr=22.6407 | ssim=0.8750 | mae_cp=0.0304 | corr_cp=0.8749 | gradw=0.0351 | gradcp=0.0286 | fluence=0.6538 | LR=8.0e-05
2026-03-18 18:27:03,140 | INFO | [Epoch 59] Val - loss=0.0123 | psnr=19.3059 | ssim=0.7304 | mae_cp=0.0470 | corr_cp=0.8173 | gradw=0.0476 | gradcp=0.0361 | fluence=1.2282 | LR=8.0e-05
2026-03-18 18:27:04,730 | INFO | Checkpoints saved: latest=latest.pth, best=best.pth
2026-03-18 18:27:04,730 | INFO | New best model! Val loss: 0.012284
2026-03-18 18:27:05,488 | INFO | Checkpoint saved: latest=latest.pth
2026-03-18 18:31:25,504 | INFO | [Epoch 60] Train - loss=0.0055 | psnr=22.6956 | ssim=0.8779 | mae_cp=0.0301 | corr_cp=0.8768 | gradw=0.0351 | gradcp=0.0287 | fluence=0.6333 | LR=8.0e-05
2026-03-18 18:31:39,592 | INFO | [Epoch 60] Val - loss=0.0122 | psnr=19.3289 | ssim=0.7335 | mae_cp=0.0468 | corr_cp=0.8182 | gradw=0.0475 | gradcp=0.0360 | fluence=1.2259 | LR=8.0e-05
2026-03-18 18:31:41,635 | INFO | Checkpoints saved: latest=latest.pth, best=best.pth
2026-03-18 18:31:41,636 | INFO | New best model! Val loss: 0.012214
2026-03-18 18:31:42,495 | INFO | Checkpoint saved: latest=latest.pth
2026-03-18 18:35:57,948 | INFO | [Epoch 61] Train - loss=0.0054 | psnr=22.7799 | ssim=0.8796 | mae_cp=0.0298 | corr_cp=0.8784 | gradw=0.0351 | gradcp=0.0287 | fluence=0.6216 | LR=8.0e-05
2026-03-18 18:36:13,949 | INFO | [Epoch 61] Val - loss=0.0121 | psnr=19.3516 | ssim=0.7402 | mae_cp=0.0466 | corr_cp=0.8190 | gradw=0.0473 | gradcp=0.0360 | fluence=1.2201 | LR=8.0e-05
2026-03-18 18:36:17,529 | INFO | Checkpoints saved: latest=latest.pth, best=best.pth
2026-03-18 18:36:17,529 | INFO | New best model! Val loss: 0.012148
2026-03-18 18:36:18,868 | INFO | Checkpoint saved: latest=latest.pth
2026-03-18 18:40:34,610 | INFO | [Epoch 62] Train - loss=0.0054 | psnr=22.7557 | ssim=0.8773 | mae_cp=0.0300 | corr_cp=0.8766 | gradw=0.0347 | gradcp=0.0284 | fluence=0.6479 | LR=8.0e-05
2026-03-18 18:40:50,939 | INFO | [Epoch 62] Val - loss=0.0121 | psnr=19.3718 | ssim=0.7420 | mae_cp=0.0464 | corr_cp=0.8199 | gradw=0.0473 | gradcp=0.0359 | fluence=1.2193 | LR=8.0e-05
2026-03-18 18:40:52,547 | INFO | Checkpoints saved: latest=latest.pth, best=best.pth
2026-03-18 18:40:52,548 | INFO | New best model! Val loss: 0.012085
2026-03-18 18:40:53,312 | INFO | Checkpoint saved: latest=latest.pth
2026-03-18 18:45:10,216 | INFO | [Epoch 63] Train - loss=0.0054 | psnr=22.7707 | ssim=0.8793 | mae_cp=0.0299 | corr_cp=0.8781 | gradw=0.0348 | gradcp=0.0284 | fluence=0.6327 | LR=8.0e-05
2026-03-18 18:45:27,508 | INFO | [Epoch 63] Val - loss=0.0120 | psnr=19.3988 | ssim=0.7498 | mae_cp=0.0461 | corr_cp=0.8207 | gradw=0.0471 | gradcp=0.0358 | fluence=1.2100 | LR=8.0e-05
2026-03-18 18:45:30,636 | INFO | Checkpoints saved: latest=latest.pth, best=best.pth
2026-03-18 18:45:30,636 | INFO | New best model! Val loss: 0.012010
2026-03-18 18:45:31,814 | INFO | Checkpoint saved: latest=latest.pth
2026-03-18 18:49:47,106 | INFO | [Epoch 64] Train - loss=0.0053 | psnr=22.8162 | ssim=0.8785 | mae_cp=0.0297 | corr_cp=0.8786 | gradw=0.0345 | gradcp=0.0283 | fluence=0.6349 | LR=8.0e-05
2026-03-18 18:50:00,920 | INFO | [Epoch 64] Val - loss=0.0120 | psnr=19.4178 | ssim=0.7499 | mae_cp=0.0460 | corr_cp=0.8214 | gradw=0.0470 | gradcp=0.0358 | fluence=1.2087 | LR=8.0e-05
2026-03-18 18:50:03,038 | INFO | Checkpoints saved: latest=latest.pth, best=best.pth
2026-03-18 18:50:03,039 | INFO | New best model! Val loss: 0.011953
2026-03-18 18:50:04,179 | INFO | Checkpoint saved: latest=latest.pth
2026-03-18 18:54:19,252 | INFO | [Epoch 65] Train - loss=0.0053 | psnr=22.8708 | ssim=0.8796 | mae_cp=0.0295 | corr_cp=0.8790 | gradw=0.0348 | gradcp=0.0285 | fluence=0.6149 | LR=8.0e-05
2026-03-18 18:54:35,265 | INFO | [Epoch 65] Val - loss=0.0119 | psnr=19.4390 | ssim=0.7586 | mae_cp=0.0456 | corr_cp=0.8222 | gradw=0.0469 | gradcp=0.0357 | fluence=1.2024 | LR=8.0e-05
2026-03-18 18:54:36,716 | INFO | Checkpoints saved: latest=latest.pth, best=best.pth
2026-03-18 18:54:36,716 | INFO | New best model! Val loss: 0.011894
2026-03-18 18:54:37,379 | INFO | Checkpoint saved: latest=latest.pth
2026-03-18 18:58:52,699 | INFO | [Epoch 66] Train - loss=0.0051 | psnr=22.9777 | ssim=0.8825 | mae_cp=0.0291 | corr_cp=0.8796 | gradw=0.0342 | gradcp=0.0281 | fluence=0.6127 | LR=8.0e-05
2026-03-18 18:59:08,722 | INFO | [Epoch 66] Val - loss=0.0119 | psnr=19.4533 | ssim=0.7613 | mae_cp=0.0455 | corr_cp=0.8228 | gradw=0.0468 | gradcp=0.0357 | fluence=1.2003 | LR=8.0e-05
2026-03-18 18:59:09,946 | INFO | Checkpoints saved: latest=latest.pth, best=best.pth
2026-03-18 18:59:09,947 | INFO | New best model! Val loss: 0.011853
2026-03-18 18:59:10,575 | INFO | Checkpoint saved: latest=latest.pth
2026-03-18 19:03:27,451 | INFO | [Epoch 67] Train - loss=0.0052 | psnr=22.9030 | ssim=0.8825 | mae_cp=0.0293 | corr_cp=0.8777 | gradw=0.0344 | gradcp=0.0282 | fluence=0.6210 | LR=8.0e-05
2026-03-18 19:03:44,361 | INFO | [Epoch 67] Val - loss=0.0118 | psnr=19.4725 | ssim=0.7671 | mae_cp=0.0452 | corr_cp=0.8234 | gradw=0.0467 | gradcp=0.0356 | fluence=1.1944 | LR=8.0e-05
2026-03-18 19:03:46,303 | INFO | Checkpoints saved: latest=latest.pth, best=best.pth
2026-03-18 19:03:46,303 | INFO | New best model! Val loss: 0.011801
2026-03-18 19:03:47,295 | INFO | Checkpoint saved: latest=latest.pth
2026-03-18 19:08:02,953 | INFO | [Epoch 68] Train - loss=0.0052 | psnr=22.9564 | ssim=0.8818 | mae_cp=0.0292 | corr_cp=0.8817 | gradw=0.0343 | gradcp=0.0282 | fluence=0.6098 | LR=8.0e-05
2026-03-18 19:08:16,611 | INFO | [Epoch 68] Val - loss=0.0118 | psnr=19.4864 | ssim=0.7685 | mae_cp=0.0451 | corr_cp=0.8241 | gradw=0.0466 | gradcp=0.0356 | fluence=1.1952 | LR=8.0e-05
2026-03-18 19:08:18,803 | INFO | Checkpoints saved: latest=latest.pth, best=best.pth
2026-03-18 19:08:18,804 | INFO | New best model! Val loss: 0.011757
2026-03-18 19:08:19,679 | INFO | Checkpoint saved: latest=latest.pth
2026-03-18 19:12:35,336 | INFO | [Epoch 69] Train - loss=0.0052 | psnr=22.9362 | ssim=0.8831 | mae_cp=0.0292 | corr_cp=0.8809 | gradw=0.0342 | gradcp=0.0280 | fluence=0.6244 | LR=8.0e-05
2026-03-18 19:12:49,158 | INFO | [Epoch 69] Val - loss=0.0117 | psnr=19.5038 | ssim=0.7789 | mae_cp=0.0448 | corr_cp=0.8248 | gradw=0.0465 | gradcp=0.0355 | fluence=1.1901 | LR=8.0e-05
2026-03-18 19:12:51,912 | INFO | Checkpoints saved: latest=latest.pth, best=best.pth
2026-03-18 19:12:51,913 | INFO | New best model! Val loss: 0.011708
2026-03-18 19:12:53,148 | INFO | Checkpoint saved: latest=latest.pth
2026-03-18 19:17:08,741 | INFO | [Epoch 70] Train - loss=0.0052 | psnr=22.9639 | ssim=0.8822 | mae_cp=0.0292 | corr_cp=0.8813 | gradw=0.0343 | gradcp=0.0282 | fluence=0.6197 | LR=8.0e-05
2026-03-18 19:17:24,720 | INFO | [Epoch 70] Val - loss=0.0117 | psnr=19.5180 | ssim=0.7837 | mae_cp=0.0446 | corr_cp=0.8253 | gradw=0.0464 | gradcp=0.0354 | fluence=1.1882 | LR=8.0e-05
2026-03-18 19:17:25,940 | INFO | Checkpoints saved: latest=latest.pth, best=best.pth
2026-03-18 19:17:25,940 | INFO | New best model! Val loss: 0.011667
2026-03-18 19:17:26,564 | INFO | Checkpoint saved: latest=latest.pth
2026-03-18 19:21:42,991 | INFO | [Epoch 71] Train - loss=0.0051 | psnr=23.0406 | ssim=0.8826 | mae_cp=0.0289 | corr_cp=0.8821 | gradw=0.0338 | gradcp=0.0278 | fluence=0.6170 | LR=8.0e-05
2026-03-18 19:21:59,693 | INFO | [Epoch 71] Val - loss=0.0116 | psnr=19.5294 | ssim=0.7838 | mae_cp=0.0445 | corr_cp=0.8258 | gradw=0.0463 | gradcp=0.0354 | fluence=1.1872 | LR=8.0e-05
2026-03-18 19:22:01,568 | INFO | Checkpoints saved: latest=latest.pth, best=best.pth
2026-03-18 19:22:01,568 | INFO | New best model! Val loss: 0.011634
2026-03-18 19:22:02,661 | INFO | Checkpoint saved: latest=latest.pth
2026-03-18 19:26:19,935 | INFO | [Epoch 72] Train - loss=0.0051 | psnr=23.0274 | ssim=0.8834 | mae_cp=0.0289 | corr_cp=0.8815 | gradw=0.0341 | gradcp=0.0280 | fluence=0.6096 | LR=8.0e-05
2026-03-18 19:26:37,235 | INFO | [Epoch 72] Val - loss=0.0116 | psnr=19.5439 | ssim=0.7849 | mae_cp=0.0444 | corr_cp=0.8263 | gradw=0.0463 | gradcp=0.0354 | fluence=1.1851 | LR=8.0e-05
2026-03-18 19:26:38,290 | INFO | Checkpoints saved: latest=latest.pth, best=best.pth
2026-03-18 19:26:38,290 | INFO | New best model! Val loss: 0.011593
2026-03-18 19:26:38,838 | INFO | Checkpoint saved: latest=latest.pth
2026-03-18 19:30:54,092 | INFO | [Epoch 73] Train - loss=0.0050 | psnr=23.1066 | ssim=0.8843 | mae_cp=0.0286 | corr_cp=0.8811 | gradw=0.0340 | gradcp=0.0279 | fluence=0.5906 | LR=8.0e-05
2026-03-18 19:31:07,869 | INFO | [Epoch 73] Val - loss=0.0116 | psnr=19.5578 | ssim=0.7933 | mae_cp=0.0441 | corr_cp=0.8269 | gradw=0.0461 | gradcp=0.0353 | fluence=1.1792 | LR=8.0e-05
2026-03-18 19:31:08,971 | INFO | Checkpoints saved: latest=latest.pth, best=best.pth
2026-03-18 19:31:08,972 | INFO | New best model! Val loss: 0.011558
2026-03-18 19:31:09,508 | INFO | Checkpoint saved: latest=latest.pth
2026-03-18 19:35:24,677 | INFO | [Epoch 74] Train - loss=0.0050 | psnr=23.1333 | ssim=0.8865 | mae_cp=0.0285 | corr_cp=0.8838 | gradw=0.0338 | gradcp=0.0278 | fluence=0.5969 | LR=8.0e-05
2026-03-18 19:35:38,533 | INFO | [Epoch 74] Val - loss=0.0115 | psnr=19.5693 | ssim=0.7941 | mae_cp=0.0440 | corr_cp=0.8273 | gradw=0.0461 | gradcp=0.0353 | fluence=1.1790 | LR=8.0e-05
2026-03-18 19:35:40,046 | INFO | Checkpoints saved: latest=latest.pth, best=best.pth
2026-03-18 19:35:40,047 | INFO | New best model! Val loss: 0.011524
2026-03-18 19:35:40,871 | INFO | Checkpoint saved: latest=latest.pth
2026-03-18 19:39:56,332 | INFO | [Epoch 75] Train - loss=0.0051 | psnr=23.0549 | ssim=0.8861 | mae_cp=0.0287 | corr_cp=0.8824 | gradw=0.0338 | gradcp=0.0278 | fluence=0.6050 | LR=8.0e-05
2026-03-18 19:40:11,602 | INFO | [Epoch 75] Val - loss=0.0115 | psnr=19.5858 | ssim=0.7966 | mae_cp=0.0438 | corr_cp=0.8277 | gradw=0.0460 | gradcp=0.0352 | fluence=1.1728 | LR=8.0e-05
2026-03-18 19:40:13,144 | INFO | Checkpoints saved: latest=latest.pth, best=best.pth
2026-03-18 19:40:13,145 | INFO | New best model! Val loss: 0.011483
2026-03-18 19:40:13,849 | INFO | Checkpoint saved: latest=latest.pth
2026-03-18 19:44:29,254 | INFO | [Epoch 76] Train - loss=0.0050 | psnr=23.1270 | ssim=0.8848 | mae_cp=0.0285 | corr_cp=0.8825 | gradw=0.0336 | gradcp=0.0277 | fluence=0.5984 | LR=8.0e-05
2026-03-18 19:44:45,948 | INFO | [Epoch 76] Val - loss=0.0114 | psnr=19.5979 | ssim=0.7956 | mae_cp=0.0438 | corr_cp=0.8282 | gradw=0.0459 | gradcp=0.0352 | fluence=1.1713 | LR=8.0e-05
2026-03-18 19:44:47,174 | INFO | Checkpoints saved: latest=latest.pth, best=best.pth
2026-03-18 19:44:47,174 | INFO | New best model! Val loss: 0.011450
2026-03-18 19:44:47,823 | INFO | Checkpoint saved: latest=latest.pth
2026-03-18 19:49:03,826 | INFO | [Epoch 77] Train - loss=0.0049 | psnr=23.2117 | ssim=0.8875 | mae_cp=0.0283 | corr_cp=0.8831 | gradw=0.0335 | gradcp=0.0277 | fluence=0.5857 | LR=8.0e-05
2026-03-18 19:49:20,874 | INFO | [Epoch 77] Val - loss=0.0114 | psnr=19.6084 | ssim=0.7980 | mae_cp=0.0437 | corr_cp=0.8286 | gradw=0.0458 | gradcp=0.0351 | fluence=1.1702 | LR=8.0e-05
2026-03-18 19:49:22,352 | INFO | Checkpoints saved: latest=latest.pth, best=best.pth
2026-03-18 19:49:22,352 | INFO | New best model! Val loss: 0.011420
2026-03-18 19:49:23,138 | INFO | Checkpoint saved: latest=latest.pth
2026-03-18 19:53:38,247 | INFO | [Epoch 78] Train - loss=0.0048 | psnr=23.2456 | ssim=0.8895 | mae_cp=0.0280 | corr_cp=0.8838 | gradw=0.0335 | gradcp=0.0276 | fluence=0.5793 | LR=8.0e-05
2026-03-18 19:53:52,093 | INFO | [Epoch 78] Val - loss=0.0114 | psnr=19.6186 | ssim=0.8018 | mae_cp=0.0435 | corr_cp=0.8289 | gradw=0.0458 | gradcp=0.0351 | fluence=1.1666 | LR=8.0e-05
2026-03-18 19:53:53,258 | INFO | Checkpoints saved: latest=latest.pth, best=best.pth
2026-03-18 19:53:53,258 | INFO | New best model! Val loss: 0.011394
2026-03-18 19:53:53,894 | INFO | Checkpoint saved: latest=latest.pth
2026-03-18 19:58:09,270 | INFO | [Epoch 79] Train - loss=0.0049 | psnr=23.1780 | ssim=0.8887 | mae_cp=0.0283 | corr_cp=0.8841 | gradw=0.0338 | gradcp=0.0278 | fluence=0.5900 | LR=8.0e-05
2026-03-18 19:58:23,108 | INFO | [Epoch 79] Val - loss=0.0114 | psnr=19.6284 | ssim=0.8031 | mae_cp=0.0434 | corr_cp=0.8293 | gradw=0.0457 | gradcp=0.0350 | fluence=1.1650 | LR=8.0e-05
2026-03-18 19:58:24,869 | INFO | Checkpoints saved: latest=latest.pth, best=best.pth
2026-03-18 19:58:24,870 | INFO | New best model! Val loss: 0.011368
2026-03-18 19:58:25,806 | INFO | Checkpoint saved: latest=latest.pth
2026-03-18 20:02:41,623 | INFO | [Epoch 80] Train - loss=0.0047 | psnr=23.3391 | ssim=0.8906 | mae_cp=0.0278 | corr_cp=0.8859 | gradw=0.0334 | gradcp=0.0275 | fluence=0.5675 | LR=8.0e-05
2026-03-18 20:02:59,057 | INFO | [Epoch 80] Val - loss=0.0113 | psnr=19.6355 | ssim=0.8063 | mae_cp=0.0433 | corr_cp=0.8297 | gradw=0.0456 | gradcp=0.0350 | fluence=1.1642 | LR=8.0e-05
2026-03-18 20:03:01,530 | INFO | Checkpoints saved: latest=latest.pth, best=best.pth
2026-03-18 20:03:01,531 | INFO | New best model! Val loss: 0.011348
2026-03-18 20:03:02,654 | INFO | Checkpoint saved: latest=latest.pth
2026-03-18 20:07:18,327 | INFO | [Epoch 81] Train - loss=0.0048 | psnr=23.2711 | ssim=0.8892 | mae_cp=0.0280 | corr_cp=0.8851 | gradw=0.0334 | gradcp=0.0276 | fluence=0.5761 | LR=8.0e-05
2026-03-18 20:07:35,315 | INFO | [Epoch 81] Val - loss=0.0113 | psnr=19.6450 | ssim=0.8044 | mae_cp=0.0433 | corr_cp=0.8300 | gradw=0.0456 | gradcp=0.0350 | fluence=1.1643 | LR=8.0e-05
2026-03-18 20:07:36,690 | INFO | Checkpoints saved: latest=latest.pth, best=best.pth
2026-03-18 20:07:36,690 | INFO | New best model! Val loss: 0.011321
2026-03-18 20:07:37,355 | INFO | Checkpoint saved: latest=latest.pth
2026-03-18 20:11:58,479 | INFO | [Epoch 82] Train - loss=0.0048 | psnr=23.2812 | ssim=0.8890 | mae_cp=0.0279 | corr_cp=0.8848 | gradw=0.0333 | gradcp=0.0274 | fluence=0.5862 | LR=8.0e-05
2026-03-18 20:12:12,001 | INFO | [Epoch 82] Val - loss=0.0113 | psnr=19.6481 | ssim=0.8068 | mae_cp=0.0432 | corr_cp=0.8303 | gradw=0.0455 | gradcp=0.0350 | fluence=1.1664 | LR=8.0e-05
2026-03-18 20:12:13,429 | INFO | Checkpoints saved: latest=latest.pth, best=best.pth
2026-03-18 20:12:13,430 | INFO | New best model! Val loss: 0.011310
2026-03-18 20:12:14,254 | INFO | Checkpoint saved: latest=latest.pth
2026-03-18 20:16:29,547 | INFO | [Epoch 83] Train - loss=0.0048 | psnr=23.2708 | ssim=0.8867 | mae_cp=0.0281 | corr_cp=0.8861 | gradw=0.0334 | gradcp=0.0275 | fluence=0.5918 | LR=8.0e-05
2026-03-18 20:16:43,198 | INFO | [Epoch 83] Val - loss=0.0113 | psnr=19.6556 | ssim=0.8044 | mae_cp=0.0432 | corr_cp=0.8306 | gradw=0.0455 | gradcp=0.0350 | fluence=1.1668 | LR=8.0e-05
2026-03-18 20:16:44,874 | INFO | Checkpoints saved: latest=latest.pth, best=best.pth
2026-03-18 20:16:44,874 | INFO | New best model! Val loss: 0.011289
2026-03-18 20:16:45,688 | INFO | Checkpoint saved: latest=latest.pth
2026-03-18 20:21:01,022 | INFO | [Epoch 84] Train - loss=0.0047 | psnr=23.3721 | ssim=0.8919 | mae_cp=0.0277 | corr_cp=0.8877 | gradw=0.0334 | gradcp=0.0275 | fluence=0.5663 | LR=8.0e-05
2026-03-18 20:21:14,807 | INFO | [Epoch 84] Val - loss=0.0113 | psnr=19.6631 | ssim=0.8028 | mae_cp=0.0432 | corr_cp=0.8310 | gradw=0.0455 | gradcp=0.0349 | fluence=1.1671 | LR=8.0e-05
2026-03-18 20:21:16,905 | INFO | Checkpoints saved: latest=latest.pth, best=best.pth
2026-03-18 20:21:16,905 | INFO | New best model! Val loss: 0.011267
2026-03-18 20:21:18,061 | INFO | Checkpoint saved: latest=latest.pth
2026-03-18 20:25:33,797 | INFO | [Epoch 85] Train - loss=0.0048 | psnr=23.3002 | ssim=0.8913 | mae_cp=0.0278 | corr_cp=0.8867 | gradw=0.0332 | gradcp=0.0274 | fluence=0.5852 | LR=8.0e-05
2026-03-18 20:25:51,316 | INFO | [Epoch 85] Val - loss=0.0113 | psnr=19.6675 | ssim=0.8051 | mae_cp=0.0431 | corr_cp=0.8312 | gradw=0.0454 | gradcp=0.0349 | fluence=1.1678 | LR=8.0e-05
2026-03-18 20:25:53,113 | INFO | Checkpoints saved: latest=latest.pth, best=best.pth
2026-03-18 20:25:53,113 | INFO | New best model! Val loss: 0.011253
2026-03-18 20:25:54,164 | INFO | Checkpoint saved: latest=latest.pth
2026-03-18 20:30:12,276 | INFO | [Epoch 86] Train - loss=0.0047 | psnr=23.3780 | ssim=0.8910 | mae_cp=0.0276 | corr_cp=0.8859 | gradw=0.0330 | gradcp=0.0272 | fluence=0.5706 | LR=8.0e-05
2026-03-18 20:30:29,410 | INFO | [Epoch 86] Val - loss=0.0112 | psnr=19.6749 | ssim=0.8098 | mae_cp=0.0429 | corr_cp=0.8315 | gradw=0.0453 | gradcp=0.0349 | fluence=1.1641 | LR=8.0e-05
2026-03-18 20:30:30,737 | INFO | Checkpoints saved: latest=latest.pth, best=best.pth
2026-03-18 20:30:30,738 | INFO | New best model! Val loss: 0.011235
2026-03-18 20:30:31,452 | INFO | Checkpoint saved: latest=latest.pth
2026-03-18 20:34:47,916 | INFO | [Epoch 87] Train - loss=0.0048 | psnr=23.2297 | ssim=0.8877 | mae_cp=0.0282 | corr_cp=0.8864 | gradw=0.0332 | gradcp=0.0274 | fluence=0.6091 | LR=8.0e-05
2026-03-18 20:35:02,559 | INFO | [Epoch 87] Val - loss=0.0112 | psnr=19.6791 | ssim=0.8141 | mae_cp=0.0428 | corr_cp=0.8318 | gradw=0.0453 | gradcp=0.0348 | fluence=1.1626 | LR=8.0e-05
2026-03-18 20:35:04,467 | INFO | Checkpoints saved: latest=latest.pth, best=best.pth
2026-03-18 20:35:04,467 | INFO | New best model! Val loss: 0.011225
2026-03-18 20:35:05,322 | INFO | Checkpoint saved: latest=latest.pth
2026-03-18 20:39:21,429 | INFO | [Epoch 88] Train - loss=0.0049 | psnr=23.2040 | ssim=0.8881 | mae_cp=0.0282 | corr_cp=0.8871 | gradw=0.0335 | gradcp=0.0276 | fluence=0.5965 | LR=8.0e-05
2026-03-18 20:39:35,730 | INFO | [Epoch 88] Val - loss=0.0112 | psnr=19.6860 | ssim=0.8168 | mae_cp=0.0426 | corr_cp=0.8320 | gradw=0.0452 | gradcp=0.0348 | fluence=1.1597 | LR=8.0e-05
2026-03-18 20:39:37,537 | INFO | Checkpoints saved: latest=latest.pth, best=best.pth
2026-03-18 20:39:37,538 | INFO | New best model! Val loss: 0.011206
2026-03-18 20:39:38,371 | INFO | Checkpoint saved: latest=latest.pth
2026-03-18 20:43:54,267 | INFO | [Epoch 89] Train - loss=0.0047 | psnr=23.3995 | ssim=0.8929 | mae_cp=0.0275 | corr_cp=0.8858 | gradw=0.0332 | gradcp=0.0274 | fluence=0.5625 | LR=8.0e-05
2026-03-18 20:44:08,030 | INFO | [Epoch 89] Val - loss=0.0112 | psnr=19.6903 | ssim=0.8195 | mae_cp=0.0425 | corr_cp=0.8322 | gradw=0.0451 | gradcp=0.0347 | fluence=1.1584 | LR=8.0e-05
2026-03-18 20:44:09,301 | INFO | Checkpoints saved: latest=latest.pth, best=best.pth
2026-03-18 20:44:09,302 | INFO | New best model! Val loss: 0.011193
2026-03-18 20:44:09,925 | INFO | Checkpoint saved: latest=latest.pth
2026-03-18 20:48:25,593 | INFO | [Epoch 90] Train - loss=0.0045 | psnr=23.5189 | ssim=0.8938 | mae_cp=0.0271 | corr_cp=0.8876 | gradw=0.0328 | gradcp=0.0271 | fluence=0.5527 | LR=8.0e-05
2026-03-18 20:48:42,760 | INFO | [Epoch 90] Val - loss=0.0112 | psnr=19.6927 | ssim=0.8186 | mae_cp=0.0425 | corr_cp=0.8324 | gradw=0.0451 | gradcp=0.0347 | fluence=1.1591 | LR=8.0e-05
2026-03-18 20:48:44,445 | INFO | Checkpoints saved: latest=latest.pth, best=best.pth
2026-03-18 20:48:44,446 | INFO | New best model! Val loss: 0.011186
2026-03-18 20:48:45,333 | INFO | Checkpoint saved: latest=latest.pth
2026-03-18 20:53:01,430 | INFO | [Epoch 91] Train - loss=0.0046 | psnr=23.4837 | ssim=0.8942 | mae_cp=0.0272 | corr_cp=0.8871 | gradw=0.0326 | gradcp=0.0271 | fluence=0.5607 | LR=8.0e-05
2026-03-18 20:53:17,937 | INFO | [Epoch 91] Val - loss=0.0112 | psnr=19.7004 | ssim=0.8201 | mae_cp=0.0424 | corr_cp=0.8326 | gradw=0.0450 | gradcp=0.0347 | fluence=1.1563 | LR=8.0e-05
2026-03-18 20:53:19,845 | INFO | Checkpoints saved: latest=latest.pth, best=best.pth
2026-03-18 20:53:19,846 | INFO | New best model! Val loss: 0.011166
2026-03-18 20:53:20,596 | INFO | Checkpoint saved: latest=latest.pth
2026-03-18 20:57:37,147 | INFO | [Epoch 92] Train - loss=0.0046 | psnr=23.4600 | ssim=0.8930 | mae_cp=0.0273 | corr_cp=0.8864 | gradw=0.0329 | gradcp=0.0272 | fluence=0.5656 | LR=8.0e-05
2026-03-18 20:57:51,126 | INFO | [Epoch 92] Val - loss=0.0112 | psnr=19.7023 | ssim=0.8209 | mae_cp=0.0424 | corr_cp=0.8327 | gradw=0.0450 | gradcp=0.0347 | fluence=1.1560 | LR=8.0e-05
2026-03-18 20:57:52,982 | INFO | Checkpoints saved: latest=latest.pth, best=best.pth
2026-03-18 20:57:52,982 | INFO | New best model! Val loss: 0.011161
2026-03-18 20:57:53,809 | INFO | Checkpoint saved: latest=latest.pth
2026-03-18 21:02:11,071 | INFO | [Epoch 93] Train - loss=0.0046 | psnr=23.4709 | ssim=0.8945 | mae_cp=0.0272 | corr_cp=0.8880 | gradw=0.0328 | gradcp=0.0271 | fluence=0.5687 | LR=8.0e-05
2026-03-18 21:02:25,685 | INFO | [Epoch 93] Val - loss=0.0111 | psnr=19.7071 | ssim=0.8219 | mae_cp=0.0423 | corr_cp=0.8329 | gradw=0.0450 | gradcp=0.0346 | fluence=1.1543 | LR=8.0e-05
2026-03-18 21:02:27,121 | INFO | Checkpoints saved: latest=latest.pth, best=best.pth
2026-03-18 21:02:27,121 | INFO | New best model! Val loss: 0.011150
2026-03-18 21:02:27,877 | INFO | Checkpoint saved: latest=latest.pth
2026-03-18 21:06:43,820 | INFO | [Epoch 94] Train - loss=0.0046 | psnr=23.4540 | ssim=0.8932 | mae_cp=0.0273 | corr_cp=0.8868 | gradw=0.0327 | gradcp=0.0270 | fluence=0.5663 | LR=8.0e-05
2026-03-18 21:06:57,675 | INFO | [Epoch 94] Val - loss=0.0111 | psnr=19.7118 | ssim=0.8211 | mae_cp=0.0423 | corr_cp=0.8331 | gradw=0.0449 | gradcp=0.0346 | fluence=1.1541 | LR=8.0e-05
2026-03-18 21:06:59,586 | INFO | Checkpoints saved: latest=latest.pth, best=best.pth
2026-03-18 21:06:59,586 | INFO | New best model! Val loss: 0.011135
2026-03-18 21:07:00,704 | INFO | Checkpoint saved: latest=latest.pth
2026-03-18 21:11:15,878 | INFO | [Epoch 95] Train - loss=0.0046 | psnr=23.4740 | ssim=0.8950 | mae_cp=0.0273 | corr_cp=0.8885 | gradw=0.0329 | gradcp=0.0272 | fluence=0.5684 | LR=8.0e-05
2026-03-18 21:11:33,326 | INFO | [Epoch 95] Val - loss=0.0111 | psnr=19.7145 | ssim=0.8204 | mae_cp=0.0423 | corr_cp=0.8332 | gradw=0.0449 | gradcp=0.0346 | fluence=1.1537 | LR=8.0e-05
2026-03-18 21:11:34,643 | INFO | Checkpoints saved: latest=latest.pth, best=best.pth
2026-03-18 21:11:34,644 | INFO | New best model! Val loss: 0.011128
2026-03-18 21:11:35,346 | INFO | Checkpoint saved: latest=latest.pth
2026-03-18 21:15:50,816 | INFO | [Epoch 96] Train - loss=0.0046 | psnr=23.4874 | ssim=0.8955 | mae_cp=0.0271 | corr_cp=0.8880 | gradw=0.0330 | gradcp=0.0273 | fluence=0.5544 | LR=8.0e-05
2026-03-18 21:16:07,625 | INFO | [Epoch 96] Val - loss=0.0111 | psnr=19.7160 | ssim=0.8236 | mae_cp=0.0421 | corr_cp=0.8334 | gradw=0.0448 | gradcp=0.0346 | fluence=1.1530 | LR=8.0e-05
2026-03-18 21:16:09,243 | INFO | Checkpoints saved: latest=latest.pth, best=best.pth
2026-03-18 21:16:09,244 | INFO | New best model! Val loss: 0.011123
2026-03-18 21:16:09,941 | INFO | Checkpoint saved: latest=latest.pth
2026-03-18 21:20:26,787 | INFO | [Epoch 97] Train - loss=0.0047 | psnr=23.3530 | ssim=0.8916 | mae_cp=0.0277 | corr_cp=0.8882 | gradw=0.0329 | gradcp=0.0272 | fluence=0.5911 | LR=8.0e-05
2026-03-18 21:20:42,230 | INFO | [Epoch 97] Val - loss=0.0111 | psnr=19.7198 | ssim=0.8248 | mae_cp=0.0421 | corr_cp=0.8335 | gradw=0.0448 | gradcp=0.0346 | fluence=1.1519 | LR=8.0e-05
2026-03-18 21:20:43,523 | INFO | Checkpoints saved: latest=latest.pth, best=best.pth
2026-03-18 21:20:43,523 | INFO | New best model! Val loss: 0.011112
2026-03-18 21:20:44,171 | INFO | Checkpoint saved: latest=latest.pth
2026-03-18 21:25:01,208 | INFO | [Epoch 98] Train - loss=0.0046 | psnr=23.4382 | ssim=0.8932 | mae_cp=0.0273 | corr_cp=0.8875 | gradw=0.0328 | gradcp=0.0271 | fluence=0.5694 | LR=8.0e-05
2026-03-18 21:25:14,766 | INFO | [Epoch 98] Val - loss=0.0111 | psnr=19.7217 | ssim=0.8248 | mae_cp=0.0420 | corr_cp=0.8336 | gradw=0.0448 | gradcp=0.0346 | fluence=1.1517 | LR=8.0e-05
2026-03-18 21:25:16,459 | INFO | Checkpoints saved: latest=latest.pth, best=best.pth
2026-03-18 21:25:16,460 | INFO | New best model! Val loss: 0.011106
2026-03-18 21:25:17,283 | INFO | Checkpoint saved: latest=latest.pth
2026-03-18 21:29:33,269 | INFO | [Epoch 99] Train - loss=0.0044 | psnr=23.6556 | ssim=0.8976 | mae_cp=0.0266 | corr_cp=0.8906 | gradw=0.0324 | gradcp=0.0268 | fluence=0.5465 | LR=8.0e-05
2026-03-18 21:29:49,179 | INFO | [Epoch 99] Val - loss=0.0111 | psnr=19.7226 | ssim=0.8255 | mae_cp=0.0420 | corr_cp=0.8337 | gradw=0.0448 | gradcp=0.0345 | fluence=1.1499 | LR=8.0e-05
2026-03-18 21:29:50,789 | INFO | Checkpoints saved: latest=latest.pth, best=best.pth
2026-03-18 21:29:50,789 | INFO | New best model! Val loss: 0.011105
2026-03-18 21:29:51,590 | INFO | Checkpoint saved: latest=latest.pth
2026-03-18 21:29:51,592 | INFO | Training completed!
