2026-03-18 09:28:51,391 | INFO | Model built: 10.93M parameters
2026-03-18 09:28:51,396 | INFO | Model initialized successfully
2026-03-18 09:28:51,396 | INFO | ==================================================
2026-03-18 09:28:51,396 | INFO | Configuration:
2026-03-18 09:28:51,396 | INFO | ==================================================
2026-03-18 09:28:51,397 | INFO | 
[data]
2026-03-18 09:28:51,397 | INFO |   path: /mnt/LeGrosDisque/Julien/sianogramme/JUJU
2026-03-18 09:28:51,397 | INFO |   split_json: /mnt/LeGrosDisque/Julien/sianogramme/JUJU/split_manifest.json
2026-03-18 09:28:51,397 | INFO |   ratio: 0.9
2026-03-18 09:28:51,397 | INFO |   random_seed: 44
2026-03-18 09:28:51,397 | INFO |   batch_size: 6
2026-03-18 09:28:51,397 | INFO |   num_workers: 3
2026-03-18 09:28:51,397 | INFO |   L: None
2026-03-18 09:28:51,397 | INFO |   W_in: 64
2026-03-18 09:28:51,397 | INFO |   W: 64
2026-03-18 09:28:51,397 | INFO |   augment: True
2026-03-18 09:28:51,397 | INFO |   cp_unit: 12
2026-03-18 09:28:51,397 | INFO |   cp_height: 12
2026-03-18 09:28:51,397 | INFO |   cp_height_px: 12
2026-03-18 09:28:51,397 | INFO |   split_in_two: False
2026-03-18 09:28:51,397 | INFO |   patch_cp: 512
2026-03-18 09:28:51,397 | INFO |   jitter_cp: 64
2026-03-18 09:28:51,397 | INFO | 
[model]
2026-03-18 09:28:51,397 | INFO |   model_name: unet-simple
2026-03-18 09:28:51,397 | INFO |   in_ch_drr: 16
2026-03-18 09:28:51,397 | INFO |   out_ch: 1
2026-03-18 09:28:51,397 | INFO |   base_ch: 64
2026-03-18 09:28:51,397 | INFO |   depth: 4
2026-03-18 09:28:51,397 | INFO |   num_groups: 8
2026-03-18 09:28:51,397 | INFO |   film_extra_dim: 7
2026-03-18 09:28:51,397 | INFO |   use_sincos_angles: True
2026-03-18 09:28:51,397 | INFO |   film_hidden: 512
2026-03-18 09:28:51,397 | INFO |   film_embed_dim: 32
2026-03-18 09:28:51,397 | INFO |   film_embed_hidden: 64
2026-03-18 09:28:51,397 | INFO |   use_film_all_levels: True
2026-03-18 09:28:51,397 | INFO |   film_on_decoder: False
2026-03-18 09:28:51,397 | INFO |   stem_pre_k: 3
2026-03-18 09:28:51,398 | INFO |   shoulder_gate: True
2026-03-18 09:28:51,398 | INFO |   shoulder_oar_index_in_oars: 9
2026-03-18 09:28:51,398 | INFO |   use_resblocks: True
2026-03-18 09:28:51,398 | INFO |   res_dropout: 0.0
2026-03-18 09:28:51,398 | INFO |   bneck_dilated_blocks: 1
2026-03-18 09:28:51,398 | INFO |   bneck_dropout: 0.05
2026-03-18 09:28:51,398 | INFO |   bneck_horiz_blocks: 1
2026-03-18 09:28:51,398 | INFO |   bneck_horiz_k: 11
2026-03-18 09:28:51,398 | INFO |   bneck_horiz_dropout: 0.05
2026-03-18 09:28:51,398 | INFO |   use_transformer: False
2026-03-18 09:28:51,398 | INFO |   d_model: 256
2026-03-18 09:28:51,398 | INFO |   nhead: 8
2026-03-18 09:28:51,398 | INFO |   mlp_ratio: 4.0
2026-03-18 09:28:51,398 | INFO |   transformer_layers: 4
2026-03-18 09:28:51,398 | INFO |   use_ckpt: False
2026-03-18 09:28:51,398 | INFO |   pool_w_levels: 0
2026-03-18 09:28:51,398 | INFO |   pool_w_factor: 2
2026-03-18 09:28:51,398 | INFO |   shape_debug: False
2026-03-18 09:28:51,398 | INFO | 
[training]
2026-03-18 09:28:51,398 | INFO |   n_epochs: 100
2026-03-18 09:28:51,398 | INFO |   learning_rate: 8e-05
2026-03-18 09:28:51,398 | INFO |   weight_decay: 1e-05
2026-03-18 09:28:51,398 | INFO |   accum_steps: 4
2026-03-18 09:28:51,398 | INFO |   use_amp: True
2026-03-18 09:28:51,398 | INFO |   amp_dtype: bf16
2026-03-18 09:28:51,398 | INFO |   clip_grad_norm: 0.5
2026-03-18 09:28:51,398 | INFO |   scheduler_patience: 5
2026-03-18 09:28:51,398 | INFO |   scheduler_factor: 0.5
2026-03-18 09:28:51,398 | INFO |   scheduler_min_lr: 1e-07
2026-03-18 09:28:51,398 | INFO |   scheduler_threshold: 0.0001
2026-03-18 09:28:51,398 | INFO |   scheduler_cooldown: 2
2026-03-18 09:28:51,398 | INFO |   use_ema: True
2026-03-18 09:28:51,399 | INFO |   ema_decay: 0.9995
2026-03-18 09:28:51,399 | INFO |   save_epoch_freq: 5
2026-03-18 09:28:51,399 | INFO |   validation_freq: 1
2026-03-18 09:28:51,399 | INFO |   save_best: True
2026-03-18 09:28:51,399 | INFO |   best_metric: val_loss
2026-03-18 09:28:51,399 | INFO |   visual_epoch_train: 1
2026-03-18 09:28:51,399 | INFO |   visual_epoch_val: 1
2026-03-18 09:28:51,399 | INFO |   visual_batch_train: 100
2026-03-18 09:28:51,399 | INFO |   visual_batch_val: 10
2026-03-18 09:28:51,399 | INFO |   dose_min_gy: 49.0
2026-03-18 09:28:51,399 | INFO |   dose_max_gy: 70.0
2026-03-18 09:28:51,399 | INFO |   cp_dur_min_sec: 0.285
2026-03-18 09:28:51,399 | INFO |   cp_dur_max_sec: 0.43
2026-03-18 09:28:51,399 | INFO |   film_with_presence: True
2026-03-18 09:28:51,399 | INFO |   log_extra_metrics: True
2026-03-18 09:28:51,399 | INFO |   wmae_alpha: 0.5
2026-03-18 09:28:51,399 | INFO | device: cuda
2026-03-18 09:28:51,399 | INFO | expr_dir: /home/oussama/PycharmProjects/sianogram/runs/20260318_092837__juju__loss=MSELoss__seed=44__sha=c41fe7ce
2026-03-18 09:28:51,399 | INFO | resume: False
2026-03-18 09:28:51,399 | INFO | checkpoint_path: None
2026-03-18 09:28:51,399 | INFO | ==================================================
2026-03-18 09:39:41,050 | INFO | [Epoch 0] Train - loss=0.0357 | psnr=16.0977 | ssim=0.4589 | mae_cp=0.0837 | corr_cp=0.6558 | gradw=0.0546 | gradcp=0.0418 | fluence=2.5810 | LR=8.0e-05
2026-03-18 09:40:10,036 | INFO | [Epoch 0] Val - loss=0.0884 | psnr=12.7558 | ssim=0.1861 | mae_cp=0.1264 | corr_cp=0.2568 | gradw=0.0969 | gradcp=0.0749 | fluence=2.9595 | LR=8.0e-05
2026-03-18 09:40:10,605 | INFO | Checkpoints saved: latest=latest.pth, best=best.pth
2026-03-18 09:40:10,605 | INFO | New best model! Val loss: 0.088361
2026-03-18 09:40:11,214 | INFO | Checkpoint saved: latest=latest.pth
2026-03-18 09:46:50,939 | INFO | [Epoch 1] Train - loss=0.0159 | psnr=18.0781 | ssim=0.6306 | mae_cp=0.0579 | corr_cp=0.7675 | gradw=0.0478 | gradcp=0.0369 | fluence=1.5672 | LR=8.0e-05
2026-03-18 09:47:06,192 | INFO | [Epoch 1] Val - loss=0.0681 | psnr=13.0984 | ssim=0.1639 | mae_cp=0.1249 | corr_cp=0.3257 | gradw=0.0948 | gradcp=0.0744 | fluence=3.0179 | LR=8.0e-05
2026-03-18 09:47:15,568 | INFO | Checkpoints saved: latest=latest.pth, best=best.pth
2026-03-18 09:47:15,568 | INFO | New best model! Val loss: 0.068071
2026-03-18 09:47:20,545 | INFO | Checkpoint saved: latest=latest.pth
2026-03-18 09:52:36,536 | INFO | [Epoch 2] Train - loss=0.0139 | psnr=18.6498 | ssim=0.6868 | mae_cp=0.0526 | corr_cp=0.7907 | gradw=0.0457 | gradcp=0.0357 | fluence=1.4147 | LR=8.0e-05
2026-03-18 09:53:06,932 | INFO | [Epoch 2] Val - loss=0.0577 | psnr=13.6036 | ssim=0.1749 | mae_cp=0.1165 | corr_cp=0.3538 | gradw=0.0877 | gradcp=0.0693 | fluence=2.7658 | LR=8.0e-05
2026-03-18 09:53:17,500 | INFO | Checkpoints saved: latest=latest.pth, best=best.pth
2026-03-18 09:53:17,501 | INFO | New best model! Val loss: 0.057707
2026-03-18 09:53:22,941 | INFO | Checkpoint saved: latest=latest.pth
2026-03-18 10:01:13,433 | INFO | [Epoch 3] Train - loss=0.0127 | psnr=19.0222 | ssim=0.7292 | mae_cp=0.0493 | corr_cp=0.8023 | gradw=0.0445 | gradcp=0.0349 | fluence=1.3143 | LR=8.0e-05
2026-03-18 10:01:28,615 | INFO | [Epoch 3] Val - loss=0.0503 | psnr=14.0143 | ssim=0.2043 | mae_cp=0.1090 | corr_cp=0.3900 | gradw=0.0824 | gradcp=0.0651 | fluence=2.5931 | LR=8.0e-05
2026-03-18 10:01:30,662 | INFO | Checkpoints saved: latest=latest.pth, best=best.pth
2026-03-18 10:01:30,663 | INFO | New best model! Val loss: 0.050266
2026-03-18 10:01:31,594 | INFO | Checkpoint saved: latest=latest.pth
2026-03-18 10:08:31,393 | INFO | [Epoch 4] Train - loss=0.0122 | psnr=19.2085 | ssim=0.7414 | mae_cp=0.0481 | corr_cp=0.8081 | gradw=0.0437 | gradcp=0.0344 | fluence=1.2937 | LR=8.0e-05
2026-03-18 10:09:00,473 | INFO | [Epoch 4] Val - loss=0.0448 | psnr=14.3663 | ssim=0.2409 | mae_cp=0.1024 | corr_cp=0.4299 | gradw=0.0783 | gradcp=0.0617 | fluence=2.4662 | LR=8.0e-05
2026-03-18 10:09:04,371 | INFO | Checkpoints saved: latest=latest.pth, best=best.pth
2026-03-18 10:09:04,371 | INFO | New best model! Val loss: 0.044778
2026-03-18 10:09:06,634 | INFO | Checkpoint saved: latest=latest.pth
2026-03-18 10:16:46,370 | INFO | [Epoch 5] Train - loss=0.0116 | psnr=19.4258 | ssim=0.7614 | mae_cp=0.0465 | corr_cp=0.8154 | gradw=0.0429 | gradcp=0.0339 | fluence=1.2425 | LR=8.0e-05
2026-03-18 10:17:00,330 | INFO | [Epoch 5] Val - loss=0.0405 | psnr=14.6695 | ssim=0.2773 | mae_cp=0.0971 | corr_cp=0.4685 | gradw=0.0751 | gradcp=0.0590 | fluence=2.3708 | LR=8.0e-05
2026-03-18 10:17:06,922 | INFO | Checkpoints saved: latest=latest.pth, best=best.pth
2026-03-18 10:17:06,923 | INFO | New best model! Val loss: 0.040464
2026-03-18 10:17:08,393 | INFO | Checkpoint saved: latest=latest.pth
2026-03-18 10:23:41,692 | INFO | [Epoch 6] Train - loss=0.0113 | psnr=19.5296 | ssim=0.7705 | mae_cp=0.0457 | corr_cp=0.8179 | gradw=0.0427 | gradcp=0.0338 | fluence=1.2119 | LR=8.0e-05
2026-03-18 10:24:10,379 | INFO | [Epoch 6] Val - loss=0.0371 | psnr=14.9357 | ssim=0.3046 | mae_cp=0.0930 | corr_cp=0.5029 | gradw=0.0726 | gradcp=0.0567 | fluence=2.2899 | LR=8.0e-05
2026-03-18 10:24:13,237 | INFO | Checkpoints saved: latest=latest.pth, best=best.pth
2026-03-18 10:24:13,238 | INFO | New best model! Val loss: 0.037135
2026-03-18 10:24:14,405 | INFO | Checkpoint saved: latest=latest.pth
2026-03-18 10:30:57,692 | INFO | [Epoch 7] Train - loss=0.0110 | psnr=19.6667 | ssim=0.7788 | mae_cp=0.0447 | corr_cp=0.8226 | gradw=0.0423 | gradcp=0.0334 | fluence=1.1935 | LR=8.0e-05
2026-03-18 10:31:15,066 | INFO | [Epoch 7] Val - loss=0.0345 | psnr=15.1750 | ssim=0.3190 | mae_cp=0.0898 | corr_cp=0.5325 | gradw=0.0704 | gradcp=0.0548 | fluence=2.2171 | LR=8.0e-05
2026-03-18 10:31:16,962 | INFO | Checkpoints saved: latest=latest.pth, best=best.pth
2026-03-18 10:31:16,963 | INFO | New best model! Val loss: 0.034489
2026-03-18 10:31:17,978 | INFO | Checkpoint saved: latest=latest.pth
2026-03-18 10:39:17,309 | INFO | [Epoch 8] Train - loss=0.0107 | psnr=19.7563 | ssim=0.7828 | mae_cp=0.0442 | corr_cp=0.8240 | gradw=0.0422 | gradcp=0.0334 | fluence=1.1726 | LR=8.0e-05
2026-03-18 10:39:46,647 | INFO | [Epoch 8] Val - loss=0.0323 | psnr=15.3928 | ssim=0.3245 | mae_cp=0.0873 | corr_cp=0.5585 | gradw=0.0686 | gradcp=0.0532 | fluence=2.1513 | LR=8.0e-05
2026-03-18 10:39:52,976 | INFO | Checkpoints saved: latest=latest.pth, best=best.pth
2026-03-18 10:39:52,977 | INFO | New best model! Val loss: 0.032305
2026-03-18 10:39:54,133 | INFO | Checkpoint saved: latest=latest.pth
2026-03-18 10:48:01,251 | INFO | [Epoch 9] Train - loss=0.0106 | psnr=19.8190 | ssim=0.7832 | mae_cp=0.0438 | corr_cp=0.8267 | gradw=0.0420 | gradcp=0.0332 | fluence=1.1779 | LR=8.0e-05
2026-03-18 10:48:19,630 | INFO | [Epoch 9] Val - loss=0.0305 | psnr=15.5920 | ssim=0.3246 | mae_cp=0.0854 | corr_cp=0.5814 | gradw=0.0670 | gradcp=0.0519 | fluence=2.0947 | LR=8.0e-05
2026-03-18 10:48:26,147 | INFO | Checkpoints saved: latest=latest.pth, best=best.pth
2026-03-18 10:48:26,147 | INFO | New best model! Val loss: 0.030471
2026-03-18 10:48:27,797 | INFO | Checkpoint saved: latest=latest.pth
2026-03-18 10:55:07,850 | INFO | [Epoch 10] Train - loss=0.0103 | psnr=19.9514 | ssim=0.7949 | mae_cp=0.0430 | corr_cp=0.8292 | gradw=0.0414 | gradcp=0.0328 | fluence=1.1421 | LR=8.0e-05
2026-03-18 10:55:37,007 | INFO | [Epoch 10] Val - loss=0.0290 | psnr=15.7742 | ssim=0.3214 | mae_cp=0.0837 | corr_cp=0.6008 | gradw=0.0656 | gradcp=0.0506 | fluence=2.0441 | LR=8.0e-05
2026-03-18 10:55:38,733 | INFO | Checkpoints saved: latest=latest.pth, best=best.pth
2026-03-18 10:55:38,733 | INFO | New best model! Val loss: 0.028978
2026-03-18 10:55:39,617 | INFO | Checkpoint saved: latest=latest.pth
2026-03-18 11:03:48,812 | INFO | [Epoch 11] Train - loss=0.0100 | psnr=20.0510 | ssim=0.8008 | mae_cp=0.0424 | corr_cp=0.8322 | gradw=0.0410 | gradcp=0.0326 | fluence=1.1240 | LR=8.0e-05
2026-03-18 11:04:08,092 | INFO | [Epoch 11] Val - loss=0.0276 | psnr=15.9464 | ssim=0.3108 | mae_cp=0.0824 | corr_cp=0.6189 | gradw=0.0643 | gradcp=0.0495 | fluence=2.0013 | LR=8.0e-05
2026-03-18 11:04:09,624 | INFO | Checkpoints saved: latest=latest.pth, best=best.pth
2026-03-18 11:04:09,625 | INFO | New best model! Val loss: 0.027644
2026-03-18 11:04:10,308 | INFO | Checkpoint saved: latest=latest.pth
2026-03-18 11:11:15,580 | INFO | [Epoch 12] Train - loss=0.0098 | psnr=20.1552 | ssim=0.8025 | mae_cp=0.0418 | corr_cp=0.8346 | gradw=0.0409 | gradcp=0.0324 | fluence=1.0952 | LR=8.0e-05
2026-03-18 11:11:44,427 | INFO | [Epoch 12] Val - loss=0.0265 | psnr=16.1094 | ssim=0.3008 | mae_cp=0.0813 | corr_cp=0.6353 | gradw=0.0632 | gradcp=0.0486 | fluence=1.9645 | LR=8.0e-05
2026-03-18 11:11:45,855 | INFO | Checkpoints saved: latest=latest.pth, best=best.pth
2026-03-18 11:11:45,855 | INFO | New best model! Val loss: 0.026452
2026-03-18 11:11:46,786 | INFO | Checkpoint saved: latest=latest.pth
2026-03-18 11:19:31,460 | INFO | [Epoch 13] Train - loss=0.0098 | psnr=20.1707 | ssim=0.8011 | mae_cp=0.0418 | corr_cp=0.8349 | gradw=0.0408 | gradcp=0.0324 | fluence=1.1009 | LR=8.0e-05
2026-03-18 11:19:51,845 | INFO | [Epoch 13] Val - loss=0.0255 | psnr=16.2593 | ssim=0.2963 | mae_cp=0.0802 | corr_cp=0.6494 | gradw=0.0622 | gradcp=0.0476 | fluence=1.9322 | LR=8.0e-05
2026-03-18 11:19:57,812 | INFO | Checkpoints saved: latest=latest.pth, best=best.pth
2026-03-18 11:19:57,813 | INFO | New best model! Val loss: 0.025451
2026-03-18 11:20:00,981 | INFO | Checkpoint saved: latest=latest.pth
2026-03-18 11:26:40,503 | INFO | [Epoch 14] Train - loss=0.0096 | psnr=20.2539 | ssim=0.8090 | mae_cp=0.0413 | corr_cp=0.8369 | gradw=0.0408 | gradcp=0.0325 | fluence=1.0848 | LR=8.0e-05
2026-03-18 11:27:08,682 | INFO | [Epoch 14] Val - loss=0.0246 | psnr=16.3956 | ssim=0.2894 | mae_cp=0.0793 | corr_cp=0.6616 | gradw=0.0612 | gradcp=0.0468 | fluence=1.9054 | LR=8.0e-05
2026-03-18 11:27:19,067 | INFO | Checkpoints saved: latest=latest.pth, best=best.pth
2026-03-18 11:27:19,068 | INFO | New best model! Val loss: 0.024597
2026-03-18 11:27:24,595 | INFO | Checkpoint saved: latest=latest.pth
2026-03-18 11:34:30,819 | INFO | [Epoch 15] Train - loss=0.0094 | psnr=20.3191 | ssim=0.8106 | mae_cp=0.0408 | corr_cp=0.8362 | gradw=0.0404 | gradcp=0.0321 | fluence=1.0748 | LR=8.0e-05
2026-03-18 11:34:53,228 | INFO | [Epoch 15] Val - loss=0.0238 | psnr=16.5255 | ssim=0.2854 | mae_cp=0.0784 | corr_cp=0.6727 | gradw=0.0603 | gradcp=0.0461 | fluence=1.8818 | LR=8.0e-05
2026-03-18 11:35:00,328 | INFO | Checkpoints saved: latest=latest.pth, best=best.pth
2026-03-18 11:35:00,328 | INFO | New best model! Val loss: 0.023827
2026-03-18 11:35:03,393 | INFO | Checkpoint saved: latest=latest.pth
2026-03-18 11:41:26,036 | INFO | [Epoch 16] Train - loss=0.0093 | psnr=20.3836 | ssim=0.8060 | mae_cp=0.0407 | corr_cp=0.8378 | gradw=0.0404 | gradcp=0.0322 | fluence=1.0595 | LR=8.0e-05
2026-03-18 11:41:49,294 | INFO | [Epoch 16] Val - loss=0.0231 | psnr=16.6456 | ssim=0.2808 | mae_cp=0.0778 | corr_cp=0.6825 | gradw=0.0595 | gradcp=0.0454 | fluence=1.8635 | LR=8.0e-05
2026-03-18 11:41:56,423 | INFO | Checkpoints saved: latest=latest.pth, best=best.pth
2026-03-18 11:41:56,424 | INFO | New best model! Val loss: 0.023138
2026-03-18 11:41:59,938 | INFO | Checkpoint saved: latest=latest.pth
2026-03-18 11:49:31,273 | INFO | [Epoch 17] Train - loss=0.0092 | psnr=20.4353 | ssim=0.8144 | mae_cp=0.0402 | corr_cp=0.8399 | gradw=0.0402 | gradcp=0.0320 | fluence=1.0577 | LR=8.0e-05
2026-03-18 11:49:58,276 | INFO | [Epoch 17] Val - loss=0.0225 | psnr=16.7614 | ssim=0.2788 | mae_cp=0.0771 | corr_cp=0.6915 | gradw=0.0588 | gradcp=0.0448 | fluence=1.8484 | LR=8.0e-05
2026-03-18 11:50:01,349 | INFO | Checkpoints saved: latest=latest.pth, best=best.pth
2026-03-18 11:50:01,350 | INFO | New best model! Val loss: 0.022506
2026-03-18 11:50:04,077 | INFO | Checkpoint saved: latest=latest.pth
2026-03-18 11:58:04,030 | INFO | [Epoch 18] Train - loss=0.0087 | psnr=20.6415 | ssim=0.8204 | mae_cp=0.0393 | corr_cp=0.8440 | gradw=0.0393 | gradcp=0.0315 | fluence=1.0101 | LR=8.0e-05
2026-03-18 11:58:29,526 | INFO | [Epoch 18] Val - loss=0.0219 | psnr=16.8685 | ssim=0.2792 | mae_cp=0.0765 | corr_cp=0.6995 | gradw=0.0582 | gradcp=0.0442 | fluence=1.8355 | LR=8.0e-05
2026-03-18 11:58:37,622 | INFO | Checkpoints saved: latest=latest.pth, best=best.pth
2026-03-18 11:58:37,623 | INFO | New best model! Val loss: 0.021928
2026-03-18 11:58:40,484 | INFO | Checkpoint saved: latest=latest.pth
2026-03-18 12:07:02,726 | INFO | [Epoch 19] Train - loss=0.0088 | psnr=20.6389 | ssim=0.8197 | mae_cp=0.0392 | corr_cp=0.8442 | gradw=0.0395 | gradcp=0.0316 | fluence=1.0124 | LR=8.0e-05
2026-03-18 12:07:26,453 | INFO | [Epoch 19] Val - loss=0.0214 | psnr=16.9763 | ssim=0.2816 | mae_cp=0.0758 | corr_cp=0.7073 | gradw=0.0576 | gradcp=0.0438 | fluence=1.8239 | LR=8.0e-05
2026-03-18 12:07:31,746 | INFO | Checkpoints saved: latest=latest.pth, best=best.pth
2026-03-18 12:07:31,747 | INFO | New best model! Val loss: 0.021365
2026-03-18 12:07:33,396 | INFO | Checkpoint saved: latest=latest.pth
2026-03-18 12:15:11,549 | INFO | [Epoch 20] Train - loss=0.0087 | psnr=20.6974 | ssim=0.8242 | mae_cp=0.0389 | corr_cp=0.8449 | gradw=0.0396 | gradcp=0.0316 | fluence=0.9887 | LR=8.0e-05
2026-03-18 12:15:40,534 | INFO | [Epoch 20] Val - loss=0.0209 | psnr=17.0729 | ssim=0.2842 | mae_cp=0.0752 | corr_cp=0.7139 | gradw=0.0570 | gradcp=0.0433 | fluence=1.8136 | LR=8.0e-05
2026-03-18 12:15:43,149 | INFO | Checkpoints saved: latest=latest.pth, best=best.pth
2026-03-18 12:15:43,149 | INFO | New best model! Val loss: 0.020886
2026-03-18 12:15:44,260 | INFO | Checkpoint saved: latest=latest.pth
2026-03-18 12:24:17,171 | INFO | [Epoch 21] Train - loss=0.0084 | psnr=20.8053 | ssim=0.8241 | mae_cp=0.0385 | corr_cp=0.8468 | gradw=0.0393 | gradcp=0.0315 | fluence=0.9656 | LR=8.0e-05
2026-03-18 12:24:41,901 | INFO | [Epoch 21] Val - loss=0.0204 | psnr=17.1673 | ssim=0.2859 | mae_cp=0.0747 | corr_cp=0.7201 | gradw=0.0565 | gradcp=0.0429 | fluence=1.8031 | LR=8.0e-05
2026-03-18 12:24:48,139 | INFO | Checkpoints saved: latest=latest.pth, best=best.pth
2026-03-18 12:24:48,140 | INFO | New best model! Val loss: 0.020431
2026-03-18 12:24:50,165 | INFO | Checkpoint saved: latest=latest.pth
2026-03-18 12:32:23,022 | INFO | [Epoch 22] Train - loss=0.0083 | psnr=20.8548 | ssim=0.8287 | mae_cp=0.0382 | corr_cp=0.8471 | gradw=0.0393 | gradcp=0.0315 | fluence=0.9571 | LR=8.0e-05
2026-03-18 12:32:53,249 | INFO | [Epoch 22] Val - loss=0.0200 | psnr=17.2580 | ssim=0.2916 | mae_cp=0.0739 | corr_cp=0.7254 | gradw=0.0560 | gradcp=0.0424 | fluence=1.7796 | LR=8.0e-05
2026-03-18 12:32:55,121 | INFO | Checkpoints saved: latest=latest.pth, best=best.pth
2026-03-18 12:32:55,121 | INFO | New best model! Val loss: 0.020020
2026-03-18 12:32:56,086 | INFO | Checkpoint saved: latest=latest.pth
2026-03-18 12:40:27,577 | INFO | [Epoch 23] Train - loss=0.0082 | psnr=20.9322 | ssim=0.8303 | mae_cp=0.0378 | corr_cp=0.8488 | gradw=0.0389 | gradcp=0.0312 | fluence=0.9457 | LR=8.0e-05
2026-03-18 12:40:52,639 | INFO | [Epoch 23] Val - loss=0.0196 | psnr=17.3461 | ssim=0.2953 | mae_cp=0.0733 | corr_cp=0.7308 | gradw=0.0556 | gradcp=0.0421 | fluence=1.7721 | LR=8.0e-05
2026-03-18 12:40:57,774 | INFO | Checkpoints saved: latest=latest.pth, best=best.pth
2026-03-18 12:40:57,774 | INFO | New best model! Val loss: 0.019604
2026-03-18 12:40:59,037 | INFO | Checkpoint saved: latest=latest.pth
2026-03-18 12:48:09,960 | INFO | [Epoch 24] Train - loss=0.0082 | psnr=20.9259 | ssim=0.8272 | mae_cp=0.0380 | corr_cp=0.8493 | gradw=0.0393 | gradcp=0.0315 | fluence=0.9424 | LR=8.0e-05
2026-03-18 12:48:39,719 | INFO | [Epoch 24] Val - loss=0.0192 | psnr=17.4348 | ssim=0.3027 | mae_cp=0.0725 | corr_cp=0.7359 | gradw=0.0552 | gradcp=0.0418 | fluence=1.7557 | LR=8.0e-05
2026-03-18 12:48:40,943 | INFO | Checkpoints saved: latest=latest.pth, best=best.pth
2026-03-18 12:48:40,944 | INFO | New best model! Val loss: 0.019205
2026-03-18 12:48:41,594 | INFO | Checkpoint saved: latest=latest.pth
2026-03-18 12:56:17,276 | INFO | [Epoch 25] Train - loss=0.0079 | psnr=21.0958 | ssim=0.8332 | mae_cp=0.0371 | corr_cp=0.8517 | gradw=0.0387 | gradcp=0.0310 | fluence=0.9033 | LR=8.0e-05
2026-03-18 12:56:45,012 | INFO | [Epoch 25] Val - loss=0.0188 | psnr=17.5186 | ssim=0.3093 | mae_cp=0.0718 | corr_cp=0.7406 | gradw=0.0549 | gradcp=0.0415 | fluence=1.7442 | LR=8.0e-05
2026-03-18 12:56:46,292 | INFO | Checkpoints saved: latest=latest.pth, best=best.pth
2026-03-18 12:56:46,292 | INFO | New best model! Val loss: 0.018826
2026-03-18 12:56:47,149 | INFO | Checkpoint saved: latest=latest.pth
2026-03-18 13:04:19,585 | INFO | [Epoch 26] Train - loss=0.0078 | psnr=21.1302 | ssim=0.8356 | mae_cp=0.0369 | corr_cp=0.8527 | gradw=0.0386 | gradcp=0.0310 | fluence=0.8985 | LR=8.0e-05
2026-03-18 13:04:49,672 | INFO | [Epoch 26] Val - loss=0.0184 | psnr=17.6036 | ssim=0.3167 | mae_cp=0.0710 | corr_cp=0.7453 | gradw=0.0545 | gradcp=0.0412 | fluence=1.7318 | LR=8.0e-05
2026-03-18 13:04:53,719 | INFO | Checkpoints saved: latest=latest.pth, best=best.pth
2026-03-18 13:04:53,720 | INFO | New best model! Val loss: 0.018447
2026-03-18 13:04:56,319 | INFO | Checkpoint saved: latest=latest.pth
2026-03-18 13:12:53,668 | INFO | [Epoch 27] Train - loss=0.0077 | psnr=21.1939 | ssim=0.8360 | mae_cp=0.0366 | corr_cp=0.8515 | gradw=0.0384 | gradcp=0.0308 | fluence=0.8882 | LR=8.0e-05
2026-03-18 13:13:21,629 | INFO | [Epoch 27] Val - loss=0.0181 | psnr=17.6846 | ssim=0.3253 | mae_cp=0.0702 | corr_cp=0.7495 | gradw=0.0542 | gradcp=0.0409 | fluence=1.7156 | LR=8.0e-05
2026-03-18 13:13:27,192 | INFO | Checkpoints saved: latest=latest.pth, best=best.pth
2026-03-18 13:13:27,192 | INFO | New best model! Val loss: 0.018100
2026-03-18 13:13:30,617 | INFO | Checkpoint saved: latest=latest.pth
2026-03-18 13:21:00,826 | INFO | [Epoch 28] Train - loss=0.0077 | psnr=21.2126 | ssim=0.8388 | mae_cp=0.0364 | corr_cp=0.8538 | gradw=0.0387 | gradcp=0.0311 | fluence=0.8659 | LR=8.0e-05
2026-03-18 13:21:31,105 | INFO | [Epoch 28] Val - loss=0.0178 | psnr=17.7612 | ssim=0.3328 | mae_cp=0.0695 | corr_cp=0.7534 | gradw=0.0539 | gradcp=0.0407 | fluence=1.7049 | LR=8.0e-05
2026-03-18 13:21:40,957 | INFO | Checkpoints saved: latest=latest.pth, best=best.pth
2026-03-18 13:21:40,958 | INFO | New best model! Val loss: 0.017773
2026-03-18 13:21:46,332 | INFO | Checkpoint saved: latest=latest.pth
2026-03-18 13:29:09,159 | INFO | [Epoch 29] Train - loss=0.0074 | psnr=21.3798 | ssim=0.8406 | mae_cp=0.0357 | corr_cp=0.8563 | gradw=0.0379 | gradcp=0.0305 | fluence=0.8528 | LR=8.0e-05
2026-03-18 13:29:28,191 | INFO | [Epoch 29] Val - loss=0.0174 | psnr=17.8384 | ssim=0.3399 | mae_cp=0.0688 | corr_cp=0.7573 | gradw=0.0536 | gradcp=0.0405 | fluence=1.6946 | LR=8.0e-05
2026-03-18 13:29:33,275 | INFO | Checkpoints saved: latest=latest.pth, best=best.pth
2026-03-18 13:29:33,276 | INFO | New best model! Val loss: 0.017448
2026-03-18 13:29:35,441 | INFO | Checkpoint saved: latest=latest.pth
2026-03-18 13:36:37,900 | INFO | [Epoch 30] Train - loss=0.0074 | psnr=21.3764 | ssim=0.8428 | mae_cp=0.0357 | corr_cp=0.8561 | gradw=0.0383 | gradcp=0.0308 | fluence=0.8371 | LR=8.0e-05
2026-03-18 13:37:07,157 | INFO | [Epoch 30] Val - loss=0.0171 | psnr=17.9146 | ssim=0.3501 | mae_cp=0.0678 | corr_cp=0.7610 | gradw=0.0533 | gradcp=0.0402 | fluence=1.6763 | LR=8.0e-05
2026-03-18 13:37:15,293 | INFO | Checkpoints saved: latest=latest.pth, best=best.pth
2026-03-18 13:37:15,294 | INFO | New best model! Val loss: 0.017139
2026-03-18 13:37:19,967 | INFO | Checkpoint saved: latest=latest.pth
2026-03-18 13:44:52,788 | INFO | [Epoch 31] Train - loss=0.0072 | psnr=21.5032 | ssim=0.8464 | mae_cp=0.0352 | corr_cp=0.8575 | gradw=0.0378 | gradcp=0.0305 | fluence=0.8199 | LR=8.0e-05
2026-03-18 13:45:12,507 | INFO | [Epoch 31] Val - loss=0.0168 | psnr=17.9907 | ssim=0.3599 | mae_cp=0.0669 | corr_cp=0.7644 | gradw=0.0531 | gradcp=0.0400 | fluence=1.6541 | LR=8.0e-05
2026-03-18 13:45:22,298 | INFO | Checkpoints saved: latest=latest.pth, best=best.pth
2026-03-18 13:45:22,298 | INFO | New best model! Val loss: 0.016836
2026-03-18 13:45:26,165 | INFO | Checkpoint saved: latest=latest.pth
2026-03-18 13:52:51,129 | INFO | [Epoch 32] Train - loss=0.0071 | psnr=21.5823 | ssim=0.8470 | mae_cp=0.0349 | corr_cp=0.8594 | gradw=0.0376 | gradcp=0.0304 | fluence=0.8102 | LR=8.0e-05
2026-03-18 13:53:20,587 | INFO | [Epoch 32] Val - loss=0.0165 | psnr=18.0664 | ssim=0.3729 | mae_cp=0.0658 | corr_cp=0.7680 | gradw=0.0528 | gradcp=0.0398 | fluence=1.6330 | LR=8.0e-05
2026-03-18 13:53:24,614 | INFO | Checkpoints saved: latest=latest.pth, best=best.pth
2026-03-18 13:53:24,614 | INFO | New best model! Val loss: 0.016537
2026-03-18 13:53:26,251 | INFO | Checkpoint saved: latest=latest.pth
2026-03-18 14:01:38,891 | INFO | [Epoch 33] Train - loss=0.0071 | psnr=21.5569 | ssim=0.8482 | mae_cp=0.0350 | corr_cp=0.8583 | gradw=0.0376 | gradcp=0.0304 | fluence=0.8195 | LR=8.0e-05
2026-03-18 14:02:01,073 | INFO | [Epoch 33] Val - loss=0.0162 | psnr=18.1419 | ssim=0.3854 | mae_cp=0.0647 | corr_cp=0.7713 | gradw=0.0526 | gradcp=0.0396 | fluence=1.6103 | LR=8.0e-05
2026-03-18 14:02:09,021 | INFO | Checkpoints saved: latest=latest.pth, best=best.pth
2026-03-18 14:02:09,022 | INFO | New best model! Val loss: 0.016247
2026-03-18 14:02:10,814 | INFO | Checkpoint saved: latest=latest.pth
2026-03-18 14:10:19,252 | INFO | [Epoch 34] Train - loss=0.0070 | psnr=21.6154 | ssim=0.8482 | mae_cp=0.0346 | corr_cp=0.8583 | gradw=0.0373 | gradcp=0.0301 | fluence=0.8034 | LR=8.0e-05
2026-03-18 14:10:50,158 | INFO | [Epoch 34] Val - loss=0.0160 | psnr=18.2132 | ssim=0.3978 | mae_cp=0.0637 | corr_cp=0.7743 | gradw=0.0523 | gradcp=0.0394 | fluence=1.5814 | LR=8.0e-05
2026-03-18 14:10:51,721 | INFO | Checkpoints saved: latest=latest.pth, best=best.pth
2026-03-18 14:10:51,721 | INFO | New best model! Val loss: 0.015985
2026-03-18 14:10:52,476 | INFO | Checkpoint saved: latest=latest.pth
2026-03-18 14:18:22,693 | INFO | [Epoch 35] Train - loss=0.0068 | psnr=21.7262 | ssim=0.8506 | mae_cp=0.0343 | corr_cp=0.8616 | gradw=0.0372 | gradcp=0.0301 | fluence=0.7905 | LR=8.0e-05
2026-03-18 14:18:44,439 | INFO | [Epoch 35] Val - loss=0.0157 | psnr=18.2835 | ssim=0.4091 | mae_cp=0.0627 | corr_cp=0.7772 | gradw=0.0520 | gradcp=0.0392 | fluence=1.5573 | LR=8.0e-05
2026-03-18 14:18:47,206 | INFO | Checkpoints saved: latest=latest.pth, best=best.pth
2026-03-18 14:18:47,206 | INFO | New best model! Val loss: 0.015726
2026-03-18 14:18:49,188 | INFO | Checkpoint saved: latest=latest.pth
2026-03-18 14:25:53,587 | INFO | [Epoch 36] Train - loss=0.0068 | psnr=21.7854 | ssim=0.8540 | mae_cp=0.0340 | corr_cp=0.8625 | gradw=0.0373 | gradcp=0.0302 | fluence=0.7650 | LR=8.0e-05
2026-03-18 14:26:23,485 | INFO | [Epoch 36] Val - loss=0.0155 | psnr=18.3499 | ssim=0.4220 | mae_cp=0.0617 | corr_cp=0.7800 | gradw=0.0518 | gradcp=0.0390 | fluence=1.5344 | LR=8.0e-05
2026-03-18 14:26:26,012 | INFO | Checkpoints saved: latest=latest.pth, best=best.pth
2026-03-18 14:26:26,013 | INFO | New best model! Val loss: 0.015476
2026-03-18 14:26:27,032 | INFO | Checkpoint saved: latest=latest.pth
2026-03-18 14:33:53,180 | INFO | [Epoch 37] Train - loss=0.0068 | psnr=21.7347 | ssim=0.8508 | mae_cp=0.0342 | corr_cp=0.8613 | gradw=0.0373 | gradcp=0.0302 | fluence=0.7890 | LR=8.0e-05
2026-03-18 14:34:16,926 | INFO | [Epoch 37] Val - loss=0.0153 | psnr=18.4106 | ssim=0.4338 | mae_cp=0.0609 | corr_cp=0.7825 | gradw=0.0516 | gradcp=0.0388 | fluence=1.5153 | LR=8.0e-05
2026-03-18 14:34:18,066 | INFO | Checkpoints saved: latest=latest.pth, best=best.pth
2026-03-18 14:34:18,067 | INFO | New best model! Val loss: 0.015253
2026-03-18 14:34:18,610 | INFO | Checkpoint saved: latest=latest.pth
2026-03-18 14:41:33,980 | INFO | [Epoch 38] Train - loss=0.0067 | psnr=21.8087 | ssim=0.8535 | mae_cp=0.0338 | corr_cp=0.8629 | gradw=0.0371 | gradcp=0.0300 | fluence=0.7707 | LR=8.0e-05
2026-03-18 14:42:03,820 | INFO | [Epoch 38] Val - loss=0.0150 | psnr=18.4741 | ssim=0.4517 | mae_cp=0.0597 | corr_cp=0.7851 | gradw=0.0513 | gradcp=0.0386 | fluence=1.4893 | LR=8.0e-05
2026-03-18 14:42:04,971 | INFO | Checkpoints saved: latest=latest.pth, best=best.pth
2026-03-18 14:42:04,971 | INFO | New best model! Val loss: 0.015029
2026-03-18 14:42:05,515 | INFO | Checkpoint saved: latest=latest.pth
2026-03-18 14:49:27,598 | INFO | [Epoch 39] Train - loss=0.0065 | psnr=21.9692 | ssim=0.8567 | mae_cp=0.0332 | corr_cp=0.8649 | gradw=0.0368 | gradcp=0.0298 | fluence=0.7390 | LR=8.0e-05
2026-03-18 14:49:50,473 | INFO | [Epoch 39] Val - loss=0.0148 | psnr=18.5320 | ssim=0.4671 | mae_cp=0.0588 | corr_cp=0.7876 | gradw=0.0511 | gradcp=0.0385 | fluence=1.4740 | LR=8.0e-05
2026-03-18 14:49:51,628 | INFO | Checkpoints saved: latest=latest.pth, best=best.pth
2026-03-18 14:49:51,628 | INFO | New best model! Val loss: 0.014817
2026-03-18 14:49:52,191 | INFO | Checkpoint saved: latest=latest.pth
